<?xml version="1.0" encoding="UTF-8"?>
<testsuite name="TestSuite" time="0.871" tests="46" errors="0" skipped="0" failures="45">
  <properties>
    <property name="java.runtime.name" value="Java(TM) SE Runtime Environment"/>
    <property name="sun.boot.library.path" value="C:\Program Files\Java\jre1.8.0_144\bin"/>
    <property name="java.vm.version" value="25.144-b01"/>
    <property name="java.vm.vendor" value="Oracle Corporation"/>
    <property name="maven.multiModuleProjectDirectory" value="C:\Users\rle0210\Downloads\GenesisUIAutomation-mainBranch"/>
    <property name="java.vendor.url" value="http://java.oracle.com/"/>
    <property name="path.separator" value=";"/>
    <property name="guice.disable.misplaced.annotation.check" value="true"/>
    <property name="java.vm.name" value="Java HotSpot(TM) 64-Bit Server VM"/>
    <property name="file.encoding.pkg" value="sun.io"/>
    <property name="user.script" value=""/>
    <property name="user.country" value="US"/>
    <property name="sun.java.launcher" value="SUN_STANDARD"/>
    <property name="sun.os.patch.level" value=""/>
    <property name="java.vm.specification.name" value="Java Virtual Machine Specification"/>
    <property name="user.dir" value="C:\Users\rle0210\Downloads\GenesisUIAutomation-mainBranch"/>
    <property name="java.runtime.version" value="1.8.0_144-b01"/>
    <property name="java.awt.graphicsenv" value="sun.awt.Win32GraphicsEnvironment"/>
    <property name="java.endorsed.dirs" value="C:\Program Files\Java\jre1.8.0_144\lib\endorsed"/>
    <property name="os.arch" value="amd64"/>
    <property name="java.io.tmpdir" value="C:\Users\rle0210\AppData\Local\Temp\"/>
    <property name="line.separator" value="&#10;"/>
    <property name="java.vm.specification.vendor" value="Oracle Corporation"/>
    <property name="user.variant" value=""/>
    <property name="os.name" value="Windows 8.1"/>
    <property name="classworlds.conf" value="C:\Users\rle0210\Desktop\.metadata\.plugins\org.eclipse.m2e.launching\launches\m2conf3203346536548108413.tmp"/>
    <property name="sun.jnu.encoding" value="Cp1252"/>
    <property name="java.library.path" value="C:\Program Files\Java\jre1.8.0_144\bin;C:\Windows\Sun\Java\bin;C:\Windows\system32;C:\Windows;C:/Program Files/Java/jre1.8.0_144/bin/server;C:/Program Files/Java/jre1.8.0_144/bin;C:/Program Files/Java/jre1.8.0_144/lib/amd64;C:\ProgramData\Oracle\Java\javapath;C:\Program Files (x86)\Intel\iCLS Client\;C:\Program Files\Intel\iCLS Client\;C:\Windows\system32;C:\Windows;C:\Windows\System32\Wbem;C:\Windows\System32\WindowsPowerShell\v1.0\;C:\Program Files (x86)\Intel\UCRT\;C:\Program Files\Intel\UCRT\;C:\Program Files (x86)\Intel\Intel(R) Management Engine Components\DAL;C:\Program Files\Intel\Intel(R) Management Engine Components\DAL;C:\Program Files (x86)\Intel\Intel(R) Management Engine Components\IPT;C:\Program Files\Intel\Intel(R) Management Engine Components\IPT;C:\Program Files\Intel\WiFi\bin\;C:\Program Files\Common Files\Intel\WirelessCommon\;C:\Program Files (x86)\Skype\Phone\;C:\Program Files\PuTTY\;C:\Program Files\Java\jdk1.8.0_144\bin;C:\Users\rle0210\Downloads\eclipse-jee-neon-3-win32-x86_64\eclipse;;."/>
    <property name="java.specification.name" value="Java Platform API Specification"/>
    <property name="java.class.version" value="52.0"/>
    <property name="sun.management.compiler" value="HotSpot 64-Bit Tiered Compilers"/>
    <property name="os.version" value="6.3"/>
    <property name="user.home" value="C:\Users\rle0210"/>
    <property name="user.timezone" value="Asia/Calcutta"/>
    <property name="java.awt.printerjob" value="sun.awt.windows.WPrinterJob"/>
    <property name="java.specification.version" value="1.8"/>
    <property name="file.encoding" value="Cp1252"/>
    <property name="user.name" value="RLE0210"/>
    <property name="java.class.path" value="/C:/Users/rle0210/Downloads/eclipse-jee-neon-3-win32-x86_64/eclipse/plugins/org.eclipse.m2e.maven.runtime_1.7.0.20160603-1931/jars/plexus-classworlds-2.5.2.jar"/>
    <property name="java.vm.specification.version" value="1.8"/>
    <property name="sun.arch.data.model" value="64"/>
    <property name="java.home" value="C:\Program Files\Java\jre1.8.0_144"/>
    <property name="sun.java.command" value="org.codehaus.plexus.classworlds.launcher.Launcher -B install"/>
    <property name="java.specification.vendor" value="Oracle Corporation"/>
    <property name="user.language" value="en"/>
    <property name="awt.toolkit" value="sun.awt.windows.WToolkit"/>
    <property name="java.vm.info" value="mixed mode"/>
    <property name="java.version" value="1.8.0_144"/>
    <property name="java.ext.dirs" value="C:\Program Files\Java\jre1.8.0_144\lib\ext;C:\Windows\Sun\Java\lib\ext"/>
    <property name="sun.boot.class.path" value="C:\Program Files\Java\jre1.8.0_144\lib\resources.jar;C:\Program Files\Java\jre1.8.0_144\lib\rt.jar;C:\Program Files\Java\jre1.8.0_144\lib\sunrsasign.jar;C:\Program Files\Java\jre1.8.0_144\lib\jsse.jar;C:\Program Files\Java\jre1.8.0_144\lib\jce.jar;C:\Program Files\Java\jre1.8.0_144\lib\charsets.jar;C:\Program Files\Java\jre1.8.0_144\lib\jfr.jar;C:\Program Files\Java\jre1.8.0_144\classes"/>
    <property name="java.vendor" value="Oracle Corporation"/>
    <property name="maven.home" value="C:\Users\rle0210\Downloads\GenesisUIAutomation-mainBranch\EMBEDDED"/>
    <property name="file.separator" value="\"/>
    <property name="java.vendor.url.bug" value="http://bugreport.sun.com/bugreport/"/>
    <property name="sun.cpu.endian" value="little"/>
    <property name="sun.io.unicode.encoding" value="UnicodeLittle"/>
    <property name="sun.desktop" value="windows"/>
    <property name="sun.cpu.isalist" value="amd64"/>
  </properties>
  <testcase name="loginAsPM" classname="com.dw.api.automation.TestScripts.LoginTest" time="0.076">
    <failure type="java.lang.NullPointerException:">java.lang.NullPointerException: null
	at com.dw.api.automation.libs.FilloExcelUtility.readExcelWithTestName(FilloExcelUtility.java:109)
	at com.dw.api.automation.TestScripts.LoginTest.loginAsPM(LoginTest.java:46)
</failure>
    <system-out><![CDATA[C:\Users\rle0210\Downloads\GenesisUIAutomation-mainBranch/test-output/Reports/Automation-Report .html
extent object value=com.relevantcodes.extentreports.ExtentReports@780cb77
exceldbloc Location=/var/lib/jenkins/jobs/Genesis_API_Automation/workspace/src/test/resources/files/ConfigSheet.xlsx
exceldbloc=/var/lib/jenkins/jobs/Genesis_API_Automation/workspace/src/test/resources/files/ConfigSheet.xlsx
Page Name=login
]]></system-out>
    <system-err><![CDATA[Mar 12, 2018 2:20:42 PM com.relevantcodes.extentreports.ExtentReports loadConfig
WARNING: Unable to perform report configuration. The file C:\var\lib\jenkins\jobs\Genesis_API_Automation\workspace\extent-config.xml was not found.
com.codoid.products.exception.FilloException: Workbook is not found - /var/lib/jenkins/jobs/Genesis_API_Automation/workspace/src/test/resources/files/ConfigSheet.xlsx
	at com.codoid.products.fillo.Fillo.getConnection(Fillo.java:45)
	at com.dw.api.automation.libs.FilloExcelUtility.readExcelWithTestName(FilloExcelUtility.java:98)
	at com.dw.api.automation.TestScripts.LoginTest.loginAsPM(LoginTest.java:46)
	at sun.reflect.NativeMethodAccessorImpl.invoke0(Native Method)
	at sun.reflect.NativeMethodAccessorImpl.invoke(Unknown Source)
	at sun.reflect.DelegatingMethodAccessorImpl.invoke(Unknown Source)
	at java.lang.reflect.Method.invoke(Unknown Source)
	at org.testng.internal.MethodInvocationHelper.invokeMethod(MethodInvocationHelper.java:85)
	at org.testng.internal.Invoker.invokeMethod(Invoker.java:639)
	at org.testng.internal.Invoker.invokeTestMethod(Invoker.java:816)
	at org.testng.internal.Invoker.invokeTestMethods(Invoker.java:1124)
	at org.testng.internal.TestMethodWorker.invokeTestMethods(TestMethodWorker.java:125)
	at org.testng.internal.TestMethodWorker.run(TestMethodWorker.java:108)
	at org.testng.TestRunner.privateRun(TestRunner.java:774)
	at org.testng.TestRunner.run(TestRunner.java:624)
	at org.testng.SuiteRunner.runTest(SuiteRunner.java:359)
	at org.testng.SuiteRunner.runSequentially(SuiteRunner.java:354)
	at org.testng.SuiteRunner.privateRun(SuiteRunner.java:312)
	at org.testng.SuiteRunner.run(SuiteRunner.java:261)
	at org.testng.SuiteRunnerWorker.runSuite(SuiteRunnerWorker.java:52)
	at org.testng.SuiteRunnerWorker.run(SuiteRunnerWorker.java:86)
	at org.testng.TestNG.runSuitesSequentially(TestNG.java:1215)
	at org.testng.TestNG.runSuitesLocally(TestNG.java:1140)
	at org.testng.TestNG.run(TestNG.java:1048)
	at org.apache.maven.surefire.testng.TestNGExecutor.run(TestNGExecutor.java:217)
	at org.apache.maven.surefire.testng.TestNGXmlTestSuite.execute(TestNGXmlTestSuite.java:84)
	at org.apache.maven.surefire.testng.TestNGProvider.invoke(TestNGProvider.java:92)
	at org.apache.maven.surefire.booter.ForkedBooter.invokeProviderInSameClassLoader(ForkedBooter.java:200)
	at org.apache.maven.surefire.booter.ForkedBooter.runSuitesInProcess(ForkedBooter.java:153)
	at org.apache.maven.surefire.booter.ForkedBooter.main(ForkedBooter.java:103)
]]></system-err>
  </testcase>
  <testcase name="loginAsBAM" classname="com.dw.api.automation.TestScripts.LoginTest" time="0.034">
    <failure type="java.lang.NullPointerException:">java.lang.NullPointerException: null
	at com.dw.api.automation.libs.FilloExcelUtility.readExcelWithTestName(FilloExcelUtility.java:109)
	at com.dw.api.automation.TestScripts.LoginTest.loginAsBAM(LoginTest.java:65)
</failure>
    <system-out><![CDATA[java.lang.NullPointerException
	at com.dw.api.automation.libs.FilloExcelUtility.readExcelWithTestName(FilloExcelUtility.java:109)
	at com.dw.api.automation.TestScripts.LoginTest.loginAsPM(LoginTest.java:46)
	at sun.reflect.NativeMethodAccessorImpl.invoke0(Native Method)
	at sun.reflect.NativeMethodAccessorImpl.invoke(Unknown Source)
	at sun.reflect.DelegatingMethodAccessorImpl.invoke(Unknown Source)
	at java.lang.reflect.Method.invoke(Unknown Source)
	at org.testng.internal.MethodInvocationHelper.invokeMethod(MethodInvocationHelper.java:85)
	at org.testng.internal.Invoker.invokeMethod(Invoker.java:639)
	at org.testng.internal.Invoker.invokeTestMethod(Invoker.java:816)
	at org.testng.internal.Invoker.invokeTestMethods(Invoker.java:1124)
	at org.testng.internal.TestMethodWorker.invokeTestMethods(TestMethodWorker.java:125)
	at org.testng.internal.TestMethodWorker.run(TestMethodWorker.java:108)
	at org.testng.TestRunner.privateRun(TestRunner.java:774)
	at org.testng.TestRunner.run(TestRunner.java:624)
	at org.testng.SuiteRunner.runTest(SuiteRunner.java:359)
	at org.testng.SuiteRunner.runSequentially(SuiteRunner.java:354)
	at org.testng.SuiteRunner.privateRun(SuiteRunner.java:312)
	at org.testng.SuiteRunner.run(SuiteRunner.java:261)
	at org.testng.SuiteRunnerWorker.runSuite(SuiteRunnerWorker.java:52)
	at org.testng.SuiteRunnerWorker.run(SuiteRunnerWorker.java:86)
	at org.testng.TestNG.runSuitesSequentially(TestNG.java:1215)
	at org.testng.TestNG.runSuitesLocally(TestNG.java:1140)
	at org.testng.TestNG.run(TestNG.java:1048)
	at org.apache.maven.surefire.testng.TestNGExecutor.run(TestNGExecutor.java:217)
	at org.apache.maven.surefire.testng.TestNGXmlTestSuite.execute(TestNGXmlTestSuite.java:84)
	at org.apache.maven.surefire.testng.TestNGProvider.invoke(TestNGProvider.java:92)
	at org.apache.maven.surefire.booter.ForkedBooter.invokeProviderInSameClassLoader(ForkedBooter.java:200)
	at org.apache.maven.surefire.booter.ForkedBooter.runSuitesInProcess(ForkedBooter.java:153)
	at org.apache.maven.surefire.booter.ForkedBooter.main(ForkedBooter.java:103)

exceldbloc Location=/var/lib/jenkins/jobs/Genesis_API_Automation/workspace/src/test/resources/files/ConfigSheet.xlsx
exceldbloc=/var/lib/jenkins/jobs/Genesis_API_Automation/workspace/src/test/resources/files/ConfigSheet.xlsx
Page Name=login
]]></system-out>
    <system-err><![CDATA[com.codoid.products.exception.FilloException: Workbook is not found - /var/lib/jenkins/jobs/Genesis_API_Automation/workspace/src/test/resources/files/ConfigSheet.xlsx
	at com.codoid.products.fillo.Fillo.getConnection(Fillo.java:45)
	at com.dw.api.automation.libs.FilloExcelUtility.readExcelWithTestName(FilloExcelUtility.java:98)
	at com.dw.api.automation.TestScripts.LoginTest.loginAsBAM(LoginTest.java:65)
	at sun.reflect.NativeMethodAccessorImpl.invoke0(Native Method)
	at sun.reflect.NativeMethodAccessorImpl.invoke(Unknown Source)
	at sun.reflect.DelegatingMethodAccessorImpl.invoke(Unknown Source)
	at java.lang.reflect.Method.invoke(Unknown Source)
	at org.testng.internal.MethodInvocationHelper.invokeMethod(MethodInvocationHelper.java:85)
	at org.testng.internal.Invoker.invokeMethod(Invoker.java:639)
	at org.testng.internal.Invoker.invokeTestMethod(Invoker.java:816)
	at org.testng.internal.Invoker.invokeTestMethods(Invoker.java:1124)
	at org.testng.internal.TestMethodWorker.invokeTestMethods(TestMethodWorker.java:125)
	at org.testng.internal.TestMethodWorker.run(TestMethodWorker.java:108)
	at org.testng.TestRunner.privateRun(TestRunner.java:774)
	at org.testng.TestRunner.run(TestRunner.java:624)
	at org.testng.SuiteRunner.runTest(SuiteRunner.java:359)
	at org.testng.SuiteRunner.runSequentially(SuiteRunner.java:354)
	at org.testng.SuiteRunner.privateRun(SuiteRunner.java:312)
	at org.testng.SuiteRunner.run(SuiteRunner.java:261)
	at org.testng.SuiteRunnerWorker.runSuite(SuiteRunnerWorker.java:52)
	at org.testng.SuiteRunnerWorker.run(SuiteRunnerWorker.java:86)
	at org.testng.TestNG.runSuitesSequentially(TestNG.java:1215)
	at org.testng.TestNG.runSuitesLocally(TestNG.java:1140)
	at org.testng.TestNG.run(TestNG.java:1048)
	at org.apache.maven.surefire.testng.TestNGExecutor.run(TestNGExecutor.java:217)
	at org.apache.maven.surefire.testng.TestNGXmlTestSuite.execute(TestNGXmlTestSuite.java:84)
	at org.apache.maven.surefire.testng.TestNGProvider.invoke(TestNGProvider.java:92)
	at org.apache.maven.surefire.booter.ForkedBooter.invokeProviderInSameClassLoader(ForkedBooter.java:200)
	at org.apache.maven.surefire.booter.ForkedBooter.runSuitesInProcess(ForkedBooter.java:153)
	at org.apache.maven.surefire.booter.ForkedBooter.main(ForkedBooter.java:103)
]]></system-err>
  </testcase>
  <testcase name="loginAsCA" classname="com.dw.api.automation.TestScripts.LoginTest" time="0.026">
    <failure type="java.lang.NullPointerException:">java.lang.NullPointerException: null
	at com.dw.api.automation.libs.FilloExcelUtility.readExcelWithTestName(FilloExcelUtility.java:109)
	at com.dw.api.automation.TestScripts.LoginTest.loginAsCA(LoginTest.java:82)
</failure>
    <system-out><![CDATA[java.lang.NullPointerException
	at com.dw.api.automation.libs.FilloExcelUtility.readExcelWithTestName(FilloExcelUtility.java:109)
	at com.dw.api.automation.TestScripts.LoginTest.loginAsBAM(LoginTest.java:65)
	at sun.reflect.NativeMethodAccessorImpl.invoke0(Native Method)
	at sun.reflect.NativeMethodAccessorImpl.invoke(Unknown Source)
	at sun.reflect.DelegatingMethodAccessorImpl.invoke(Unknown Source)
	at java.lang.reflect.Method.invoke(Unknown Source)
	at org.testng.internal.MethodInvocationHelper.invokeMethod(MethodInvocationHelper.java:85)
	at org.testng.internal.Invoker.invokeMethod(Invoker.java:639)
	at org.testng.internal.Invoker.invokeTestMethod(Invoker.java:816)
	at org.testng.internal.Invoker.invokeTestMethods(Invoker.java:1124)
	at org.testng.internal.TestMethodWorker.invokeTestMethods(TestMethodWorker.java:125)
	at org.testng.internal.TestMethodWorker.run(TestMethodWorker.java:108)
	at org.testng.TestRunner.privateRun(TestRunner.java:774)
	at org.testng.TestRunner.run(TestRunner.java:624)
	at org.testng.SuiteRunner.runTest(SuiteRunner.java:359)
	at org.testng.SuiteRunner.runSequentially(SuiteRunner.java:354)
	at org.testng.SuiteRunner.privateRun(SuiteRunner.java:312)
	at org.testng.SuiteRunner.run(SuiteRunner.java:261)
	at org.testng.SuiteRunnerWorker.runSuite(SuiteRunnerWorker.java:52)
	at org.testng.SuiteRunnerWorker.run(SuiteRunnerWorker.java:86)
	at org.testng.TestNG.runSuitesSequentially(TestNG.java:1215)
	at org.testng.TestNG.runSuitesLocally(TestNG.java:1140)
	at org.testng.TestNG.run(TestNG.java:1048)
	at org.apache.maven.surefire.testng.TestNGExecutor.run(TestNGExecutor.java:217)
	at org.apache.maven.surefire.testng.TestNGXmlTestSuite.execute(TestNGXmlTestSuite.java:84)
	at org.apache.maven.surefire.testng.TestNGProvider.invoke(TestNGProvider.java:92)
	at org.apache.maven.surefire.booter.ForkedBooter.invokeProviderInSameClassLoader(ForkedBooter.java:200)
	at org.apache.maven.surefire.booter.ForkedBooter.runSuitesInProcess(ForkedBooter.java:153)
	at org.apache.maven.surefire.booter.ForkedBooter.main(ForkedBooter.java:103)

exceldbloc Location=/var/lib/jenkins/jobs/Genesis_API_Automation/workspace/src/test/resources/files/ConfigSheet.xlsx
exceldbloc=/var/lib/jenkins/jobs/Genesis_API_Automation/workspace/src/test/resources/files/ConfigSheet.xlsx
Page Name=login
]]></system-out>
    <system-err><![CDATA[com.codoid.products.exception.FilloException: Workbook is not found - /var/lib/jenkins/jobs/Genesis_API_Automation/workspace/src/test/resources/files/ConfigSheet.xlsx
	at com.codoid.products.fillo.Fillo.getConnection(Fillo.java:45)
	at com.dw.api.automation.libs.FilloExcelUtility.readExcelWithTestName(FilloExcelUtility.java:98)
	at com.dw.api.automation.TestScripts.LoginTest.loginAsCA(LoginTest.java:82)
	at sun.reflect.NativeMethodAccessorImpl.invoke0(Native Method)
	at sun.reflect.NativeMethodAccessorImpl.invoke(Unknown Source)
	at sun.reflect.DelegatingMethodAccessorImpl.invoke(Unknown Source)
	at java.lang.reflect.Method.invoke(Unknown Source)
	at org.testng.internal.MethodInvocationHelper.invokeMethod(MethodInvocationHelper.java:85)
	at org.testng.internal.Invoker.invokeMethod(Invoker.java:639)
	at org.testng.internal.Invoker.invokeTestMethod(Invoker.java:816)
	at org.testng.internal.Invoker.invokeTestMethods(Invoker.java:1124)
	at org.testng.internal.TestMethodWorker.invokeTestMethods(TestMethodWorker.java:125)
	at org.testng.internal.TestMethodWorker.run(TestMethodWorker.java:108)
	at org.testng.TestRunner.privateRun(TestRunner.java:774)
	at org.testng.TestRunner.run(TestRunner.java:624)
	at org.testng.SuiteRunner.runTest(SuiteRunner.java:359)
	at org.testng.SuiteRunner.runSequentially(SuiteRunner.java:354)
	at org.testng.SuiteRunner.privateRun(SuiteRunner.java:312)
	at org.testng.SuiteRunner.run(SuiteRunner.java:261)
	at org.testng.SuiteRunnerWorker.runSuite(SuiteRunnerWorker.java:52)
	at org.testng.SuiteRunnerWorker.run(SuiteRunnerWorker.java:86)
	at org.testng.TestNG.runSuitesSequentially(TestNG.java:1215)
	at org.testng.TestNG.runSuitesLocally(TestNG.java:1140)
	at org.testng.TestNG.run(TestNG.java:1048)
	at org.apache.maven.surefire.testng.TestNGExecutor.run(TestNGExecutor.java:217)
	at org.apache.maven.surefire.testng.TestNGXmlTestSuite.execute(TestNGXmlTestSuite.java:84)
	at org.apache.maven.surefire.testng.TestNGProvider.invoke(TestNGProvider.java:92)
	at org.apache.maven.surefire.booter.ForkedBooter.invokeProviderInSameClassLoader(ForkedBooter.java:200)
	at org.apache.maven.surefire.booter.ForkedBooter.runSuitesInProcess(ForkedBooter.java:153)
	at org.apache.maven.surefire.booter.ForkedBooter.main(ForkedBooter.java:103)
]]></system-err>
  </testcase>
  <testcase name="loginAsPm" classname="com.dw.api.automation.TestScripts.AddNewPartnerOrgTest" time="0.007">
    <failure type="java.lang.NullPointerException:">java.lang.NullPointerException: null
	at com.dw.api.automation.libs.FilloExcelUtility.readExcelWithTestName(FilloExcelUtility.java:109)
	at com.dw.api.automation.TestScripts.AddNewPartnerOrgTest.loginAsPm(AddNewPartnerOrgTest.java:58)
</failure>
    <system-out><![CDATA[java.lang.NullPointerException
	at com.dw.api.automation.libs.FilloExcelUtility.readExcelWithTestName(FilloExcelUtility.java:109)
	at com.dw.api.automation.TestScripts.LoginTest.loginAsCA(LoginTest.java:82)
	at sun.reflect.NativeMethodAccessorImpl.invoke0(Native Method)
	at sun.reflect.NativeMethodAccessorImpl.invoke(Unknown Source)
	at sun.reflect.DelegatingMethodAccessorImpl.invoke(Unknown Source)
	at java.lang.reflect.Method.invoke(Unknown Source)
	at org.testng.internal.MethodInvocationHelper.invokeMethod(MethodInvocationHelper.java:85)
	at org.testng.internal.Invoker.invokeMethod(Invoker.java:639)
	at org.testng.internal.Invoker.invokeTestMethod(Invoker.java:816)
	at org.testng.internal.Invoker.invokeTestMethods(Invoker.java:1124)
	at org.testng.internal.TestMethodWorker.invokeTestMethods(TestMethodWorker.java:125)
	at org.testng.internal.TestMethodWorker.run(TestMethodWorker.java:108)
	at org.testng.TestRunner.privateRun(TestRunner.java:774)
	at org.testng.TestRunner.run(TestRunner.java:624)
	at org.testng.SuiteRunner.runTest(SuiteRunner.java:359)
	at org.testng.SuiteRunner.runSequentially(SuiteRunner.java:354)
	at org.testng.SuiteRunner.privateRun(SuiteRunner.java:312)
	at org.testng.SuiteRunner.run(SuiteRunner.java:261)
	at org.testng.SuiteRunnerWorker.runSuite(SuiteRunnerWorker.java:52)
	at org.testng.SuiteRunnerWorker.run(SuiteRunnerWorker.java:86)
	at org.testng.TestNG.runSuitesSequentially(TestNG.java:1215)
	at org.testng.TestNG.runSuitesLocally(TestNG.java:1140)
	at org.testng.TestNG.run(TestNG.java:1048)
	at org.apache.maven.surefire.testng.TestNGExecutor.run(TestNGExecutor.java:217)
	at org.apache.maven.surefire.testng.TestNGXmlTestSuite.execute(TestNGXmlTestSuite.java:84)
	at org.apache.maven.surefire.testng.TestNGProvider.invoke(TestNGProvider.java:92)
	at org.apache.maven.surefire.booter.ForkedBooter.invokeProviderInSameClassLoader(ForkedBooter.java:200)
	at org.apache.maven.surefire.booter.ForkedBooter.runSuitesInProcess(ForkedBooter.java:153)
	at org.apache.maven.surefire.booter.ForkedBooter.main(ForkedBooter.java:103)

extent object value=com.relevantcodes.extentreports.ExtentReports@780cb77
exceldbloc Location=/var/lib/jenkins/jobs/Genesis_API_Automation/workspace/src/test/resources/files/ConfigSheet.xlsx
exceldbloc=/var/lib/jenkins/jobs/Genesis_API_Automation/workspace/src/test/resources/files/ConfigSheet.xlsx
Page Name=login
]]></system-out>
    <system-err><![CDATA[log4j:WARN No appenders could be found for logger (freemarker.cache).
log4j:WARN Please initialize the log4j system properly.
log4j:WARN See http://logging.apache.org/log4j/1.2/faq.html#noconfig for more info.
com.codoid.products.exception.FilloException: Workbook is not found - /var/lib/jenkins/jobs/Genesis_API_Automation/workspace/src/test/resources/files/ConfigSheet.xlsx
	at com.codoid.products.fillo.Fillo.getConnection(Fillo.java:45)
	at com.dw.api.automation.libs.FilloExcelUtility.readExcelWithTestName(FilloExcelUtility.java:98)
	at com.dw.api.automation.TestScripts.AddNewPartnerOrgTest.loginAsPm(AddNewPartnerOrgTest.java:58)
	at sun.reflect.NativeMethodAccessorImpl.invoke0(Native Method)
	at sun.reflect.NativeMethodAccessorImpl.invoke(Unknown Source)
	at sun.reflect.DelegatingMethodAccessorImpl.invoke(Unknown Source)
	at java.lang.reflect.Method.invoke(Unknown Source)
	at org.testng.internal.MethodInvocationHelper.invokeMethod(MethodInvocationHelper.java:85)
	at org.testng.internal.Invoker.invokeMethod(Invoker.java:639)
	at org.testng.internal.Invoker.invokeTestMethod(Invoker.java:816)
	at org.testng.internal.Invoker.invokeTestMethods(Invoker.java:1124)
	at org.testng.internal.TestMethodWorker.invokeTestMethods(TestMethodWorker.java:125)
	at org.testng.internal.TestMethodWorker.run(TestMethodWorker.java:108)
	at org.testng.TestRunner.privateRun(TestRunner.java:774)
	at org.testng.TestRunner.run(TestRunner.java:624)
	at org.testng.SuiteRunner.runTest(SuiteRunner.java:359)
	at org.testng.SuiteRunner.runSequentially(SuiteRunner.java:354)
	at org.testng.SuiteRunner.privateRun(SuiteRunner.java:312)
	at org.testng.SuiteRunner.run(SuiteRunner.java:261)
	at org.testng.SuiteRunnerWorker.runSuite(SuiteRunnerWorker.java:52)
	at org.testng.SuiteRunnerWorker.run(SuiteRunnerWorker.java:86)
	at org.testng.TestNG.runSuitesSequentially(TestNG.java:1215)
	at org.testng.TestNG.runSuitesLocally(TestNG.java:1140)
	at org.testng.TestNG.run(TestNG.java:1048)
	at org.apache.maven.surefire.testng.TestNGExecutor.run(TestNGExecutor.java:217)
	at org.apache.maven.surefire.testng.TestNGXmlTestSuite.execute(TestNGXmlTestSuite.java:84)
	at org.apache.maven.surefire.testng.TestNGProvider.invoke(TestNGProvider.java:92)
	at org.apache.maven.surefire.booter.ForkedBooter.invokeProviderInSameClassLoader(ForkedBooter.java:200)
	at org.apache.maven.surefire.booter.ForkedBooter.runSuitesInProcess(ForkedBooter.java:153)
	at org.apache.maven.surefire.booter.ForkedBooter.main(ForkedBooter.java:103)
]]></system-err>
  </testcase>
  <testcase name="verifyMpnId" classname="com.dw.api.automation.TestScripts.AddNewPartnerOrgTest" time="0.401">
    <failure type="java.lang.NullPointerException:">java.lang.NullPointerException: null
	at com.dw.api.automation.libs.FilloExcelUtility.readExcelWithTestName(FilloExcelUtility.java:109)
	at com.dw.api.automation.pagefactory.ApiLoginPF.loginAsPM(ApiLoginPF.java:50)
	at com.dw.api.automation.pagefactory.OrganisationPF.verifyMPN(OrganisationPF.java:44)
	at com.dw.api.automation.TestScripts.AddNewPartnerOrgTest.verifyMpnId(AddNewPartnerOrgTest.java:76)
</failure>
    <system-out><![CDATA[java.lang.NullPointerException
	at com.dw.api.automation.libs.FilloExcelUtility.readExcelWithTestName(FilloExcelUtility.java:109)
	at com.dw.api.automation.TestScripts.AddNewPartnerOrgTest.loginAsPm(AddNewPartnerOrgTest.java:58)
	at sun.reflect.NativeMethodAccessorImpl.invoke0(Native Method)
	at sun.reflect.NativeMethodAccessorImpl.invoke(Unknown Source)
	at sun.reflect.DelegatingMethodAccessorImpl.invoke(Unknown Source)
	at java.lang.reflect.Method.invoke(Unknown Source)
	at org.testng.internal.MethodInvocationHelper.invokeMethod(MethodInvocationHelper.java:85)
	at org.testng.internal.Invoker.invokeMethod(Invoker.java:639)
	at org.testng.internal.Invoker.invokeTestMethod(Invoker.java:816)
	at org.testng.internal.Invoker.invokeTestMethods(Invoker.java:1124)
	at org.testng.internal.TestMethodWorker.invokeTestMethods(TestMethodWorker.java:125)
	at org.testng.internal.TestMethodWorker.run(TestMethodWorker.java:108)
	at org.testng.TestRunner.privateRun(TestRunner.java:774)
	at org.testng.TestRunner.run(TestRunner.java:624)
	at org.testng.SuiteRunner.runTest(SuiteRunner.java:359)
	at org.testng.SuiteRunner.runSequentially(SuiteRunner.java:354)
	at org.testng.SuiteRunner.privateRun(SuiteRunner.java:312)
	at org.testng.SuiteRunner.run(SuiteRunner.java:261)
	at org.testng.SuiteRunnerWorker.runSuite(SuiteRunnerWorker.java:52)
	at org.testng.SuiteRunnerWorker.run(SuiteRunnerWorker.java:86)
	at org.testng.TestNG.runSuitesSequentially(TestNG.java:1215)
	at org.testng.TestNG.runSuitesLocally(TestNG.java:1140)
	at org.testng.TestNG.run(TestNG.java:1048)
	at org.apache.maven.surefire.testng.TestNGExecutor.run(TestNGExecutor.java:217)
	at org.apache.maven.surefire.testng.TestNGXmlTestSuite.execute(TestNGXmlTestSuite.java:84)
	at org.apache.maven.surefire.testng.TestNGProvider.invoke(TestNGProvider.java:92)
	at org.apache.maven.surefire.booter.ForkedBooter.invokeProviderInSameClassLoader(ForkedBooter.java:200)
	at org.apache.maven.surefire.booter.ForkedBooter.runSuitesInProcess(ForkedBooter.java:153)
	at org.apache.maven.surefire.booter.ForkedBooter.main(ForkedBooter.java:103)

dbloc=https://test.
 testColomName=AddNewPartnerOrgTest
dbloc=https://test.
exceldbloc Location=/var/lib/jenkins/jobs/Genesis_API_Automation/workspace/src/test/resources/files/ConfigSheet.xlsx
exceldbloc=/var/lib/jenkins/jobs/Genesis_API_Automation/workspace/src/test/resources/files/ConfigSheet.xlsx
Page Name=login
]]></system-out>
    <system-err><![CDATA[com.codoid.products.exception.FilloException: Workbook is not found - /var/lib/jenkins/jobs/Genesis_API_Automation/workspace/src/test/resources/files/ConfigSheet.xlsx
	at com.codoid.products.fillo.Fillo.getConnection(Fillo.java:45)
	at com.dw.api.automation.libs.FilloExcelUtility.readExcelWithTestName(FilloExcelUtility.java:98)
	at com.dw.api.automation.pagefactory.ApiLoginPF.loginAsPM(ApiLoginPF.java:50)
	at com.dw.api.automation.pagefactory.OrganisationPF.verifyMPN(OrganisationPF.java:44)
	at com.dw.api.automation.TestScripts.AddNewPartnerOrgTest.verifyMpnId(AddNewPartnerOrgTest.java:76)
	at sun.reflect.NativeMethodAccessorImpl.invoke0(Native Method)
	at sun.reflect.NativeMethodAccessorImpl.invoke(Unknown Source)
	at sun.reflect.DelegatingMethodAccessorImpl.invoke(Unknown Source)
	at java.lang.reflect.Method.invoke(Unknown Source)
	at org.testng.internal.MethodInvocationHelper.invokeMethod(MethodInvocationHelper.java:85)
	at org.testng.internal.Invoker.invokeMethod(Invoker.java:639)
	at org.testng.internal.Invoker.invokeTestMethod(Invoker.java:816)
	at org.testng.internal.Invoker.invokeTestMethods(Invoker.java:1124)
	at org.testng.internal.TestMethodWorker.invokeTestMethods(TestMethodWorker.java:125)
	at org.testng.internal.TestMethodWorker.run(TestMethodWorker.java:108)
	at org.testng.TestRunner.privateRun(TestRunner.java:774)
	at org.testng.TestRunner.run(TestRunner.java:624)
	at org.testng.SuiteRunner.runTest(SuiteRunner.java:359)
	at org.testng.SuiteRunner.runSequentially(SuiteRunner.java:354)
	at org.testng.SuiteRunner.privateRun(SuiteRunner.java:312)
	at org.testng.SuiteRunner.run(SuiteRunner.java:261)
	at org.testng.SuiteRunnerWorker.runSuite(SuiteRunnerWorker.java:52)
	at org.testng.SuiteRunnerWorker.run(SuiteRunnerWorker.java:86)
	at org.testng.TestNG.runSuitesSequentially(TestNG.java:1215)
	at org.testng.TestNG.runSuitesLocally(TestNG.java:1140)
	at org.testng.TestNG.run(TestNG.java:1048)
	at org.apache.maven.surefire.testng.TestNGExecutor.run(TestNGExecutor.java:217)
	at org.apache.maven.surefire.testng.TestNGXmlTestSuite.execute(TestNGXmlTestSuite.java:84)
	at org.apache.maven.surefire.testng.TestNGProvider.invoke(TestNGProvider.java:92)
	at org.apache.maven.surefire.booter.ForkedBooter.invokeProviderInSameClassLoader(ForkedBooter.java:200)
	at org.apache.maven.surefire.booter.ForkedBooter.runSuitesInProcess(ForkedBooter.java:153)
	at org.apache.maven.surefire.booter.ForkedBooter.main(ForkedBooter.java:103)
]]></system-err>
  </testcase>
  <testcase name="addNewPartnerOrganisation" classname="com.dw.api.automation.TestScripts.AddNewPartnerOrgTest" time="0.011">
    <failure type="java.lang.NullPointerException:">java.lang.NullPointerException: null
	at com.dw.api.automation.libs.FilloExcelUtility.readExcelWithTestName(FilloExcelUtility.java:109)
	at com.dw.api.automation.pagefactory.ApiLoginPF.loginAsPM(ApiLoginPF.java:50)
	at com.dw.api.automation.pagefactory.OrganisationPF.addNewPartnerOrganisation(OrganisationPF.java:59)
	at com.dw.api.automation.TestScripts.AddNewPartnerOrgTest.addNewPartnerOrganisation(AddNewPartnerOrgTest.java:88)
</failure>
    <system-out><![CDATA[java.lang.NullPointerException
	at com.dw.api.automation.libs.FilloExcelUtility.readExcelWithTestName(FilloExcelUtility.java:109)
	at com.dw.api.automation.pagefactory.ApiLoginPF.loginAsPM(ApiLoginPF.java:50)
	at com.dw.api.automation.pagefactory.OrganisationPF.verifyMPN(OrganisationPF.java:44)
	at com.dw.api.automation.TestScripts.AddNewPartnerOrgTest.verifyMpnId(AddNewPartnerOrgTest.java:76)
	at sun.reflect.NativeMethodAccessorImpl.invoke0(Native Method)
	at sun.reflect.NativeMethodAccessorImpl.invoke(Unknown Source)
	at sun.reflect.DelegatingMethodAccessorImpl.invoke(Unknown Source)
	at java.lang.reflect.Method.invoke(Unknown Source)
	at org.testng.internal.MethodInvocationHelper.invokeMethod(MethodInvocationHelper.java:85)
	at org.testng.internal.Invoker.invokeMethod(Invoker.java:639)
	at org.testng.internal.Invoker.invokeTestMethod(Invoker.java:816)
	at org.testng.internal.Invoker.invokeTestMethods(Invoker.java:1124)
	at org.testng.internal.TestMethodWorker.invokeTestMethods(TestMethodWorker.java:125)
	at org.testng.internal.TestMethodWorker.run(TestMethodWorker.java:108)
	at org.testng.TestRunner.privateRun(TestRunner.java:774)
	at org.testng.TestRunner.run(TestRunner.java:624)
	at org.testng.SuiteRunner.runTest(SuiteRunner.java:359)
	at org.testng.SuiteRunner.runSequentially(SuiteRunner.java:354)
	at org.testng.SuiteRunner.privateRun(SuiteRunner.java:312)
	at org.testng.SuiteRunner.run(SuiteRunner.java:261)
	at org.testng.SuiteRunnerWorker.runSuite(SuiteRunnerWorker.java:52)
	at org.testng.SuiteRunnerWorker.run(SuiteRunnerWorker.java:86)
	at org.testng.TestNG.runSuitesSequentially(TestNG.java:1215)
	at org.testng.TestNG.runSuitesLocally(TestNG.java:1140)
	at org.testng.TestNG.run(TestNG.java:1048)
	at org.apache.maven.surefire.testng.TestNGExecutor.run(TestNGExecutor.java:217)
	at org.apache.maven.surefire.testng.TestNGXmlTestSuite.execute(TestNGXmlTestSuite.java:84)
	at org.apache.maven.surefire.testng.TestNGProvider.invoke(TestNGProvider.java:92)
	at org.apache.maven.surefire.booter.ForkedBooter.invokeProviderInSameClassLoader(ForkedBooter.java:200)
	at org.apache.maven.surefire.booter.ForkedBooter.runSuitesInProcess(ForkedBooter.java:153)
	at org.apache.maven.surefire.booter.ForkedBooter.main(ForkedBooter.java:103)

dbloc=https://test.
exceldbloc Location=/var/lib/jenkins/jobs/Genesis_API_Automation/workspace/src/test/resources/files/ConfigSheet.xlsx
exceldbloc=/var/lib/jenkins/jobs/Genesis_API_Automation/workspace/src/test/resources/files/ConfigSheet.xlsx
Page Name=login
]]></system-out>
    <system-err><![CDATA[com.codoid.products.exception.FilloException: Workbook is not found - /var/lib/jenkins/jobs/Genesis_API_Automation/workspace/src/test/resources/files/ConfigSheet.xlsx
	at com.codoid.products.fillo.Fillo.getConnection(Fillo.java:45)
	at com.dw.api.automation.libs.FilloExcelUtility.readExcelWithTestName(FilloExcelUtility.java:98)
	at com.dw.api.automation.pagefactory.ApiLoginPF.loginAsPM(ApiLoginPF.java:50)
	at com.dw.api.automation.pagefactory.OrganisationPF.addNewPartnerOrganisation(OrganisationPF.java:59)
	at com.dw.api.automation.TestScripts.AddNewPartnerOrgTest.addNewPartnerOrganisation(AddNewPartnerOrgTest.java:88)
	at sun.reflect.NativeMethodAccessorImpl.invoke0(Native Method)
	at sun.reflect.NativeMethodAccessorImpl.invoke(Unknown Source)
	at sun.reflect.DelegatingMethodAccessorImpl.invoke(Unknown Source)
	at java.lang.reflect.Method.invoke(Unknown Source)
	at org.testng.internal.MethodInvocationHelper.invokeMethod(MethodInvocationHelper.java:85)
	at org.testng.internal.Invoker.invokeMethod(Invoker.java:639)
	at org.testng.internal.Invoker.invokeTestMethod(Invoker.java:816)
	at org.testng.internal.Invoker.invokeTestMethods(Invoker.java:1124)
	at org.testng.internal.TestMethodWorker.invokeTestMethods(TestMethodWorker.java:125)
	at org.testng.internal.TestMethodWorker.run(TestMethodWorker.java:108)
	at org.testng.TestRunner.privateRun(TestRunner.java:774)
	at org.testng.TestRunner.run(TestRunner.java:624)
	at org.testng.SuiteRunner.runTest(SuiteRunner.java:359)
	at org.testng.SuiteRunner.runSequentially(SuiteRunner.java:354)
	at org.testng.SuiteRunner.privateRun(SuiteRunner.java:312)
	at org.testng.SuiteRunner.run(SuiteRunner.java:261)
	at org.testng.SuiteRunnerWorker.runSuite(SuiteRunnerWorker.java:52)
	at org.testng.SuiteRunnerWorker.run(SuiteRunnerWorker.java:86)
	at org.testng.TestNG.runSuitesSequentially(TestNG.java:1215)
	at org.testng.TestNG.runSuitesLocally(TestNG.java:1140)
	at org.testng.TestNG.run(TestNG.java:1048)
	at org.apache.maven.surefire.testng.TestNGExecutor.run(TestNGExecutor.java:217)
	at org.apache.maven.surefire.testng.TestNGXmlTestSuite.execute(TestNGXmlTestSuite.java:84)
	at org.apache.maven.surefire.testng.TestNGProvider.invoke(TestNGProvider.java:92)
	at org.apache.maven.surefire.booter.ForkedBooter.invokeProviderInSameClassLoader(ForkedBooter.java:200)
	at org.apache.maven.surefire.booter.ForkedBooter.runSuitesInProcess(ForkedBooter.java:153)
	at org.apache.maven.surefire.booter.ForkedBooter.main(ForkedBooter.java:103)
]]></system-err>
  </testcase>
  <testcase name="approveNewOrgByBAM" classname="com.dw.api.automation.TestScripts.AddNewPartnerOrgTest" time="0.029">
    <failure type="java.lang.NullPointerException:">java.lang.NullPointerException: null
	at com.dw.api.automation.libs.FilloExcelUtility.readExcelWithTestName(FilloExcelUtility.java:109)
	at com.dw.api.automation.pagefactory.OrganisationPF.approveNewOrganisationByBam(OrganisationPF.java:155)
	at com.dw.api.automation.TestScripts.AddNewPartnerOrgTest.approveNewOrgByBAM(AddNewPartnerOrgTest.java:103)
</failure>
    <system-out><![CDATA[java.lang.NullPointerException
	at com.dw.api.automation.libs.FilloExcelUtility.readExcelWithTestName(FilloExcelUtility.java:109)
	at com.dw.api.automation.pagefactory.ApiLoginPF.loginAsPM(ApiLoginPF.java:50)
	at com.dw.api.automation.pagefactory.OrganisationPF.addNewPartnerOrganisation(OrganisationPF.java:59)
	at com.dw.api.automation.TestScripts.AddNewPartnerOrgTest.addNewPartnerOrganisation(AddNewPartnerOrgTest.java:88)
	at sun.reflect.NativeMethodAccessorImpl.invoke0(Native Method)
	at sun.reflect.NativeMethodAccessorImpl.invoke(Unknown Source)
	at sun.reflect.DelegatingMethodAccessorImpl.invoke(Unknown Source)
	at java.lang.reflect.Method.invoke(Unknown Source)
	at org.testng.internal.MethodInvocationHelper.invokeMethod(MethodInvocationHelper.java:85)
	at org.testng.internal.Invoker.invokeMethod(Invoker.java:639)
	at org.testng.internal.Invoker.invokeTestMethod(Invoker.java:816)
	at org.testng.internal.Invoker.invokeTestMethods(Invoker.java:1124)
	at org.testng.internal.TestMethodWorker.invokeTestMethods(TestMethodWorker.java:125)
	at org.testng.internal.TestMethodWorker.run(TestMethodWorker.java:108)
	at org.testng.TestRunner.privateRun(TestRunner.java:774)
	at org.testng.TestRunner.run(TestRunner.java:624)
	at org.testng.SuiteRunner.runTest(SuiteRunner.java:359)
	at org.testng.SuiteRunner.runSequentially(SuiteRunner.java:354)
	at org.testng.SuiteRunner.privateRun(SuiteRunner.java:312)
	at org.testng.SuiteRunner.run(SuiteRunner.java:261)
	at org.testng.SuiteRunnerWorker.runSuite(SuiteRunnerWorker.java:52)
	at org.testng.SuiteRunnerWorker.run(SuiteRunnerWorker.java:86)
	at org.testng.TestNG.runSuitesSequentially(TestNG.java:1215)
	at org.testng.TestNG.runSuitesLocally(TestNG.java:1140)
	at org.testng.TestNG.run(TestNG.java:1048)
	at org.apache.maven.surefire.testng.TestNGExecutor.run(TestNGExecutor.java:217)
	at org.apache.maven.surefire.testng.TestNGXmlTestSuite.execute(TestNGXmlTestSuite.java:84)
	at org.apache.maven.surefire.testng.TestNGProvider.invoke(TestNGProvider.java:92)
	at org.apache.maven.surefire.booter.ForkedBooter.invokeProviderInSameClassLoader(ForkedBooter.java:200)
	at org.apache.maven.surefire.booter.ForkedBooter.runSuitesInProcess(ForkedBooter.java:153)
	at org.apache.maven.surefire.booter.ForkedBooter.main(ForkedBooter.java:103)

testNameColom=AddNewPartnerOrgTest
exceldbloc Location=/var/lib/jenkins/jobs/Genesis_API_Automation/workspace/src/test/resources/files/ConfigSheet.xlsx
exceldbloc=/var/lib/jenkins/jobs/Genesis_API_Automation/workspace/src/test/resources/files/ConfigSheet.xlsx
Page Name=login
]]></system-out>
    <system-err><![CDATA[com.codoid.products.exception.FilloException: Workbook is not found - /var/lib/jenkins/jobs/Genesis_API_Automation/workspace/src/test/resources/files/ConfigSheet.xlsx
	at com.codoid.products.fillo.Fillo.getConnection(Fillo.java:45)
	at com.dw.api.automation.libs.FilloExcelUtility.readExcelWithTestName(FilloExcelUtility.java:98)
	at com.dw.api.automation.pagefactory.OrganisationPF.approveNewOrganisationByBam(OrganisationPF.java:155)
	at com.dw.api.automation.TestScripts.AddNewPartnerOrgTest.approveNewOrgByBAM(AddNewPartnerOrgTest.java:103)
	at sun.reflect.NativeMethodAccessorImpl.invoke0(Native Method)
	at sun.reflect.NativeMethodAccessorImpl.invoke(Unknown Source)
	at sun.reflect.DelegatingMethodAccessorImpl.invoke(Unknown Source)
	at java.lang.reflect.Method.invoke(Unknown Source)
	at org.testng.internal.MethodInvocationHelper.invokeMethod(MethodInvocationHelper.java:85)
	at org.testng.internal.Invoker.invokeMethod(Invoker.java:639)
	at org.testng.internal.Invoker.invokeTestMethod(Invoker.java:816)
	at org.testng.internal.Invoker.invokeTestMethods(Invoker.java:1124)
	at org.testng.internal.TestMethodWorker.invokeTestMethods(TestMethodWorker.java:125)
	at org.testng.internal.TestMethodWorker.run(TestMethodWorker.java:108)
	at org.testng.TestRunner.privateRun(TestRunner.java:774)
	at org.testng.TestRunner.run(TestRunner.java:624)
	at org.testng.SuiteRunner.runTest(SuiteRunner.java:359)
	at org.testng.SuiteRunner.runSequentially(SuiteRunner.java:354)
	at org.testng.SuiteRunner.privateRun(SuiteRunner.java:312)
	at org.testng.SuiteRunner.run(SuiteRunner.java:261)
	at org.testng.SuiteRunnerWorker.runSuite(SuiteRunnerWorker.java:52)
	at org.testng.SuiteRunnerWorker.run(SuiteRunnerWorker.java:86)
	at org.testng.TestNG.runSuitesSequentially(TestNG.java:1215)
	at org.testng.TestNG.runSuitesLocally(TestNG.java:1140)
	at org.testng.TestNG.run(TestNG.java:1048)
	at org.apache.maven.surefire.testng.TestNGExecutor.run(TestNGExecutor.java:217)
	at org.apache.maven.surefire.testng.TestNGXmlTestSuite.execute(TestNGXmlTestSuite.java:84)
	at org.apache.maven.surefire.testng.TestNGProvider.invoke(TestNGProvider.java:92)
	at org.apache.maven.surefire.booter.ForkedBooter.invokeProviderInSameClassLoader(ForkedBooter.java:200)
	at org.apache.maven.surefire.booter.ForkedBooter.runSuitesInProcess(ForkedBooter.java:153)
	at org.apache.maven.surefire.booter.ForkedBooter.main(ForkedBooter.java:103)
]]></system-err>
  </testcase>
  <testcase name="approveNewOrgByCA" classname="com.dw.api.automation.TestScripts.AddNewPartnerOrgTest" time="0.004">
    <failure type="java.lang.NullPointerException:">java.lang.NullPointerException: null
	at com.dw.api.automation.libs.FilloExcelUtility.readExcelWithTestName(FilloExcelUtility.java:109)
	at com.dw.api.automation.pagefactory.ApiLoginPF.loginAsCA(ApiLoginPF.java:150)
	at com.dw.api.automation.pagefactory.OrganisationPF.approveNewOrganisationByCA(OrganisationPF.java:207)
	at com.dw.api.automation.TestScripts.AddNewPartnerOrgTest.approveNewOrgByCA(AddNewPartnerOrgTest.java:115)
</failure>
    <system-out><![CDATA[java.lang.NullPointerException
	at com.dw.api.automation.libs.FilloExcelUtility.readExcelWithTestName(FilloExcelUtility.java:109)
	at com.dw.api.automation.pagefactory.OrganisationPF.approveNewOrganisationByBam(OrganisationPF.java:155)
	at com.dw.api.automation.TestScripts.AddNewPartnerOrgTest.approveNewOrgByBAM(AddNewPartnerOrgTest.java:103)
	at sun.reflect.NativeMethodAccessorImpl.invoke0(Native Method)
	at sun.reflect.NativeMethodAccessorImpl.invoke(Unknown Source)
	at sun.reflect.DelegatingMethodAccessorImpl.invoke(Unknown Source)
	at java.lang.reflect.Method.invoke(Unknown Source)
	at org.testng.internal.MethodInvocationHelper.invokeMethod(MethodInvocationHelper.java:85)
	at org.testng.internal.Invoker.invokeMethod(Invoker.java:639)
	at org.testng.internal.Invoker.invokeTestMethod(Invoker.java:816)
	at org.testng.internal.Invoker.invokeTestMethods(Invoker.java:1124)
	at org.testng.internal.TestMethodWorker.invokeTestMethods(TestMethodWorker.java:125)
	at org.testng.internal.TestMethodWorker.run(TestMethodWorker.java:108)
	at org.testng.TestRunner.privateRun(TestRunner.java:774)
	at org.testng.TestRunner.run(TestRunner.java:624)
	at org.testng.SuiteRunner.runTest(SuiteRunner.java:359)
	at org.testng.SuiteRunner.runSequentially(SuiteRunner.java:354)
	at org.testng.SuiteRunner.privateRun(SuiteRunner.java:312)
	at org.testng.SuiteRunner.run(SuiteRunner.java:261)
	at org.testng.SuiteRunnerWorker.runSuite(SuiteRunnerWorker.java:52)
	at org.testng.SuiteRunnerWorker.run(SuiteRunnerWorker.java:86)
	at org.testng.TestNG.runSuitesSequentially(TestNG.java:1215)
	at org.testng.TestNG.runSuitesLocally(TestNG.java:1140)
	at org.testng.TestNG.run(TestNG.java:1048)
	at org.apache.maven.surefire.testng.TestNGExecutor.run(TestNGExecutor.java:217)
	at org.apache.maven.surefire.testng.TestNGXmlTestSuite.execute(TestNGXmlTestSuite.java:84)
	at org.apache.maven.surefire.testng.TestNGProvider.invoke(TestNGProvider.java:92)
	at org.apache.maven.surefire.booter.ForkedBooter.invokeProviderInSameClassLoader(ForkedBooter.java:200)
	at org.apache.maven.surefire.booter.ForkedBooter.runSuitesInProcess(ForkedBooter.java:153)
	at org.apache.maven.surefire.booter.ForkedBooter.main(ForkedBooter.java:103)

dbloc=https://test.
exceldbloc Location=/var/lib/jenkins/jobs/Genesis_API_Automation/workspace/src/test/resources/files/ConfigSheet.xlsx
exceldbloc=/var/lib/jenkins/jobs/Genesis_API_Automation/workspace/src/test/resources/files/ConfigSheet.xlsx
Page Name=login
]]></system-out>
    <system-err><![CDATA[com.codoid.products.exception.FilloException: Workbook is not found - /var/lib/jenkins/jobs/Genesis_API_Automation/workspace/src/test/resources/files/ConfigSheet.xlsx
	at com.codoid.products.fillo.Fillo.getConnection(Fillo.java:45)
	at com.dw.api.automation.libs.FilloExcelUtility.readExcelWithTestName(FilloExcelUtility.java:98)
	at com.dw.api.automation.pagefactory.ApiLoginPF.loginAsCA(ApiLoginPF.java:150)
	at com.dw.api.automation.pagefactory.OrganisationPF.approveNewOrganisationByCA(OrganisationPF.java:207)
	at com.dw.api.automation.TestScripts.AddNewPartnerOrgTest.approveNewOrgByCA(AddNewPartnerOrgTest.java:115)
	at sun.reflect.NativeMethodAccessorImpl.invoke0(Native Method)
	at sun.reflect.NativeMethodAccessorImpl.invoke(Unknown Source)
	at sun.reflect.DelegatingMethodAccessorImpl.invoke(Unknown Source)
	at java.lang.reflect.Method.invoke(Unknown Source)
	at org.testng.internal.MethodInvocationHelper.invokeMethod(MethodInvocationHelper.java:85)
	at org.testng.internal.Invoker.invokeMethod(Invoker.java:639)
	at org.testng.internal.Invoker.invokeTestMethod(Invoker.java:816)
	at org.testng.internal.Invoker.invokeTestMethods(Invoker.java:1124)
	at org.testng.internal.TestMethodWorker.invokeTestMethods(TestMethodWorker.java:125)
	at org.testng.internal.TestMethodWorker.run(TestMethodWorker.java:108)
	at org.testng.TestRunner.privateRun(TestRunner.java:774)
	at org.testng.TestRunner.run(TestRunner.java:624)
	at org.testng.SuiteRunner.runTest(SuiteRunner.java:359)
	at org.testng.SuiteRunner.runSequentially(SuiteRunner.java:354)
	at org.testng.SuiteRunner.privateRun(SuiteRunner.java:312)
	at org.testng.SuiteRunner.run(SuiteRunner.java:261)
	at org.testng.SuiteRunnerWorker.runSuite(SuiteRunnerWorker.java:52)
	at org.testng.SuiteRunnerWorker.run(SuiteRunnerWorker.java:86)
	at org.testng.TestNG.runSuitesSequentially(TestNG.java:1215)
	at org.testng.TestNG.runSuitesLocally(TestNG.java:1140)
	at org.testng.TestNG.run(TestNG.java:1048)
	at org.apache.maven.surefire.testng.TestNGExecutor.run(TestNGExecutor.java:217)
	at org.apache.maven.surefire.testng.TestNGXmlTestSuite.execute(TestNGXmlTestSuite.java:84)
	at org.apache.maven.surefire.testng.TestNGProvider.invoke(TestNGProvider.java:92)
	at org.apache.maven.surefire.booter.ForkedBooter.invokeProviderInSameClassLoader(ForkedBooter.java:200)
	at org.apache.maven.surefire.booter.ForkedBooter.runSuitesInProcess(ForkedBooter.java:153)
	at org.apache.maven.surefire.booter.ForkedBooter.main(ForkedBooter.java:103)
]]></system-err>
  </testcase>
  <testcase name="loginAsPm" classname="com.dw.api.automation.TestScripts.CustomerOnBoardingTest" time="0.004">
    <failure type="java.lang.NullPointerException:">java.lang.NullPointerException: null
	at com.dw.api.automation.libs.FilloExcelUtility.readExcelWithTestName(FilloExcelUtility.java:109)
	at com.dw.api.automation.TestScripts.CustomerOnBoardingTest.loginAsPm(CustomerOnBoardingTest.java:50)
</failure>
    <system-out><![CDATA[java.lang.NullPointerException
	at com.dw.api.automation.libs.FilloExcelUtility.readExcelWithTestName(FilloExcelUtility.java:109)
	at com.dw.api.automation.pagefactory.ApiLoginPF.loginAsCA(ApiLoginPF.java:150)
	at com.dw.api.automation.pagefactory.OrganisationPF.approveNewOrganisationByCA(OrganisationPF.java:207)
	at com.dw.api.automation.TestScripts.AddNewPartnerOrgTest.approveNewOrgByCA(AddNewPartnerOrgTest.java:115)
	at sun.reflect.NativeMethodAccessorImpl.invoke0(Native Method)
	at sun.reflect.NativeMethodAccessorImpl.invoke(Unknown Source)
	at sun.reflect.DelegatingMethodAccessorImpl.invoke(Unknown Source)
	at java.lang.reflect.Method.invoke(Unknown Source)
	at org.testng.internal.MethodInvocationHelper.invokeMethod(MethodInvocationHelper.java:85)
	at org.testng.internal.Invoker.invokeMethod(Invoker.java:639)
	at org.testng.internal.Invoker.invokeTestMethod(Invoker.java:816)
	at org.testng.internal.Invoker.invokeTestMethods(Invoker.java:1124)
	at org.testng.internal.TestMethodWorker.invokeTestMethods(TestMethodWorker.java:125)
	at org.testng.internal.TestMethodWorker.run(TestMethodWorker.java:108)
	at org.testng.TestRunner.privateRun(TestRunner.java:774)
	at org.testng.TestRunner.run(TestRunner.java:624)
	at org.testng.SuiteRunner.runTest(SuiteRunner.java:359)
	at org.testng.SuiteRunner.runSequentially(SuiteRunner.java:354)
	at org.testng.SuiteRunner.privateRun(SuiteRunner.java:312)
	at org.testng.SuiteRunner.run(SuiteRunner.java:261)
	at org.testng.SuiteRunnerWorker.runSuite(SuiteRunnerWorker.java:52)
	at org.testng.SuiteRunnerWorker.run(SuiteRunnerWorker.java:86)
	at org.testng.TestNG.runSuitesSequentially(TestNG.java:1215)
	at org.testng.TestNG.runSuitesLocally(TestNG.java:1140)
	at org.testng.TestNG.run(TestNG.java:1048)
	at org.apache.maven.surefire.testng.TestNGExecutor.run(TestNGExecutor.java:217)
	at org.apache.maven.surefire.testng.TestNGXmlTestSuite.execute(TestNGXmlTestSuite.java:84)
	at org.apache.maven.surefire.testng.TestNGProvider.invoke(TestNGProvider.java:92)
	at org.apache.maven.surefire.booter.ForkedBooter.invokeProviderInSameClassLoader(ForkedBooter.java:200)
	at org.apache.maven.surefire.booter.ForkedBooter.runSuitesInProcess(ForkedBooter.java:153)
	at org.apache.maven.surefire.booter.ForkedBooter.main(ForkedBooter.java:103)

extent object value=com.relevantcodes.extentreports.ExtentReports@780cb77
exceldbloc Location=/var/lib/jenkins/jobs/Genesis_API_Automation/workspace/src/test/resources/files/ConfigSheet.xlsx
exceldbloc=/var/lib/jenkins/jobs/Genesis_API_Automation/workspace/src/test/resources/files/ConfigSheet.xlsx
Page Name=login
]]></system-out>
    <system-err><![CDATA[com.codoid.products.exception.FilloException: Workbook is not found - /var/lib/jenkins/jobs/Genesis_API_Automation/workspace/src/test/resources/files/ConfigSheet.xlsx
	at com.codoid.products.fillo.Fillo.getConnection(Fillo.java:45)
	at com.dw.api.automation.libs.FilloExcelUtility.readExcelWithTestName(FilloExcelUtility.java:98)
	at com.dw.api.automation.TestScripts.CustomerOnBoardingTest.loginAsPm(CustomerOnBoardingTest.java:50)
	at sun.reflect.NativeMethodAccessorImpl.invoke0(Native Method)
	at sun.reflect.NativeMethodAccessorImpl.invoke(Unknown Source)
	at sun.reflect.DelegatingMethodAccessorImpl.invoke(Unknown Source)
	at java.lang.reflect.Method.invoke(Unknown Source)
	at org.testng.internal.MethodInvocationHelper.invokeMethod(MethodInvocationHelper.java:85)
	at org.testng.internal.Invoker.invokeMethod(Invoker.java:639)
	at org.testng.internal.Invoker.invokeTestMethod(Invoker.java:816)
	at org.testng.internal.Invoker.invokeTestMethods(Invoker.java:1124)
	at org.testng.internal.TestMethodWorker.invokeTestMethods(TestMethodWorker.java:125)
	at org.testng.internal.TestMethodWorker.run(TestMethodWorker.java:108)
	at org.testng.TestRunner.privateRun(TestRunner.java:774)
	at org.testng.TestRunner.run(TestRunner.java:624)
	at org.testng.SuiteRunner.runTest(SuiteRunner.java:359)
	at org.testng.SuiteRunner.runSequentially(SuiteRunner.java:354)
	at org.testng.SuiteRunner.privateRun(SuiteRunner.java:312)
	at org.testng.SuiteRunner.run(SuiteRunner.java:261)
	at org.testng.SuiteRunnerWorker.runSuite(SuiteRunnerWorker.java:52)
	at org.testng.SuiteRunnerWorker.run(SuiteRunnerWorker.java:86)
	at org.testng.TestNG.runSuitesSequentially(TestNG.java:1215)
	at org.testng.TestNG.runSuitesLocally(TestNG.java:1140)
	at org.testng.TestNG.run(TestNG.java:1048)
	at org.apache.maven.surefire.testng.TestNGExecutor.run(TestNGExecutor.java:217)
	at org.apache.maven.surefire.testng.TestNGXmlTestSuite.execute(TestNGXmlTestSuite.java:84)
	at org.apache.maven.surefire.testng.TestNGProvider.invoke(TestNGProvider.java:92)
	at org.apache.maven.surefire.booter.ForkedBooter.invokeProviderInSameClassLoader(ForkedBooter.java:200)
	at org.apache.maven.surefire.booter.ForkedBooter.runSuitesInProcess(ForkedBooter.java:153)
	at org.apache.maven.surefire.booter.ForkedBooter.main(ForkedBooter.java:103)
]]></system-err>
  </testcase>
  <testcase name="verifyMpnId" classname="com.dw.api.automation.TestScripts.CustomerOnBoardingTest" time="0.006">
    <failure type="java.lang.NullPointerException:">java.lang.NullPointerException: null
	at com.dw.api.automation.libs.FilloExcelUtility.readExcelWithTestName(FilloExcelUtility.java:109)
	at com.dw.api.automation.pagefactory.ApiLoginPF.loginAsPM(ApiLoginPF.java:50)
	at com.dw.api.automation.pagefactory.OrganisationPF.verifyMPN(OrganisationPF.java:44)
	at com.dw.api.automation.TestScripts.CustomerOnBoardingTest.verifyMpnId(CustomerOnBoardingTest.java:68)
</failure>
    <system-out><![CDATA[java.lang.NullPointerException
	at com.dw.api.automation.libs.FilloExcelUtility.readExcelWithTestName(FilloExcelUtility.java:109)
	at com.dw.api.automation.TestScripts.CustomerOnBoardingTest.loginAsPm(CustomerOnBoardingTest.java:50)
	at sun.reflect.NativeMethodAccessorImpl.invoke0(Native Method)
	at sun.reflect.NativeMethodAccessorImpl.invoke(Unknown Source)
	at sun.reflect.DelegatingMethodAccessorImpl.invoke(Unknown Source)
	at java.lang.reflect.Method.invoke(Unknown Source)
	at org.testng.internal.MethodInvocationHelper.invokeMethod(MethodInvocationHelper.java:85)
	at org.testng.internal.Invoker.invokeMethod(Invoker.java:639)
	at org.testng.internal.Invoker.invokeTestMethod(Invoker.java:816)
	at org.testng.internal.Invoker.invokeTestMethods(Invoker.java:1124)
	at org.testng.internal.TestMethodWorker.invokeTestMethods(TestMethodWorker.java:125)
	at org.testng.internal.TestMethodWorker.run(TestMethodWorker.java:108)
	at org.testng.TestRunner.privateRun(TestRunner.java:774)
	at org.testng.TestRunner.run(TestRunner.java:624)
	at org.testng.SuiteRunner.runTest(SuiteRunner.java:359)
	at org.testng.SuiteRunner.runSequentially(SuiteRunner.java:354)
	at org.testng.SuiteRunner.privateRun(SuiteRunner.java:312)
	at org.testng.SuiteRunner.run(SuiteRunner.java:261)
	at org.testng.SuiteRunnerWorker.runSuite(SuiteRunnerWorker.java:52)
	at org.testng.SuiteRunnerWorker.run(SuiteRunnerWorker.java:86)
	at org.testng.TestNG.runSuitesSequentially(TestNG.java:1215)
	at org.testng.TestNG.runSuitesLocally(TestNG.java:1140)
	at org.testng.TestNG.run(TestNG.java:1048)
	at org.apache.maven.surefire.testng.TestNGExecutor.run(TestNGExecutor.java:217)
	at org.apache.maven.surefire.testng.TestNGXmlTestSuite.execute(TestNGXmlTestSuite.java:84)
	at org.apache.maven.surefire.testng.TestNGProvider.invoke(TestNGProvider.java:92)
	at org.apache.maven.surefire.booter.ForkedBooter.invokeProviderInSameClassLoader(ForkedBooter.java:200)
	at org.apache.maven.surefire.booter.ForkedBooter.runSuitesInProcess(ForkedBooter.java:153)
	at org.apache.maven.surefire.booter.ForkedBooter.main(ForkedBooter.java:103)

dbloc=https://test.
 testColomName=CustomerOnBoardingTest
dbloc=https://test.
exceldbloc Location=/var/lib/jenkins/jobs/Genesis_API_Automation/workspace/src/test/resources/files/ConfigSheet.xlsx
exceldbloc=/var/lib/jenkins/jobs/Genesis_API_Automation/workspace/src/test/resources/files/ConfigSheet.xlsx
Page Name=login
]]></system-out>
    <system-err><![CDATA[com.codoid.products.exception.FilloException: Workbook is not found - /var/lib/jenkins/jobs/Genesis_API_Automation/workspace/src/test/resources/files/ConfigSheet.xlsx
	at com.codoid.products.fillo.Fillo.getConnection(Fillo.java:45)
	at com.dw.api.automation.libs.FilloExcelUtility.readExcelWithTestName(FilloExcelUtility.java:98)
	at com.dw.api.automation.pagefactory.ApiLoginPF.loginAsPM(ApiLoginPF.java:50)
	at com.dw.api.automation.pagefactory.OrganisationPF.verifyMPN(OrganisationPF.java:44)
	at com.dw.api.automation.TestScripts.CustomerOnBoardingTest.verifyMpnId(CustomerOnBoardingTest.java:68)
	at sun.reflect.NativeMethodAccessorImpl.invoke0(Native Method)
	at sun.reflect.NativeMethodAccessorImpl.invoke(Unknown Source)
	at sun.reflect.DelegatingMethodAccessorImpl.invoke(Unknown Source)
	at java.lang.reflect.Method.invoke(Unknown Source)
	at org.testng.internal.MethodInvocationHelper.invokeMethod(MethodInvocationHelper.java:85)
	at org.testng.internal.Invoker.invokeMethod(Invoker.java:639)
	at org.testng.internal.Invoker.invokeTestMethod(Invoker.java:816)
	at org.testng.internal.Invoker.invokeTestMethods(Invoker.java:1124)
	at org.testng.internal.TestMethodWorker.invokeTestMethods(TestMethodWorker.java:125)
	at org.testng.internal.TestMethodWorker.run(TestMethodWorker.java:108)
	at org.testng.TestRunner.privateRun(TestRunner.java:774)
	at org.testng.TestRunner.run(TestRunner.java:624)
	at org.testng.SuiteRunner.runTest(SuiteRunner.java:359)
	at org.testng.SuiteRunner.runSequentially(SuiteRunner.java:354)
	at org.testng.SuiteRunner.privateRun(SuiteRunner.java:312)
	at org.testng.SuiteRunner.run(SuiteRunner.java:261)
	at org.testng.SuiteRunnerWorker.runSuite(SuiteRunnerWorker.java:52)
	at org.testng.SuiteRunnerWorker.run(SuiteRunnerWorker.java:86)
	at org.testng.TestNG.runSuitesSequentially(TestNG.java:1215)
	at org.testng.TestNG.runSuitesLocally(TestNG.java:1140)
	at org.testng.TestNG.run(TestNG.java:1048)
	at org.apache.maven.surefire.testng.TestNGExecutor.run(TestNGExecutor.java:217)
	at org.apache.maven.surefire.testng.TestNGXmlTestSuite.execute(TestNGXmlTestSuite.java:84)
	at org.apache.maven.surefire.testng.TestNGProvider.invoke(TestNGProvider.java:92)
	at org.apache.maven.surefire.booter.ForkedBooter.invokeProviderInSameClassLoader(ForkedBooter.java:200)
	at org.apache.maven.surefire.booter.ForkedBooter.runSuitesInProcess(ForkedBooter.java:153)
	at org.apache.maven.surefire.booter.ForkedBooter.main(ForkedBooter.java:103)
]]></system-err>
  </testcase>
  <testcase name="addNewPartnerOrganisation" classname="com.dw.api.automation.TestScripts.CustomerOnBoardingTest" time="0.003">
    <failure type="java.lang.NullPointerException:">java.lang.NullPointerException: null
	at com.dw.api.automation.libs.FilloExcelUtility.readExcelWithTestName(FilloExcelUtility.java:109)
	at com.dw.api.automation.pagefactory.ApiLoginPF.loginAsPM(ApiLoginPF.java:50)
	at com.dw.api.automation.pagefactory.OrganisationPF.addNewPartnerOrganisation(OrganisationPF.java:59)
	at com.dw.api.automation.TestScripts.CustomerOnBoardingTest.addNewPartnerOrganisation(CustomerOnBoardingTest.java:79)
</failure>
    <system-out><![CDATA[java.lang.NullPointerException
	at com.dw.api.automation.libs.FilloExcelUtility.readExcelWithTestName(FilloExcelUtility.java:109)
	at com.dw.api.automation.pagefactory.ApiLoginPF.loginAsPM(ApiLoginPF.java:50)
	at com.dw.api.automation.pagefactory.OrganisationPF.verifyMPN(OrganisationPF.java:44)
	at com.dw.api.automation.TestScripts.CustomerOnBoardingTest.verifyMpnId(CustomerOnBoardingTest.java:68)
	at sun.reflect.NativeMethodAccessorImpl.invoke0(Native Method)
	at sun.reflect.NativeMethodAccessorImpl.invoke(Unknown Source)
	at sun.reflect.DelegatingMethodAccessorImpl.invoke(Unknown Source)
	at java.lang.reflect.Method.invoke(Unknown Source)
	at org.testng.internal.MethodInvocationHelper.invokeMethod(MethodInvocationHelper.java:85)
	at org.testng.internal.Invoker.invokeMethod(Invoker.java:639)
	at org.testng.internal.Invoker.invokeTestMethod(Invoker.java:816)
	at org.testng.internal.Invoker.invokeTestMethods(Invoker.java:1124)
	at org.testng.internal.TestMethodWorker.invokeTestMethods(TestMethodWorker.java:125)
	at org.testng.internal.TestMethodWorker.run(TestMethodWorker.java:108)
	at org.testng.TestRunner.privateRun(TestRunner.java:774)
	at org.testng.TestRunner.run(TestRunner.java:624)
	at org.testng.SuiteRunner.runTest(SuiteRunner.java:359)
	at org.testng.SuiteRunner.runSequentially(SuiteRunner.java:354)
	at org.testng.SuiteRunner.privateRun(SuiteRunner.java:312)
	at org.testng.SuiteRunner.run(SuiteRunner.java:261)
	at org.testng.SuiteRunnerWorker.runSuite(SuiteRunnerWorker.java:52)
	at org.testng.SuiteRunnerWorker.run(SuiteRunnerWorker.java:86)
	at org.testng.TestNG.runSuitesSequentially(TestNG.java:1215)
	at org.testng.TestNG.runSuitesLocally(TestNG.java:1140)
	at org.testng.TestNG.run(TestNG.java:1048)
	at org.apache.maven.surefire.testng.TestNGExecutor.run(TestNGExecutor.java:217)
	at org.apache.maven.surefire.testng.TestNGXmlTestSuite.execute(TestNGXmlTestSuite.java:84)
	at org.apache.maven.surefire.testng.TestNGProvider.invoke(TestNGProvider.java:92)
	at org.apache.maven.surefire.booter.ForkedBooter.invokeProviderInSameClassLoader(ForkedBooter.java:200)
	at org.apache.maven.surefire.booter.ForkedBooter.runSuitesInProcess(ForkedBooter.java:153)
	at org.apache.maven.surefire.booter.ForkedBooter.main(ForkedBooter.java:103)

dbloc=https://test.
exceldbloc Location=/var/lib/jenkins/jobs/Genesis_API_Automation/workspace/src/test/resources/files/ConfigSheet.xlsx
exceldbloc=/var/lib/jenkins/jobs/Genesis_API_Automation/workspace/src/test/resources/files/ConfigSheet.xlsx
Page Name=login
]]></system-out>
    <system-err><![CDATA[com.codoid.products.exception.FilloException: Workbook is not found - /var/lib/jenkins/jobs/Genesis_API_Automation/workspace/src/test/resources/files/ConfigSheet.xlsx
	at com.codoid.products.fillo.Fillo.getConnection(Fillo.java:45)
	at com.dw.api.automation.libs.FilloExcelUtility.readExcelWithTestName(FilloExcelUtility.java:98)
	at com.dw.api.automation.pagefactory.ApiLoginPF.loginAsPM(ApiLoginPF.java:50)
	at com.dw.api.automation.pagefactory.OrganisationPF.addNewPartnerOrganisation(OrganisationPF.java:59)
	at com.dw.api.automation.TestScripts.CustomerOnBoardingTest.addNewPartnerOrganisation(CustomerOnBoardingTest.java:79)
	at sun.reflect.NativeMethodAccessorImpl.invoke0(Native Method)
	at sun.reflect.NativeMethodAccessorImpl.invoke(Unknown Source)
	at sun.reflect.DelegatingMethodAccessorImpl.invoke(Unknown Source)
	at java.lang.reflect.Method.invoke(Unknown Source)
	at org.testng.internal.MethodInvocationHelper.invokeMethod(MethodInvocationHelper.java:85)
	at org.testng.internal.Invoker.invokeMethod(Invoker.java:639)
	at org.testng.internal.Invoker.invokeTestMethod(Invoker.java:816)
	at org.testng.internal.Invoker.invokeTestMethods(Invoker.java:1124)
	at org.testng.internal.TestMethodWorker.invokeTestMethods(TestMethodWorker.java:125)
	at org.testng.internal.TestMethodWorker.run(TestMethodWorker.java:108)
	at org.testng.TestRunner.privateRun(TestRunner.java:774)
	at org.testng.TestRunner.run(TestRunner.java:624)
	at org.testng.SuiteRunner.runTest(SuiteRunner.java:359)
	at org.testng.SuiteRunner.runSequentially(SuiteRunner.java:354)
	at org.testng.SuiteRunner.privateRun(SuiteRunner.java:312)
	at org.testng.SuiteRunner.run(SuiteRunner.java:261)
	at org.testng.SuiteRunnerWorker.runSuite(SuiteRunnerWorker.java:52)
	at org.testng.SuiteRunnerWorker.run(SuiteRunnerWorker.java:86)
	at org.testng.TestNG.runSuitesSequentially(TestNG.java:1215)
	at org.testng.TestNG.runSuitesLocally(TestNG.java:1140)
	at org.testng.TestNG.run(TestNG.java:1048)
	at org.apache.maven.surefire.testng.TestNGExecutor.run(TestNGExecutor.java:217)
	at org.apache.maven.surefire.testng.TestNGXmlTestSuite.execute(TestNGXmlTestSuite.java:84)
	at org.apache.maven.surefire.testng.TestNGProvider.invoke(TestNGProvider.java:92)
	at org.apache.maven.surefire.booter.ForkedBooter.invokeProviderInSameClassLoader(ForkedBooter.java:200)
	at org.apache.maven.surefire.booter.ForkedBooter.runSuitesInProcess(ForkedBooter.java:153)
	at org.apache.maven.surefire.booter.ForkedBooter.main(ForkedBooter.java:103)
]]></system-err>
  </testcase>
  <testcase name="approveNewOrgByBAM" classname="com.dw.api.automation.TestScripts.CustomerOnBoardingTest" time="0.015">
    <failure type="java.lang.NullPointerException:">java.lang.NullPointerException: null
	at com.dw.api.automation.libs.FilloExcelUtility.readExcelWithTestName(FilloExcelUtility.java:109)
	at com.dw.api.automation.pagefactory.OrganisationPF.approveNewOrganisationByBam(OrganisationPF.java:155)
	at com.dw.api.automation.TestScripts.CustomerOnBoardingTest.approveNewOrgByBAM(CustomerOnBoardingTest.java:95)
</failure>
    <system-out><![CDATA[java.lang.NullPointerException
	at com.dw.api.automation.libs.FilloExcelUtility.readExcelWithTestName(FilloExcelUtility.java:109)
	at com.dw.api.automation.pagefactory.ApiLoginPF.loginAsPM(ApiLoginPF.java:50)
	at com.dw.api.automation.pagefactory.OrganisationPF.addNewPartnerOrganisation(OrganisationPF.java:59)
	at com.dw.api.automation.TestScripts.CustomerOnBoardingTest.addNewPartnerOrganisation(CustomerOnBoardingTest.java:79)
	at sun.reflect.NativeMethodAccessorImpl.invoke0(Native Method)
	at sun.reflect.NativeMethodAccessorImpl.invoke(Unknown Source)
	at sun.reflect.DelegatingMethodAccessorImpl.invoke(Unknown Source)
	at java.lang.reflect.Method.invoke(Unknown Source)
	at org.testng.internal.MethodInvocationHelper.invokeMethod(MethodInvocationHelper.java:85)
	at org.testng.internal.Invoker.invokeMethod(Invoker.java:639)
	at org.testng.internal.Invoker.invokeTestMethod(Invoker.java:816)
	at org.testng.internal.Invoker.invokeTestMethods(Invoker.java:1124)
	at org.testng.internal.TestMethodWorker.invokeTestMethods(TestMethodWorker.java:125)
	at org.testng.internal.TestMethodWorker.run(TestMethodWorker.java:108)
	at org.testng.TestRunner.privateRun(TestRunner.java:774)
	at org.testng.TestRunner.run(TestRunner.java:624)
	at org.testng.SuiteRunner.runTest(SuiteRunner.java:359)
	at org.testng.SuiteRunner.runSequentially(SuiteRunner.java:354)
	at org.testng.SuiteRunner.privateRun(SuiteRunner.java:312)
	at org.testng.SuiteRunner.run(SuiteRunner.java:261)
	at org.testng.SuiteRunnerWorker.runSuite(SuiteRunnerWorker.java:52)
	at org.testng.SuiteRunnerWorker.run(SuiteRunnerWorker.java:86)
	at org.testng.TestNG.runSuitesSequentially(TestNG.java:1215)
	at org.testng.TestNG.runSuitesLocally(TestNG.java:1140)
	at org.testng.TestNG.run(TestNG.java:1048)
	at org.apache.maven.surefire.testng.TestNGExecutor.run(TestNGExecutor.java:217)
	at org.apache.maven.surefire.testng.TestNGXmlTestSuite.execute(TestNGXmlTestSuite.java:84)
	at org.apache.maven.surefire.testng.TestNGProvider.invoke(TestNGProvider.java:92)
	at org.apache.maven.surefire.booter.ForkedBooter.invokeProviderInSameClassLoader(ForkedBooter.java:200)
	at org.apache.maven.surefire.booter.ForkedBooter.runSuitesInProcess(ForkedBooter.java:153)
	at org.apache.maven.surefire.booter.ForkedBooter.main(ForkedBooter.java:103)

testNameColom=CustomerOnBoardingTest
exceldbloc Location=/var/lib/jenkins/jobs/Genesis_API_Automation/workspace/src/test/resources/files/ConfigSheet.xlsx
exceldbloc=/var/lib/jenkins/jobs/Genesis_API_Automation/workspace/src/test/resources/files/ConfigSheet.xlsx
Page Name=login
]]></system-out>
    <system-err><![CDATA[com.codoid.products.exception.FilloException: Workbook is not found - /var/lib/jenkins/jobs/Genesis_API_Automation/workspace/src/test/resources/files/ConfigSheet.xlsx
	at com.codoid.products.fillo.Fillo.getConnection(Fillo.java:45)
	at com.dw.api.automation.libs.FilloExcelUtility.readExcelWithTestName(FilloExcelUtility.java:98)
	at com.dw.api.automation.pagefactory.OrganisationPF.approveNewOrganisationByBam(OrganisationPF.java:155)
	at com.dw.api.automation.TestScripts.CustomerOnBoardingTest.approveNewOrgByBAM(CustomerOnBoardingTest.java:95)
	at sun.reflect.NativeMethodAccessorImpl.invoke0(Native Method)
	at sun.reflect.NativeMethodAccessorImpl.invoke(Unknown Source)
	at sun.reflect.DelegatingMethodAccessorImpl.invoke(Unknown Source)
	at java.lang.reflect.Method.invoke(Unknown Source)
	at org.testng.internal.MethodInvocationHelper.invokeMethod(MethodInvocationHelper.java:85)
	at org.testng.internal.Invoker.invokeMethod(Invoker.java:639)
	at org.testng.internal.Invoker.invokeTestMethod(Invoker.java:816)
	at org.testng.internal.Invoker.invokeTestMethods(Invoker.java:1124)
	at org.testng.internal.TestMethodWorker.invokeTestMethods(TestMethodWorker.java:125)
	at org.testng.internal.TestMethodWorker.run(TestMethodWorker.java:108)
	at org.testng.TestRunner.privateRun(TestRunner.java:774)
	at org.testng.TestRunner.run(TestRunner.java:624)
	at org.testng.SuiteRunner.runTest(SuiteRunner.java:359)
	at org.testng.SuiteRunner.runSequentially(SuiteRunner.java:354)
	at org.testng.SuiteRunner.privateRun(SuiteRunner.java:312)
	at org.testng.SuiteRunner.run(SuiteRunner.java:261)
	at org.testng.SuiteRunnerWorker.runSuite(SuiteRunnerWorker.java:52)
	at org.testng.SuiteRunnerWorker.run(SuiteRunnerWorker.java:86)
	at org.testng.TestNG.runSuitesSequentially(TestNG.java:1215)
	at org.testng.TestNG.runSuitesLocally(TestNG.java:1140)
	at org.testng.TestNG.run(TestNG.java:1048)
	at org.apache.maven.surefire.testng.TestNGExecutor.run(TestNGExecutor.java:217)
	at org.apache.maven.surefire.testng.TestNGXmlTestSuite.execute(TestNGXmlTestSuite.java:84)
	at org.apache.maven.surefire.testng.TestNGProvider.invoke(TestNGProvider.java:92)
	at org.apache.maven.surefire.booter.ForkedBooter.invokeProviderInSameClassLoader(ForkedBooter.java:200)
	at org.apache.maven.surefire.booter.ForkedBooter.runSuitesInProcess(ForkedBooter.java:153)
	at org.apache.maven.surefire.booter.ForkedBooter.main(ForkedBooter.java:103)
]]></system-err>
  </testcase>
  <testcase name="approveNewOrgByCA" classname="com.dw.api.automation.TestScripts.CustomerOnBoardingTest" time="0.01">
    <failure type="java.lang.NullPointerException:">java.lang.NullPointerException: null
	at com.dw.api.automation.libs.FilloExcelUtility.readExcelWithTestName(FilloExcelUtility.java:109)
	at com.dw.api.automation.pagefactory.ApiLoginPF.loginAsCA(ApiLoginPF.java:150)
	at com.dw.api.automation.pagefactory.OrganisationPF.approveNewOrganisationByCA(OrganisationPF.java:207)
	at com.dw.api.automation.TestScripts.CustomerOnBoardingTest.approveNewOrgByCA(CustomerOnBoardingTest.java:110)
</failure>
    <system-out><![CDATA[java.lang.NullPointerException
	at com.dw.api.automation.libs.FilloExcelUtility.readExcelWithTestName(FilloExcelUtility.java:109)
	at com.dw.api.automation.pagefactory.OrganisationPF.approveNewOrganisationByBam(OrganisationPF.java:155)
	at com.dw.api.automation.TestScripts.CustomerOnBoardingTest.approveNewOrgByBAM(CustomerOnBoardingTest.java:95)
	at sun.reflect.NativeMethodAccessorImpl.invoke0(Native Method)
	at sun.reflect.NativeMethodAccessorImpl.invoke(Unknown Source)
	at sun.reflect.DelegatingMethodAccessorImpl.invoke(Unknown Source)
	at java.lang.reflect.Method.invoke(Unknown Source)
	at org.testng.internal.MethodInvocationHelper.invokeMethod(MethodInvocationHelper.java:85)
	at org.testng.internal.Invoker.invokeMethod(Invoker.java:639)
	at org.testng.internal.Invoker.invokeTestMethod(Invoker.java:816)
	at org.testng.internal.Invoker.invokeTestMethods(Invoker.java:1124)
	at org.testng.internal.TestMethodWorker.invokeTestMethods(TestMethodWorker.java:125)
	at org.testng.internal.TestMethodWorker.run(TestMethodWorker.java:108)
	at org.testng.TestRunner.privateRun(TestRunner.java:774)
	at org.testng.TestRunner.run(TestRunner.java:624)
	at org.testng.SuiteRunner.runTest(SuiteRunner.java:359)
	at org.testng.SuiteRunner.runSequentially(SuiteRunner.java:354)
	at org.testng.SuiteRunner.privateRun(SuiteRunner.java:312)
	at org.testng.SuiteRunner.run(SuiteRunner.java:261)
	at org.testng.SuiteRunnerWorker.runSuite(SuiteRunnerWorker.java:52)
	at org.testng.SuiteRunnerWorker.run(SuiteRunnerWorker.java:86)
	at org.testng.TestNG.runSuitesSequentially(TestNG.java:1215)
	at org.testng.TestNG.runSuitesLocally(TestNG.java:1140)
	at org.testng.TestNG.run(TestNG.java:1048)
	at org.apache.maven.surefire.testng.TestNGExecutor.run(TestNGExecutor.java:217)
	at org.apache.maven.surefire.testng.TestNGXmlTestSuite.execute(TestNGXmlTestSuite.java:84)
	at org.apache.maven.surefire.testng.TestNGProvider.invoke(TestNGProvider.java:92)
	at org.apache.maven.surefire.booter.ForkedBooter.invokeProviderInSameClassLoader(ForkedBooter.java:200)
	at org.apache.maven.surefire.booter.ForkedBooter.runSuitesInProcess(ForkedBooter.java:153)
	at org.apache.maven.surefire.booter.ForkedBooter.main(ForkedBooter.java:103)

dbloc=https://test.
exceldbloc Location=/var/lib/jenkins/jobs/Genesis_API_Automation/workspace/src/test/resources/files/ConfigSheet.xlsx
exceldbloc=/var/lib/jenkins/jobs/Genesis_API_Automation/workspace/src/test/resources/files/ConfigSheet.xlsx
Page Name=login
]]></system-out>
    <system-err><![CDATA[com.codoid.products.exception.FilloException: Workbook is not found - /var/lib/jenkins/jobs/Genesis_API_Automation/workspace/src/test/resources/files/ConfigSheet.xlsx
	at com.codoid.products.fillo.Fillo.getConnection(Fillo.java:45)
	at com.dw.api.automation.libs.FilloExcelUtility.readExcelWithTestName(FilloExcelUtility.java:98)
	at com.dw.api.automation.pagefactory.ApiLoginPF.loginAsCA(ApiLoginPF.java:150)
	at com.dw.api.automation.pagefactory.OrganisationPF.approveNewOrganisationByCA(OrganisationPF.java:207)
	at com.dw.api.automation.TestScripts.CustomerOnBoardingTest.approveNewOrgByCA(CustomerOnBoardingTest.java:110)
	at sun.reflect.NativeMethodAccessorImpl.invoke0(Native Method)
	at sun.reflect.NativeMethodAccessorImpl.invoke(Unknown Source)
	at sun.reflect.DelegatingMethodAccessorImpl.invoke(Unknown Source)
	at java.lang.reflect.Method.invoke(Unknown Source)
	at org.testng.internal.MethodInvocationHelper.invokeMethod(MethodInvocationHelper.java:85)
	at org.testng.internal.Invoker.invokeMethod(Invoker.java:639)
	at org.testng.internal.Invoker.invokeTestMethod(Invoker.java:816)
	at org.testng.internal.Invoker.invokeTestMethods(Invoker.java:1124)
	at org.testng.internal.TestMethodWorker.invokeTestMethods(TestMethodWorker.java:125)
	at org.testng.internal.TestMethodWorker.run(TestMethodWorker.java:108)
	at org.testng.TestRunner.privateRun(TestRunner.java:774)
	at org.testng.TestRunner.run(TestRunner.java:624)
	at org.testng.SuiteRunner.runTest(SuiteRunner.java:359)
	at org.testng.SuiteRunner.runSequentially(SuiteRunner.java:354)
	at org.testng.SuiteRunner.privateRun(SuiteRunner.java:312)
	at org.testng.SuiteRunner.run(SuiteRunner.java:261)
	at org.testng.SuiteRunnerWorker.runSuite(SuiteRunnerWorker.java:52)
	at org.testng.SuiteRunnerWorker.run(SuiteRunnerWorker.java:86)
	at org.testng.TestNG.runSuitesSequentially(TestNG.java:1215)
	at org.testng.TestNG.runSuitesLocally(TestNG.java:1140)
	at org.testng.TestNG.run(TestNG.java:1048)
	at org.apache.maven.surefire.testng.TestNGExecutor.run(TestNGExecutor.java:217)
	at org.apache.maven.surefire.testng.TestNGXmlTestSuite.execute(TestNGXmlTestSuite.java:84)
	at org.apache.maven.surefire.testng.TestNGProvider.invoke(TestNGProvider.java:92)
	at org.apache.maven.surefire.booter.ForkedBooter.invokeProviderInSameClassLoader(ForkedBooter.java:200)
	at org.apache.maven.surefire.booter.ForkedBooter.runSuitesInProcess(ForkedBooter.java:153)
	at org.apache.maven.surefire.booter.ForkedBooter.main(ForkedBooter.java:103)
]]></system-err>
  </testcase>
  <testcase name="createNewCustomer" classname="com.dw.api.automation.TestScripts.CustomerOnBoardingTest" time="0.013">
    <failure type="java.lang.NullPointerException:">java.lang.NullPointerException: null
	at com.dw.api.automation.libs.FilloExcelUtility.readExcelWithTestName(FilloExcelUtility.java:109)
	at com.dw.api.automation.pagefactory.ApiLoginPF.loginAsPM(ApiLoginPF.java:50)
	at com.dw.api.automation.pagefactory.CustomerPF.createNewCustomer(CustomerPF.java:36)
	at com.dw.api.automation.TestScripts.CustomerOnBoardingTest.createNewCustomer(CustomerOnBoardingTest.java:121)
</failure>
    <system-out><![CDATA[java.lang.NullPointerException
	at com.dw.api.automation.libs.FilloExcelUtility.readExcelWithTestName(FilloExcelUtility.java:109)
	at com.dw.api.automation.pagefactory.ApiLoginPF.loginAsCA(ApiLoginPF.java:150)
	at com.dw.api.automation.pagefactory.OrganisationPF.approveNewOrganisationByCA(OrganisationPF.java:207)
	at com.dw.api.automation.TestScripts.CustomerOnBoardingTest.approveNewOrgByCA(CustomerOnBoardingTest.java:110)
	at sun.reflect.NativeMethodAccessorImpl.invoke0(Native Method)
	at sun.reflect.NativeMethodAccessorImpl.invoke(Unknown Source)
	at sun.reflect.DelegatingMethodAccessorImpl.invoke(Unknown Source)
	at java.lang.reflect.Method.invoke(Unknown Source)
	at org.testng.internal.MethodInvocationHelper.invokeMethod(MethodInvocationHelper.java:85)
	at org.testng.internal.Invoker.invokeMethod(Invoker.java:639)
	at org.testng.internal.Invoker.invokeTestMethod(Invoker.java:816)
	at org.testng.internal.Invoker.invokeTestMethods(Invoker.java:1124)
	at org.testng.internal.TestMethodWorker.invokeTestMethods(TestMethodWorker.java:125)
	at org.testng.internal.TestMethodWorker.run(TestMethodWorker.java:108)
	at org.testng.TestRunner.privateRun(TestRunner.java:774)
	at org.testng.TestRunner.run(TestRunner.java:624)
	at org.testng.SuiteRunner.runTest(SuiteRunner.java:359)
	at org.testng.SuiteRunner.runSequentially(SuiteRunner.java:354)
	at org.testng.SuiteRunner.privateRun(SuiteRunner.java:312)
	at org.testng.SuiteRunner.run(SuiteRunner.java:261)
	at org.testng.SuiteRunnerWorker.runSuite(SuiteRunnerWorker.java:52)
	at org.testng.SuiteRunnerWorker.run(SuiteRunnerWorker.java:86)
	at org.testng.TestNG.runSuitesSequentially(TestNG.java:1215)
	at org.testng.TestNG.runSuitesLocally(TestNG.java:1140)
	at org.testng.TestNG.run(TestNG.java:1048)
	at org.apache.maven.surefire.testng.TestNGExecutor.run(TestNGExecutor.java:217)
	at org.apache.maven.surefire.testng.TestNGXmlTestSuite.execute(TestNGXmlTestSuite.java:84)
	at org.apache.maven.surefire.testng.TestNGProvider.invoke(TestNGProvider.java:92)
	at org.apache.maven.surefire.booter.ForkedBooter.invokeProviderInSameClassLoader(ForkedBooter.java:200)
	at org.apache.maven.surefire.booter.ForkedBooter.runSuitesInProcess(ForkedBooter.java:153)
	at org.apache.maven.surefire.booter.ForkedBooter.main(ForkedBooter.java:103)

dbloc=https://test.
exceldbloc Location=/var/lib/jenkins/jobs/Genesis_API_Automation/workspace/src/test/resources/files/ConfigSheet.xlsx
exceldbloc=/var/lib/jenkins/jobs/Genesis_API_Automation/workspace/src/test/resources/files/ConfigSheet.xlsx
Page Name=login
]]></system-out>
    <system-err><![CDATA[com.codoid.products.exception.FilloException: Workbook is not found - /var/lib/jenkins/jobs/Genesis_API_Automation/workspace/src/test/resources/files/ConfigSheet.xlsx
	at com.codoid.products.fillo.Fillo.getConnection(Fillo.java:45)
	at com.dw.api.automation.libs.FilloExcelUtility.readExcelWithTestName(FilloExcelUtility.java:98)
	at com.dw.api.automation.pagefactory.ApiLoginPF.loginAsPM(ApiLoginPF.java:50)
	at com.dw.api.automation.pagefactory.CustomerPF.createNewCustomer(CustomerPF.java:36)
	at com.dw.api.automation.TestScripts.CustomerOnBoardingTest.createNewCustomer(CustomerOnBoardingTest.java:121)
	at sun.reflect.NativeMethodAccessorImpl.invoke0(Native Method)
	at sun.reflect.NativeMethodAccessorImpl.invoke(Unknown Source)
	at sun.reflect.DelegatingMethodAccessorImpl.invoke(Unknown Source)
	at java.lang.reflect.Method.invoke(Unknown Source)
	at org.testng.internal.MethodInvocationHelper.invokeMethod(MethodInvocationHelper.java:85)
	at org.testng.internal.Invoker.invokeMethod(Invoker.java:639)
	at org.testng.internal.Invoker.invokeTestMethod(Invoker.java:816)
	at org.testng.internal.Invoker.invokeTestMethods(Invoker.java:1124)
	at org.testng.internal.TestMethodWorker.invokeTestMethods(TestMethodWorker.java:125)
	at org.testng.internal.TestMethodWorker.run(TestMethodWorker.java:108)
	at org.testng.TestRunner.privateRun(TestRunner.java:774)
	at org.testng.TestRunner.run(TestRunner.java:624)
	at org.testng.SuiteRunner.runTest(SuiteRunner.java:359)
	at org.testng.SuiteRunner.runSequentially(SuiteRunner.java:354)
	at org.testng.SuiteRunner.privateRun(SuiteRunner.java:312)
	at org.testng.SuiteRunner.run(SuiteRunner.java:261)
	at org.testng.SuiteRunnerWorker.runSuite(SuiteRunnerWorker.java:52)
	at org.testng.SuiteRunnerWorker.run(SuiteRunnerWorker.java:86)
	at org.testng.TestNG.runSuitesSequentially(TestNG.java:1215)
	at org.testng.TestNG.runSuitesLocally(TestNG.java:1140)
	at org.testng.TestNG.run(TestNG.java:1048)
	at org.apache.maven.surefire.testng.TestNGExecutor.run(TestNGExecutor.java:217)
	at org.apache.maven.surefire.testng.TestNGXmlTestSuite.execute(TestNGXmlTestSuite.java:84)
	at org.apache.maven.surefire.testng.TestNGProvider.invoke(TestNGProvider.java:92)
	at org.apache.maven.surefire.booter.ForkedBooter.invokeProviderInSameClassLoader(ForkedBooter.java:200)
	at org.apache.maven.surefire.booter.ForkedBooter.runSuitesInProcess(ForkedBooter.java:153)
	at org.apache.maven.surefire.booter.ForkedBooter.main(ForkedBooter.java:103)
]]></system-err>
  </testcase>
  <testcase name="getCustomerId" classname="com.dw.api.automation.TestScripts.CustomerOnBoardingTest" time="0.006">
    <failure type="java.lang.NullPointerException:">java.lang.NullPointerException: null
	at com.dw.api.automation.libs.FilloExcelUtility.readExcelWithTestName(FilloExcelUtility.java:109)
	at com.dw.api.automation.pagefactory.ApiLoginPF.loginAsBAM(ApiLoginPF.java:99)
	at com.dw.api.automation.pagefactory.CustomerPF.getCustomerId(CustomerPF.java:98)
	at com.dw.api.automation.TestScripts.CustomerOnBoardingTest.getCustomerId(CustomerOnBoardingTest.java:133)
</failure>
    <system-out><![CDATA[java.lang.NullPointerException
	at com.dw.api.automation.libs.FilloExcelUtility.readExcelWithTestName(FilloExcelUtility.java:109)
	at com.dw.api.automation.pagefactory.ApiLoginPF.loginAsPM(ApiLoginPF.java:50)
	at com.dw.api.automation.pagefactory.CustomerPF.createNewCustomer(CustomerPF.java:36)
	at com.dw.api.automation.TestScripts.CustomerOnBoardingTest.createNewCustomer(CustomerOnBoardingTest.java:121)
	at sun.reflect.NativeMethodAccessorImpl.invoke0(Native Method)
	at sun.reflect.NativeMethodAccessorImpl.invoke(Unknown Source)
	at sun.reflect.DelegatingMethodAccessorImpl.invoke(Unknown Source)
	at java.lang.reflect.Method.invoke(Unknown Source)
	at org.testng.internal.MethodInvocationHelper.invokeMethod(MethodInvocationHelper.java:85)
	at org.testng.internal.Invoker.invokeMethod(Invoker.java:639)
	at org.testng.internal.Invoker.invokeTestMethod(Invoker.java:816)
	at org.testng.internal.Invoker.invokeTestMethods(Invoker.java:1124)
	at org.testng.internal.TestMethodWorker.invokeTestMethods(TestMethodWorker.java:125)
	at org.testng.internal.TestMethodWorker.run(TestMethodWorker.java:108)
	at org.testng.TestRunner.privateRun(TestRunner.java:774)
	at org.testng.TestRunner.run(TestRunner.java:624)
	at org.testng.SuiteRunner.runTest(SuiteRunner.java:359)
	at org.testng.SuiteRunner.runSequentially(SuiteRunner.java:354)
	at org.testng.SuiteRunner.privateRun(SuiteRunner.java:312)
	at org.testng.SuiteRunner.run(SuiteRunner.java:261)
	at org.testng.SuiteRunnerWorker.runSuite(SuiteRunnerWorker.java:52)
	at org.testng.SuiteRunnerWorker.run(SuiteRunnerWorker.java:86)
	at org.testng.TestNG.runSuitesSequentially(TestNG.java:1215)
	at org.testng.TestNG.runSuitesLocally(TestNG.java:1140)
	at org.testng.TestNG.run(TestNG.java:1048)
	at org.apache.maven.surefire.testng.TestNGExecutor.run(TestNGExecutor.java:217)
	at org.apache.maven.surefire.testng.TestNGXmlTestSuite.execute(TestNGXmlTestSuite.java:84)
	at org.apache.maven.surefire.testng.TestNGProvider.invoke(TestNGProvider.java:92)
	at org.apache.maven.surefire.booter.ForkedBooter.invokeProviderInSameClassLoader(ForkedBooter.java:200)
	at org.apache.maven.surefire.booter.ForkedBooter.runSuitesInProcess(ForkedBooter.java:153)
	at org.apache.maven.surefire.booter.ForkedBooter.main(ForkedBooter.java:103)

dbloc=https://test.
exceldbloc Location=/var/lib/jenkins/jobs/Genesis_API_Automation/workspace/src/test/resources/files/ConfigSheet.xlsx
exceldbloc=/var/lib/jenkins/jobs/Genesis_API_Automation/workspace/src/test/resources/files/ConfigSheet.xlsx
Page Name=login
]]></system-out>
    <system-err><![CDATA[com.codoid.products.exception.FilloException: Workbook is not found - /var/lib/jenkins/jobs/Genesis_API_Automation/workspace/src/test/resources/files/ConfigSheet.xlsx
	at com.codoid.products.fillo.Fillo.getConnection(Fillo.java:45)
	at com.dw.api.automation.libs.FilloExcelUtility.readExcelWithTestName(FilloExcelUtility.java:98)
	at com.dw.api.automation.pagefactory.ApiLoginPF.loginAsBAM(ApiLoginPF.java:99)
	at com.dw.api.automation.pagefactory.CustomerPF.getCustomerId(CustomerPF.java:98)
	at com.dw.api.automation.TestScripts.CustomerOnBoardingTest.getCustomerId(CustomerOnBoardingTest.java:133)
	at sun.reflect.NativeMethodAccessorImpl.invoke0(Native Method)
	at sun.reflect.NativeMethodAccessorImpl.invoke(Unknown Source)
	at sun.reflect.DelegatingMethodAccessorImpl.invoke(Unknown Source)
	at java.lang.reflect.Method.invoke(Unknown Source)
	at org.testng.internal.MethodInvocationHelper.invokeMethod(MethodInvocationHelper.java:85)
	at org.testng.internal.Invoker.invokeMethod(Invoker.java:639)
	at org.testng.internal.Invoker.invokeTestMethod(Invoker.java:816)
	at org.testng.internal.Invoker.invokeTestMethods(Invoker.java:1124)
	at org.testng.internal.TestMethodWorker.invokeTestMethods(TestMethodWorker.java:125)
	at org.testng.internal.TestMethodWorker.run(TestMethodWorker.java:108)
	at org.testng.TestRunner.privateRun(TestRunner.java:774)
	at org.testng.TestRunner.run(TestRunner.java:624)
	at org.testng.SuiteRunner.runTest(SuiteRunner.java:359)
	at org.testng.SuiteRunner.runSequentially(SuiteRunner.java:354)
	at org.testng.SuiteRunner.privateRun(SuiteRunner.java:312)
	at org.testng.SuiteRunner.run(SuiteRunner.java:261)
	at org.testng.SuiteRunnerWorker.runSuite(SuiteRunnerWorker.java:52)
	at org.testng.SuiteRunnerWorker.run(SuiteRunnerWorker.java:86)
	at org.testng.TestNG.runSuitesSequentially(TestNG.java:1215)
	at org.testng.TestNG.runSuitesLocally(TestNG.java:1140)
	at org.testng.TestNG.run(TestNG.java:1048)
	at org.apache.maven.surefire.testng.TestNGExecutor.run(TestNGExecutor.java:217)
	at org.apache.maven.surefire.testng.TestNGXmlTestSuite.execute(TestNGXmlTestSuite.java:84)
	at org.apache.maven.surefire.testng.TestNGProvider.invoke(TestNGProvider.java:92)
	at org.apache.maven.surefire.booter.ForkedBooter.invokeProviderInSameClassLoader(ForkedBooter.java:200)
	at org.apache.maven.surefire.booter.ForkedBooter.runSuitesInProcess(ForkedBooter.java:153)
	at org.apache.maven.surefire.booter.ForkedBooter.main(ForkedBooter.java:103)
]]></system-err>
  </testcase>
  <testcase name="approveNewCustomerFromBam" classname="com.dw.api.automation.TestScripts.CustomerOnBoardingTest" time="0.002">
    <failure type="java.lang.NullPointerException:">java.lang.NullPointerException: null
	at com.dw.api.automation.libs.FilloExcelUtility.readExcelWithTestName(FilloExcelUtility.java:109)
	at com.dw.api.automation.pagefactory.ApiLoginPF.loginAsBAM(ApiLoginPF.java:99)
	at com.dw.api.automation.pagefactory.CustomerPF.approveNewCustomerFromBam(CustomerPF.java:133)
	at com.dw.api.automation.TestScripts.CustomerOnBoardingTest.approveNewCustomerFromBam(CustomerOnBoardingTest.java:143)
</failure>
    <system-out><![CDATA[java.lang.NullPointerException
	at com.dw.api.automation.libs.FilloExcelUtility.readExcelWithTestName(FilloExcelUtility.java:109)
	at com.dw.api.automation.pagefactory.ApiLoginPF.loginAsBAM(ApiLoginPF.java:99)
	at com.dw.api.automation.pagefactory.CustomerPF.getCustomerId(CustomerPF.java:98)
	at com.dw.api.automation.TestScripts.CustomerOnBoardingTest.getCustomerId(CustomerOnBoardingTest.java:133)
	at sun.reflect.NativeMethodAccessorImpl.invoke0(Native Method)
	at sun.reflect.NativeMethodAccessorImpl.invoke(Unknown Source)
	at sun.reflect.DelegatingMethodAccessorImpl.invoke(Unknown Source)
	at java.lang.reflect.Method.invoke(Unknown Source)
	at org.testng.internal.MethodInvocationHelper.invokeMethod(MethodInvocationHelper.java:85)
	at org.testng.internal.Invoker.invokeMethod(Invoker.java:639)
	at org.testng.internal.Invoker.invokeTestMethod(Invoker.java:816)
	at org.testng.internal.Invoker.invokeTestMethods(Invoker.java:1124)
	at org.testng.internal.TestMethodWorker.invokeTestMethods(TestMethodWorker.java:125)
	at org.testng.internal.TestMethodWorker.run(TestMethodWorker.java:108)
	at org.testng.TestRunner.privateRun(TestRunner.java:774)
	at org.testng.TestRunner.run(TestRunner.java:624)
	at org.testng.SuiteRunner.runTest(SuiteRunner.java:359)
	at org.testng.SuiteRunner.runSequentially(SuiteRunner.java:354)
	at org.testng.SuiteRunner.privateRun(SuiteRunner.java:312)
	at org.testng.SuiteRunner.run(SuiteRunner.java:261)
	at org.testng.SuiteRunnerWorker.runSuite(SuiteRunnerWorker.java:52)
	at org.testng.SuiteRunnerWorker.run(SuiteRunnerWorker.java:86)
	at org.testng.TestNG.runSuitesSequentially(TestNG.java:1215)
	at org.testng.TestNG.runSuitesLocally(TestNG.java:1140)
	at org.testng.TestNG.run(TestNG.java:1048)
	at org.apache.maven.surefire.testng.TestNGExecutor.run(TestNGExecutor.java:217)
	at org.apache.maven.surefire.testng.TestNGXmlTestSuite.execute(TestNGXmlTestSuite.java:84)
	at org.apache.maven.surefire.testng.TestNGProvider.invoke(TestNGProvider.java:92)
	at org.apache.maven.surefire.booter.ForkedBooter.invokeProviderInSameClassLoader(ForkedBooter.java:200)
	at org.apache.maven.surefire.booter.ForkedBooter.runSuitesInProcess(ForkedBooter.java:153)
	at org.apache.maven.surefire.booter.ForkedBooter.main(ForkedBooter.java:103)

dbloc=https://test.
exceldbloc Location=/var/lib/jenkins/jobs/Genesis_API_Automation/workspace/src/test/resources/files/ConfigSheet.xlsx
exceldbloc=/var/lib/jenkins/jobs/Genesis_API_Automation/workspace/src/test/resources/files/ConfigSheet.xlsx
Page Name=login
]]></system-out>
    <system-err><![CDATA[com.codoid.products.exception.FilloException: Workbook is not found - /var/lib/jenkins/jobs/Genesis_API_Automation/workspace/src/test/resources/files/ConfigSheet.xlsx
	at com.codoid.products.fillo.Fillo.getConnection(Fillo.java:45)
	at com.dw.api.automation.libs.FilloExcelUtility.readExcelWithTestName(FilloExcelUtility.java:98)
	at com.dw.api.automation.pagefactory.ApiLoginPF.loginAsBAM(ApiLoginPF.java:99)
	at com.dw.api.automation.pagefactory.CustomerPF.approveNewCustomerFromBam(CustomerPF.java:133)
	at com.dw.api.automation.TestScripts.CustomerOnBoardingTest.approveNewCustomerFromBam(CustomerOnBoardingTest.java:143)
	at sun.reflect.NativeMethodAccessorImpl.invoke0(Native Method)
	at sun.reflect.NativeMethodAccessorImpl.invoke(Unknown Source)
	at sun.reflect.DelegatingMethodAccessorImpl.invoke(Unknown Source)
	at java.lang.reflect.Method.invoke(Unknown Source)
	at org.testng.internal.MethodInvocationHelper.invokeMethod(MethodInvocationHelper.java:85)
	at org.testng.internal.Invoker.invokeMethod(Invoker.java:639)
	at org.testng.internal.Invoker.invokeTestMethod(Invoker.java:816)
	at org.testng.internal.Invoker.invokeTestMethods(Invoker.java:1124)
	at org.testng.internal.TestMethodWorker.invokeTestMethods(TestMethodWorker.java:125)
	at org.testng.internal.TestMethodWorker.run(TestMethodWorker.java:108)
	at org.testng.TestRunner.privateRun(TestRunner.java:774)
	at org.testng.TestRunner.run(TestRunner.java:624)
	at org.testng.SuiteRunner.runTest(SuiteRunner.java:359)
	at org.testng.SuiteRunner.runSequentially(SuiteRunner.java:354)
	at org.testng.SuiteRunner.privateRun(SuiteRunner.java:312)
	at org.testng.SuiteRunner.run(SuiteRunner.java:261)
	at org.testng.SuiteRunnerWorker.runSuite(SuiteRunnerWorker.java:52)
	at org.testng.SuiteRunnerWorker.run(SuiteRunnerWorker.java:86)
	at org.testng.TestNG.runSuitesSequentially(TestNG.java:1215)
	at org.testng.TestNG.runSuitesLocally(TestNG.java:1140)
	at org.testng.TestNG.run(TestNG.java:1048)
	at org.apache.maven.surefire.testng.TestNGExecutor.run(TestNGExecutor.java:217)
	at org.apache.maven.surefire.testng.TestNGXmlTestSuite.execute(TestNGXmlTestSuite.java:84)
	at org.apache.maven.surefire.testng.TestNGProvider.invoke(TestNGProvider.java:92)
	at org.apache.maven.surefire.booter.ForkedBooter.invokeProviderInSameClassLoader(ForkedBooter.java:200)
	at org.apache.maven.surefire.booter.ForkedBooter.runSuitesInProcess(ForkedBooter.java:153)
	at org.apache.maven.surefire.booter.ForkedBooter.main(ForkedBooter.java:103)
]]></system-err>
  </testcase>
  <testcase name="loginAsPm" classname="com.dw.api.automation.TestScripts.MarketPlaceAndContractManagementTest" time="0.002">
    <failure type="java.lang.NullPointerException:">java.lang.NullPointerException: null
	at com.dw.api.automation.libs.FilloExcelUtility.readExcelWithTestName(FilloExcelUtility.java:109)
	at com.dw.api.automation.TestScripts.MarketPlaceAndContractManagementTest.loginAsPm(MarketPlaceAndContractManagementTest.java:43)
</failure>
    <system-out><![CDATA[java.lang.NullPointerException
	at com.dw.api.automation.libs.FilloExcelUtility.readExcelWithTestName(FilloExcelUtility.java:109)
	at com.dw.api.automation.pagefactory.ApiLoginPF.loginAsBAM(ApiLoginPF.java:99)
	at com.dw.api.automation.pagefactory.CustomerPF.approveNewCustomerFromBam(CustomerPF.java:133)
	at com.dw.api.automation.TestScripts.CustomerOnBoardingTest.approveNewCustomerFromBam(CustomerOnBoardingTest.java:143)
	at sun.reflect.NativeMethodAccessorImpl.invoke0(Native Method)
	at sun.reflect.NativeMethodAccessorImpl.invoke(Unknown Source)
	at sun.reflect.DelegatingMethodAccessorImpl.invoke(Unknown Source)
	at java.lang.reflect.Method.invoke(Unknown Source)
	at org.testng.internal.MethodInvocationHelper.invokeMethod(MethodInvocationHelper.java:85)
	at org.testng.internal.Invoker.invokeMethod(Invoker.java:639)
	at org.testng.internal.Invoker.invokeTestMethod(Invoker.java:816)
	at org.testng.internal.Invoker.invokeTestMethods(Invoker.java:1124)
	at org.testng.internal.TestMethodWorker.invokeTestMethods(TestMethodWorker.java:125)
	at org.testng.internal.TestMethodWorker.run(TestMethodWorker.java:108)
	at org.testng.TestRunner.privateRun(TestRunner.java:774)
	at org.testng.TestRunner.run(TestRunner.java:624)
	at org.testng.SuiteRunner.runTest(SuiteRunner.java:359)
	at org.testng.SuiteRunner.runSequentially(SuiteRunner.java:354)
	at org.testng.SuiteRunner.privateRun(SuiteRunner.java:312)
	at org.testng.SuiteRunner.run(SuiteRunner.java:261)
	at org.testng.SuiteRunnerWorker.runSuite(SuiteRunnerWorker.java:52)
	at org.testng.SuiteRunnerWorker.run(SuiteRunnerWorker.java:86)
	at org.testng.TestNG.runSuitesSequentially(TestNG.java:1215)
	at org.testng.TestNG.runSuitesLocally(TestNG.java:1140)
	at org.testng.TestNG.run(TestNG.java:1048)
	at org.apache.maven.surefire.testng.TestNGExecutor.run(TestNGExecutor.java:217)
	at org.apache.maven.surefire.testng.TestNGXmlTestSuite.execute(TestNGXmlTestSuite.java:84)
	at org.apache.maven.surefire.testng.TestNGProvider.invoke(TestNGProvider.java:92)
	at org.apache.maven.surefire.booter.ForkedBooter.invokeProviderInSameClassLoader(ForkedBooter.java:200)
	at org.apache.maven.surefire.booter.ForkedBooter.runSuitesInProcess(ForkedBooter.java:153)
	at org.apache.maven.surefire.booter.ForkedBooter.main(ForkedBooter.java:103)

extent object value=com.relevantcodes.extentreports.ExtentReports@780cb77
exceldbloc Location=/var/lib/jenkins/jobs/Genesis_API_Automation/workspace/src/test/resources/files/ConfigSheet.xlsx
exceldbloc=/var/lib/jenkins/jobs/Genesis_API_Automation/workspace/src/test/resources/files/ConfigSheet.xlsx
Page Name=login
]]></system-out>
    <system-err><![CDATA[com.codoid.products.exception.FilloException: Workbook is not found - /var/lib/jenkins/jobs/Genesis_API_Automation/workspace/src/test/resources/files/ConfigSheet.xlsx
	at com.codoid.products.fillo.Fillo.getConnection(Fillo.java:45)
	at com.dw.api.automation.libs.FilloExcelUtility.readExcelWithTestName(FilloExcelUtility.java:98)
	at com.dw.api.automation.TestScripts.MarketPlaceAndContractManagementTest.loginAsPm(MarketPlaceAndContractManagementTest.java:43)
	at sun.reflect.NativeMethodAccessorImpl.invoke0(Native Method)
	at sun.reflect.NativeMethodAccessorImpl.invoke(Unknown Source)
	at sun.reflect.DelegatingMethodAccessorImpl.invoke(Unknown Source)
	at java.lang.reflect.Method.invoke(Unknown Source)
	at org.testng.internal.MethodInvocationHelper.invokeMethod(MethodInvocationHelper.java:85)
	at org.testng.internal.Invoker.invokeMethod(Invoker.java:639)
	at org.testng.internal.Invoker.invokeTestMethod(Invoker.java:816)
	at org.testng.internal.Invoker.invokeTestMethods(Invoker.java:1124)
	at org.testng.internal.TestMethodWorker.invokeTestMethods(TestMethodWorker.java:125)
	at org.testng.internal.TestMethodWorker.run(TestMethodWorker.java:108)
	at org.testng.TestRunner.privateRun(TestRunner.java:774)
	at org.testng.TestRunner.run(TestRunner.java:624)
	at org.testng.SuiteRunner.runTest(SuiteRunner.java:359)
	at org.testng.SuiteRunner.runSequentially(SuiteRunner.java:354)
	at org.testng.SuiteRunner.privateRun(SuiteRunner.java:312)
	at org.testng.SuiteRunner.run(SuiteRunner.java:261)
	at org.testng.SuiteRunnerWorker.runSuite(SuiteRunnerWorker.java:52)
	at org.testng.SuiteRunnerWorker.run(SuiteRunnerWorker.java:86)
	at org.testng.TestNG.runSuitesSequentially(TestNG.java:1215)
	at org.testng.TestNG.runSuitesLocally(TestNG.java:1140)
	at org.testng.TestNG.run(TestNG.java:1048)
	at org.apache.maven.surefire.testng.TestNGExecutor.run(TestNGExecutor.java:217)
	at org.apache.maven.surefire.testng.TestNGXmlTestSuite.execute(TestNGXmlTestSuite.java:84)
	at org.apache.maven.surefire.testng.TestNGProvider.invoke(TestNGProvider.java:92)
	at org.apache.maven.surefire.booter.ForkedBooter.invokeProviderInSameClassLoader(ForkedBooter.java:200)
	at org.apache.maven.surefire.booter.ForkedBooter.runSuitesInProcess(ForkedBooter.java:153)
	at org.apache.maven.surefire.booter.ForkedBooter.main(ForkedBooter.java:103)
]]></system-err>
  </testcase>
  <testcase name="addBaseProductWithTwoLicenses" classname="com.dw.api.automation.TestScripts.MarketPlaceAndContractManagementTest" time="0.004">
    <failure type="java.lang.NullPointerException:">java.lang.NullPointerException: null
	at com.dw.api.automation.libs.FilloExcelUtility.readExcelWithTestName(FilloExcelUtility.java:109)
	at com.dw.api.automation.pagefactory.ApiLoginPF.loginAsPM(ApiLoginPF.java:50)
	at com.dw.api.automation.pagefactory.MarketPlaceAndContractManagementPF.addBaseProductWithTwoLicenses(MarketPlaceAndContractManagementPF.java:26)
	at com.dw.api.automation.TestScripts.MarketPlaceAndContractManagementTest.addBaseProductWithTwoLicenses(MarketPlaceAndContractManagementTest.java:62)
</failure>
    <system-out><![CDATA[java.lang.NullPointerException
	at com.dw.api.automation.libs.FilloExcelUtility.readExcelWithTestName(FilloExcelUtility.java:109)
	at com.dw.api.automation.TestScripts.MarketPlaceAndContractManagementTest.loginAsPm(MarketPlaceAndContractManagementTest.java:43)
	at sun.reflect.NativeMethodAccessorImpl.invoke0(Native Method)
	at sun.reflect.NativeMethodAccessorImpl.invoke(Unknown Source)
	at sun.reflect.DelegatingMethodAccessorImpl.invoke(Unknown Source)
	at java.lang.reflect.Method.invoke(Unknown Source)
	at org.testng.internal.MethodInvocationHelper.invokeMethod(MethodInvocationHelper.java:85)
	at org.testng.internal.Invoker.invokeMethod(Invoker.java:639)
	at org.testng.internal.Invoker.invokeTestMethod(Invoker.java:816)
	at org.testng.internal.Invoker.invokeTestMethods(Invoker.java:1124)
	at org.testng.internal.TestMethodWorker.invokeTestMethods(TestMethodWorker.java:125)
	at org.testng.internal.TestMethodWorker.run(TestMethodWorker.java:108)
	at org.testng.TestRunner.privateRun(TestRunner.java:774)
	at org.testng.TestRunner.run(TestRunner.java:624)
	at org.testng.SuiteRunner.runTest(SuiteRunner.java:359)
	at org.testng.SuiteRunner.runSequentially(SuiteRunner.java:354)
	at org.testng.SuiteRunner.privateRun(SuiteRunner.java:312)
	at org.testng.SuiteRunner.run(SuiteRunner.java:261)
	at org.testng.SuiteRunnerWorker.runSuite(SuiteRunnerWorker.java:52)
	at org.testng.SuiteRunnerWorker.run(SuiteRunnerWorker.java:86)
	at org.testng.TestNG.runSuitesSequentially(TestNG.java:1215)
	at org.testng.TestNG.runSuitesLocally(TestNG.java:1140)
	at org.testng.TestNG.run(TestNG.java:1048)
	at org.apache.maven.surefire.testng.TestNGExecutor.run(TestNGExecutor.java:217)
	at org.apache.maven.surefire.testng.TestNGXmlTestSuite.execute(TestNGXmlTestSuite.java:84)
	at org.apache.maven.surefire.testng.TestNGProvider.invoke(TestNGProvider.java:92)
	at org.apache.maven.surefire.booter.ForkedBooter.invokeProviderInSameClassLoader(ForkedBooter.java:200)
	at org.apache.maven.surefire.booter.ForkedBooter.runSuitesInProcess(ForkedBooter.java:153)
	at org.apache.maven.surefire.booter.ForkedBooter.main(ForkedBooter.java:103)

dbloc=https://test.
exceldbloc Location=/var/lib/jenkins/jobs/Genesis_API_Automation/workspace/src/test/resources/files/ConfigSheet.xlsx
exceldbloc=/var/lib/jenkins/jobs/Genesis_API_Automation/workspace/src/test/resources/files/ConfigSheet.xlsx
Page Name=login
]]></system-out>
    <system-err><![CDATA[com.codoid.products.exception.FilloException: Workbook is not found - /var/lib/jenkins/jobs/Genesis_API_Automation/workspace/src/test/resources/files/ConfigSheet.xlsx
	at com.codoid.products.fillo.Fillo.getConnection(Fillo.java:45)
	at com.dw.api.automation.libs.FilloExcelUtility.readExcelWithTestName(FilloExcelUtility.java:98)
	at com.dw.api.automation.pagefactory.ApiLoginPF.loginAsPM(ApiLoginPF.java:50)
	at com.dw.api.automation.pagefactory.MarketPlaceAndContractManagementPF.addBaseProductWithTwoLicenses(MarketPlaceAndContractManagementPF.java:26)
	at com.dw.api.automation.TestScripts.MarketPlaceAndContractManagementTest.addBaseProductWithTwoLicenses(MarketPlaceAndContractManagementTest.java:62)
	at sun.reflect.NativeMethodAccessorImpl.invoke0(Native Method)
	at sun.reflect.NativeMethodAccessorImpl.invoke(Unknown Source)
	at sun.reflect.DelegatingMethodAccessorImpl.invoke(Unknown Source)
	at java.lang.reflect.Method.invoke(Unknown Source)
	at org.testng.internal.MethodInvocationHelper.invokeMethod(MethodInvocationHelper.java:85)
	at org.testng.internal.Invoker.invokeMethod(Invoker.java:639)
	at org.testng.internal.Invoker.invokeTestMethod(Invoker.java:816)
	at org.testng.internal.Invoker.invokeTestMethods(Invoker.java:1124)
	at org.testng.internal.TestMethodWorker.invokeTestMethods(TestMethodWorker.java:125)
	at org.testng.internal.TestMethodWorker.run(TestMethodWorker.java:108)
	at org.testng.TestRunner.privateRun(TestRunner.java:774)
	at org.testng.TestRunner.run(TestRunner.java:624)
	at org.testng.SuiteRunner.runTest(SuiteRunner.java:359)
	at org.testng.SuiteRunner.runSequentially(SuiteRunner.java:354)
	at org.testng.SuiteRunner.privateRun(SuiteRunner.java:312)
	at org.testng.SuiteRunner.run(SuiteRunner.java:261)
	at org.testng.SuiteRunnerWorker.runSuite(SuiteRunnerWorker.java:52)
	at org.testng.SuiteRunnerWorker.run(SuiteRunnerWorker.java:86)
	at org.testng.TestNG.runSuitesSequentially(TestNG.java:1215)
	at org.testng.TestNG.runSuitesLocally(TestNG.java:1140)
	at org.testng.TestNG.run(TestNG.java:1048)
	at org.apache.maven.surefire.testng.TestNGExecutor.run(TestNGExecutor.java:217)
	at org.apache.maven.surefire.testng.TestNGXmlTestSuite.execute(TestNGXmlTestSuite.java:84)
	at org.apache.maven.surefire.testng.TestNGProvider.invoke(TestNGProvider.java:92)
	at org.apache.maven.surefire.booter.ForkedBooter.invokeProviderInSameClassLoader(ForkedBooter.java:200)
	at org.apache.maven.surefire.booter.ForkedBooter.runSuitesInProcess(ForkedBooter.java:153)
	at org.apache.maven.surefire.booter.ForkedBooter.main(ForkedBooter.java:103)
]]></system-err>
  </testcase>
  <testcase name="addAddOnProductWithOneLicenses" classname="com.dw.api.automation.TestScripts.MarketPlaceAndContractManagementTest" time="0.003">
    <failure type="java.lang.NullPointerException:">java.lang.NullPointerException: null
	at com.dw.api.automation.libs.FilloExcelUtility.readExcelWithTestName(FilloExcelUtility.java:109)
	at com.dw.api.automation.pagefactory.ApiLoginPF.loginAsPM(ApiLoginPF.java:50)
	at com.dw.api.automation.pagefactory.MarketPlaceAndContractManagementPF.addAddOnwithOneLicenses(MarketPlaceAndContractManagementPF.java:57)
	at com.dw.api.automation.TestScripts.MarketPlaceAndContractManagementTest.addAddOnProductWithOneLicenses(MarketPlaceAndContractManagementTest.java:76)
</failure>
    <system-out><![CDATA[java.lang.NullPointerException
	at com.dw.api.automation.libs.FilloExcelUtility.readExcelWithTestName(FilloExcelUtility.java:109)
	at com.dw.api.automation.pagefactory.ApiLoginPF.loginAsPM(ApiLoginPF.java:50)
	at com.dw.api.automation.pagefactory.MarketPlaceAndContractManagementPF.addBaseProductWithTwoLicenses(MarketPlaceAndContractManagementPF.java:26)
	at com.dw.api.automation.TestScripts.MarketPlaceAndContractManagementTest.addBaseProductWithTwoLicenses(MarketPlaceAndContractManagementTest.java:62)
	at sun.reflect.NativeMethodAccessorImpl.invoke0(Native Method)
	at sun.reflect.NativeMethodAccessorImpl.invoke(Unknown Source)
	at sun.reflect.DelegatingMethodAccessorImpl.invoke(Unknown Source)
	at java.lang.reflect.Method.invoke(Unknown Source)
	at org.testng.internal.MethodInvocationHelper.invokeMethod(MethodInvocationHelper.java:85)
	at org.testng.internal.Invoker.invokeMethod(Invoker.java:639)
	at org.testng.internal.Invoker.invokeTestMethod(Invoker.java:816)
	at org.testng.internal.Invoker.invokeTestMethods(Invoker.java:1124)
	at org.testng.internal.TestMethodWorker.invokeTestMethods(TestMethodWorker.java:125)
	at org.testng.internal.TestMethodWorker.run(TestMethodWorker.java:108)
	at org.testng.TestRunner.privateRun(TestRunner.java:774)
	at org.testng.TestRunner.run(TestRunner.java:624)
	at org.testng.SuiteRunner.runTest(SuiteRunner.java:359)
	at org.testng.SuiteRunner.runSequentially(SuiteRunner.java:354)
	at org.testng.SuiteRunner.privateRun(SuiteRunner.java:312)
	at org.testng.SuiteRunner.run(SuiteRunner.java:261)
	at org.testng.SuiteRunnerWorker.runSuite(SuiteRunnerWorker.java:52)
	at org.testng.SuiteRunnerWorker.run(SuiteRunnerWorker.java:86)
	at org.testng.TestNG.runSuitesSequentially(TestNG.java:1215)
	at org.testng.TestNG.runSuitesLocally(TestNG.java:1140)
	at org.testng.TestNG.run(TestNG.java:1048)
	at org.apache.maven.surefire.testng.TestNGExecutor.run(TestNGExecutor.java:217)
	at org.apache.maven.surefire.testng.TestNGXmlTestSuite.execute(TestNGXmlTestSuite.java:84)
	at org.apache.maven.surefire.testng.TestNGProvider.invoke(TestNGProvider.java:92)
	at org.apache.maven.surefire.booter.ForkedBooter.invokeProviderInSameClassLoader(ForkedBooter.java:200)
	at org.apache.maven.surefire.booter.ForkedBooter.runSuitesInProcess(ForkedBooter.java:153)
	at org.apache.maven.surefire.booter.ForkedBooter.main(ForkedBooter.java:103)

dbloc=https://test.
exceldbloc Location=/var/lib/jenkins/jobs/Genesis_API_Automation/workspace/src/test/resources/files/ConfigSheet.xlsx
exceldbloc=/var/lib/jenkins/jobs/Genesis_API_Automation/workspace/src/test/resources/files/ConfigSheet.xlsx
Page Name=login
]]></system-out>
    <system-err><![CDATA[com.codoid.products.exception.FilloException: Workbook is not found - /var/lib/jenkins/jobs/Genesis_API_Automation/workspace/src/test/resources/files/ConfigSheet.xlsx
	at com.codoid.products.fillo.Fillo.getConnection(Fillo.java:45)
	at com.dw.api.automation.libs.FilloExcelUtility.readExcelWithTestName(FilloExcelUtility.java:98)
	at com.dw.api.automation.pagefactory.ApiLoginPF.loginAsPM(ApiLoginPF.java:50)
	at com.dw.api.automation.pagefactory.MarketPlaceAndContractManagementPF.addAddOnwithOneLicenses(MarketPlaceAndContractManagementPF.java:57)
	at com.dw.api.automation.TestScripts.MarketPlaceAndContractManagementTest.addAddOnProductWithOneLicenses(MarketPlaceAndContractManagementTest.java:76)
	at sun.reflect.NativeMethodAccessorImpl.invoke0(Native Method)
	at sun.reflect.NativeMethodAccessorImpl.invoke(Unknown Source)
	at sun.reflect.DelegatingMethodAccessorImpl.invoke(Unknown Source)
	at java.lang.reflect.Method.invoke(Unknown Source)
	at org.testng.internal.MethodInvocationHelper.invokeMethod(MethodInvocationHelper.java:85)
	at org.testng.internal.Invoker.invokeMethod(Invoker.java:639)
	at org.testng.internal.Invoker.invokeTestMethod(Invoker.java:816)
	at org.testng.internal.Invoker.invokeTestMethods(Invoker.java:1124)
	at org.testng.internal.TestMethodWorker.invokeTestMethods(TestMethodWorker.java:125)
	at org.testng.internal.TestMethodWorker.run(TestMethodWorker.java:108)
	at org.testng.TestRunner.privateRun(TestRunner.java:774)
	at org.testng.TestRunner.run(TestRunner.java:624)
	at org.testng.SuiteRunner.runTest(SuiteRunner.java:359)
	at org.testng.SuiteRunner.runSequentially(SuiteRunner.java:354)
	at org.testng.SuiteRunner.privateRun(SuiteRunner.java:312)
	at org.testng.SuiteRunner.run(SuiteRunner.java:261)
	at org.testng.SuiteRunnerWorker.runSuite(SuiteRunnerWorker.java:52)
	at org.testng.SuiteRunnerWorker.run(SuiteRunnerWorker.java:86)
	at org.testng.TestNG.runSuitesSequentially(TestNG.java:1215)
	at org.testng.TestNG.runSuitesLocally(TestNG.java:1140)
	at org.testng.TestNG.run(TestNG.java:1048)
	at org.apache.maven.surefire.testng.TestNGExecutor.run(TestNGExecutor.java:217)
	at org.apache.maven.surefire.testng.TestNGXmlTestSuite.execute(TestNGXmlTestSuite.java:84)
	at org.apache.maven.surefire.testng.TestNGProvider.invoke(TestNGProvider.java:92)
	at org.apache.maven.surefire.booter.ForkedBooter.invokeProviderInSameClassLoader(ForkedBooter.java:200)
	at org.apache.maven.surefire.booter.ForkedBooter.runSuitesInProcess(ForkedBooter.java:153)
	at org.apache.maven.surefire.booter.ForkedBooter.main(ForkedBooter.java:103)
]]></system-err>
  </testcase>
  <testcase name="placeOrder" classname="com.dw.api.automation.TestScripts.MarketPlaceAndContractManagementTest" time="0.013">
    <failure type="java.lang.NullPointerException:">java.lang.NullPointerException: null
	at com.dw.api.automation.libs.FilloExcelUtility.readExcelWithTestName(FilloExcelUtility.java:109)
	at com.dw.api.automation.pagefactory.ApiLoginPF.loginAsPM(ApiLoginPF.java:50)
	at com.dw.api.automation.pagefactory.MarketPlaceAndContractManagementPF.placeOrder(MarketPlaceAndContractManagementPF.java:98)
	at com.dw.api.automation.TestScripts.MarketPlaceAndContractManagementTest.placeOrder(MarketPlaceAndContractManagementTest.java:89)
</failure>
    <system-out><![CDATA[java.lang.NullPointerException
	at com.dw.api.automation.libs.FilloExcelUtility.readExcelWithTestName(FilloExcelUtility.java:109)
	at com.dw.api.automation.pagefactory.ApiLoginPF.loginAsPM(ApiLoginPF.java:50)
	at com.dw.api.automation.pagefactory.MarketPlaceAndContractManagementPF.addAddOnwithOneLicenses(MarketPlaceAndContractManagementPF.java:57)
	at com.dw.api.automation.TestScripts.MarketPlaceAndContractManagementTest.addAddOnProductWithOneLicenses(MarketPlaceAndContractManagementTest.java:76)
	at sun.reflect.NativeMethodAccessorImpl.invoke0(Native Method)
	at sun.reflect.NativeMethodAccessorImpl.invoke(Unknown Source)
	at sun.reflect.DelegatingMethodAccessorImpl.invoke(Unknown Source)
	at java.lang.reflect.Method.invoke(Unknown Source)
	at org.testng.internal.MethodInvocationHelper.invokeMethod(MethodInvocationHelper.java:85)
	at org.testng.internal.Invoker.invokeMethod(Invoker.java:639)
	at org.testng.internal.Invoker.invokeTestMethod(Invoker.java:816)
	at org.testng.internal.Invoker.invokeTestMethods(Invoker.java:1124)
	at org.testng.internal.TestMethodWorker.invokeTestMethods(TestMethodWorker.java:125)
	at org.testng.internal.TestMethodWorker.run(TestMethodWorker.java:108)
	at org.testng.TestRunner.privateRun(TestRunner.java:774)
	at org.testng.TestRunner.run(TestRunner.java:624)
	at org.testng.SuiteRunner.runTest(SuiteRunner.java:359)
	at org.testng.SuiteRunner.runSequentially(SuiteRunner.java:354)
	at org.testng.SuiteRunner.privateRun(SuiteRunner.java:312)
	at org.testng.SuiteRunner.run(SuiteRunner.java:261)
	at org.testng.SuiteRunnerWorker.runSuite(SuiteRunnerWorker.java:52)
	at org.testng.SuiteRunnerWorker.run(SuiteRunnerWorker.java:86)
	at org.testng.TestNG.runSuitesSequentially(TestNG.java:1215)
	at org.testng.TestNG.runSuitesLocally(TestNG.java:1140)
	at org.testng.TestNG.run(TestNG.java:1048)
	at org.apache.maven.surefire.testng.TestNGExecutor.run(TestNGExecutor.java:217)
	at org.apache.maven.surefire.testng.TestNGXmlTestSuite.execute(TestNGXmlTestSuite.java:84)
	at org.apache.maven.surefire.testng.TestNGProvider.invoke(TestNGProvider.java:92)
	at org.apache.maven.surefire.booter.ForkedBooter.invokeProviderInSameClassLoader(ForkedBooter.java:200)
	at org.apache.maven.surefire.booter.ForkedBooter.runSuitesInProcess(ForkedBooter.java:153)
	at org.apache.maven.surefire.booter.ForkedBooter.main(ForkedBooter.java:103)

dbloc=https://test.
exceldbloc Location=/var/lib/jenkins/jobs/Genesis_API_Automation/workspace/src/test/resources/files/ConfigSheet.xlsx
exceldbloc=/var/lib/jenkins/jobs/Genesis_API_Automation/workspace/src/test/resources/files/ConfigSheet.xlsx
Page Name=login
]]></system-out>
    <system-err><![CDATA[com.codoid.products.exception.FilloException: Workbook is not found - /var/lib/jenkins/jobs/Genesis_API_Automation/workspace/src/test/resources/files/ConfigSheet.xlsx
	at com.codoid.products.fillo.Fillo.getConnection(Fillo.java:45)
	at com.dw.api.automation.libs.FilloExcelUtility.readExcelWithTestName(FilloExcelUtility.java:98)
	at com.dw.api.automation.pagefactory.ApiLoginPF.loginAsPM(ApiLoginPF.java:50)
	at com.dw.api.automation.pagefactory.MarketPlaceAndContractManagementPF.placeOrder(MarketPlaceAndContractManagementPF.java:98)
	at com.dw.api.automation.TestScripts.MarketPlaceAndContractManagementTest.placeOrder(MarketPlaceAndContractManagementTest.java:89)
	at sun.reflect.NativeMethodAccessorImpl.invoke0(Native Method)
	at sun.reflect.NativeMethodAccessorImpl.invoke(Unknown Source)
	at sun.reflect.DelegatingMethodAccessorImpl.invoke(Unknown Source)
	at java.lang.reflect.Method.invoke(Unknown Source)
	at org.testng.internal.MethodInvocationHelper.invokeMethod(MethodInvocationHelper.java:85)
	at org.testng.internal.Invoker.invokeMethod(Invoker.java:639)
	at org.testng.internal.Invoker.invokeTestMethod(Invoker.java:816)
	at org.testng.internal.Invoker.invokeTestMethods(Invoker.java:1124)
	at org.testng.internal.TestMethodWorker.invokeTestMethods(TestMethodWorker.java:125)
	at org.testng.internal.TestMethodWorker.run(TestMethodWorker.java:108)
	at org.testng.TestRunner.privateRun(TestRunner.java:774)
	at org.testng.TestRunner.run(TestRunner.java:624)
	at org.testng.SuiteRunner.runTest(SuiteRunner.java:359)
	at org.testng.SuiteRunner.runSequentially(SuiteRunner.java:354)
	at org.testng.SuiteRunner.privateRun(SuiteRunner.java:312)
	at org.testng.SuiteRunner.run(SuiteRunner.java:261)
	at org.testng.SuiteRunnerWorker.runSuite(SuiteRunnerWorker.java:52)
	at org.testng.SuiteRunnerWorker.run(SuiteRunnerWorker.java:86)
	at org.testng.TestNG.runSuitesSequentially(TestNG.java:1215)
	at org.testng.TestNG.runSuitesLocally(TestNG.java:1140)
	at org.testng.TestNG.run(TestNG.java:1048)
	at org.apache.maven.surefire.testng.TestNGExecutor.run(TestNGExecutor.java:217)
	at org.apache.maven.surefire.testng.TestNGXmlTestSuite.execute(TestNGXmlTestSuite.java:84)
	at org.apache.maven.surefire.testng.TestNGProvider.invoke(TestNGProvider.java:92)
	at org.apache.maven.surefire.booter.ForkedBooter.invokeProviderInSameClassLoader(ForkedBooter.java:200)
	at org.apache.maven.surefire.booter.ForkedBooter.runSuitesInProcess(ForkedBooter.java:153)
	at org.apache.maven.surefire.booter.ForkedBooter.main(ForkedBooter.java:103)
]]></system-err>
  </testcase>
  <testcase name="loginAsPm" classname="com.dw.api.automation.TestScripts.OrderProvisonTest" time="0.002">
    <failure type="java.lang.NullPointerException:">java.lang.NullPointerException: null
	at com.dw.api.automation.libs.FilloExcelUtility.readExcelWithTestName(FilloExcelUtility.java:109)
	at com.dw.api.automation.TestScripts.OrderProvisonTest.loginAsPm(OrderProvisonTest.java:48)
</failure>
    <system-out><![CDATA[java.lang.NullPointerException
	at com.dw.api.automation.libs.FilloExcelUtility.readExcelWithTestName(FilloExcelUtility.java:109)
	at com.dw.api.automation.pagefactory.ApiLoginPF.loginAsPM(ApiLoginPF.java:50)
	at com.dw.api.automation.pagefactory.MarketPlaceAndContractManagementPF.placeOrder(MarketPlaceAndContractManagementPF.java:98)
	at com.dw.api.automation.TestScripts.MarketPlaceAndContractManagementTest.placeOrder(MarketPlaceAndContractManagementTest.java:89)
	at sun.reflect.NativeMethodAccessorImpl.invoke0(Native Method)
	at sun.reflect.NativeMethodAccessorImpl.invoke(Unknown Source)
	at sun.reflect.DelegatingMethodAccessorImpl.invoke(Unknown Source)
	at java.lang.reflect.Method.invoke(Unknown Source)
	at org.testng.internal.MethodInvocationHelper.invokeMethod(MethodInvocationHelper.java:85)
	at org.testng.internal.Invoker.invokeMethod(Invoker.java:639)
	at org.testng.internal.Invoker.invokeTestMethod(Invoker.java:816)
	at org.testng.internal.Invoker.invokeTestMethods(Invoker.java:1124)
	at org.testng.internal.TestMethodWorker.invokeTestMethods(TestMethodWorker.java:125)
	at org.testng.internal.TestMethodWorker.run(TestMethodWorker.java:108)
	at org.testng.TestRunner.privateRun(TestRunner.java:774)
	at org.testng.TestRunner.run(TestRunner.java:624)
	at org.testng.SuiteRunner.runTest(SuiteRunner.java:359)
	at org.testng.SuiteRunner.runSequentially(SuiteRunner.java:354)
	at org.testng.SuiteRunner.privateRun(SuiteRunner.java:312)
	at org.testng.SuiteRunner.run(SuiteRunner.java:261)
	at org.testng.SuiteRunnerWorker.runSuite(SuiteRunnerWorker.java:52)
	at org.testng.SuiteRunnerWorker.run(SuiteRunnerWorker.java:86)
	at org.testng.TestNG.runSuitesSequentially(TestNG.java:1215)
	at org.testng.TestNG.runSuitesLocally(TestNG.java:1140)
	at org.testng.TestNG.run(TestNG.java:1048)
	at org.apache.maven.surefire.testng.TestNGExecutor.run(TestNGExecutor.java:217)
	at org.apache.maven.surefire.testng.TestNGXmlTestSuite.execute(TestNGXmlTestSuite.java:84)
	at org.apache.maven.surefire.testng.TestNGProvider.invoke(TestNGProvider.java:92)
	at org.apache.maven.surefire.booter.ForkedBooter.invokeProviderInSameClassLoader(ForkedBooter.java:200)
	at org.apache.maven.surefire.booter.ForkedBooter.runSuitesInProcess(ForkedBooter.java:153)
	at org.apache.maven.surefire.booter.ForkedBooter.main(ForkedBooter.java:103)

extent object value=com.relevantcodes.extentreports.ExtentReports@780cb77
exceldbloc Location=/var/lib/jenkins/jobs/Genesis_API_Automation/workspace/src/test/resources/files/ConfigSheet.xlsx
exceldbloc=/var/lib/jenkins/jobs/Genesis_API_Automation/workspace/src/test/resources/files/ConfigSheet.xlsx
Page Name=login
]]></system-out>
    <system-err><![CDATA[com.codoid.products.exception.FilloException: Workbook is not found - /var/lib/jenkins/jobs/Genesis_API_Automation/workspace/src/test/resources/files/ConfigSheet.xlsx
	at com.codoid.products.fillo.Fillo.getConnection(Fillo.java:45)
	at com.dw.api.automation.libs.FilloExcelUtility.readExcelWithTestName(FilloExcelUtility.java:98)
	at com.dw.api.automation.TestScripts.OrderProvisonTest.loginAsPm(OrderProvisonTest.java:48)
	at sun.reflect.NativeMethodAccessorImpl.invoke0(Native Method)
	at sun.reflect.NativeMethodAccessorImpl.invoke(Unknown Source)
	at sun.reflect.DelegatingMethodAccessorImpl.invoke(Unknown Source)
	at java.lang.reflect.Method.invoke(Unknown Source)
	at org.testng.internal.MethodInvocationHelper.invokeMethod(MethodInvocationHelper.java:85)
	at org.testng.internal.Invoker.invokeMethod(Invoker.java:639)
	at org.testng.internal.Invoker.invokeTestMethod(Invoker.java:816)
	at org.testng.internal.Invoker.invokeTestMethods(Invoker.java:1124)
	at org.testng.internal.TestMethodWorker.invokeTestMethods(TestMethodWorker.java:125)
	at org.testng.internal.TestMethodWorker.run(TestMethodWorker.java:108)
	at org.testng.TestRunner.privateRun(TestRunner.java:774)
	at org.testng.TestRunner.run(TestRunner.java:624)
	at org.testng.SuiteRunner.runTest(SuiteRunner.java:359)
	at org.testng.SuiteRunner.runSequentially(SuiteRunner.java:354)
	at org.testng.SuiteRunner.privateRun(SuiteRunner.java:312)
	at org.testng.SuiteRunner.run(SuiteRunner.java:261)
	at org.testng.SuiteRunnerWorker.runSuite(SuiteRunnerWorker.java:52)
	at org.testng.SuiteRunnerWorker.run(SuiteRunnerWorker.java:86)
	at org.testng.TestNG.runSuitesSequentially(TestNG.java:1215)
	at org.testng.TestNG.runSuitesLocally(TestNG.java:1140)
	at org.testng.TestNG.run(TestNG.java:1048)
	at org.apache.maven.surefire.testng.TestNGExecutor.run(TestNGExecutor.java:217)
	at org.apache.maven.surefire.testng.TestNGXmlTestSuite.execute(TestNGXmlTestSuite.java:84)
	at org.apache.maven.surefire.testng.TestNGProvider.invoke(TestNGProvider.java:92)
	at org.apache.maven.surefire.booter.ForkedBooter.invokeProviderInSameClassLoader(ForkedBooter.java:200)
	at org.apache.maven.surefire.booter.ForkedBooter.runSuitesInProcess(ForkedBooter.java:153)
	at org.apache.maven.surefire.booter.ForkedBooter.main(ForkedBooter.java:103)
]]></system-err>
  </testcase>
  <testcase name="orderProvisionForBaseProduct" classname="com.dw.api.automation.TestScripts.OrderProvisonTest" time="0.012">
    <failure type="java.lang.NullPointerException:">java.lang.NullPointerException: null
	at com.dw.api.automation.libs.FilloExcelUtility.readExcelWithTestName(FilloExcelUtility.java:109)
	at com.dw.api.automation.pagefactory.ApiLoginPF.loginAsPM(ApiLoginPF.java:50)
	at com.dw.api.automation.pagefactory.OrderProvisonPF.orderProvisionForBaseProduct(OrderProvisonPF.java:30)
	at com.dw.api.automation.TestScripts.OrderProvisonTest.orderProvisionForBaseProduct(OrderProvisonTest.java:65)
</failure>
    <system-out><![CDATA[java.lang.NullPointerException
	at com.dw.api.automation.libs.FilloExcelUtility.readExcelWithTestName(FilloExcelUtility.java:109)
	at com.dw.api.automation.TestScripts.OrderProvisonTest.loginAsPm(OrderProvisonTest.java:48)
	at sun.reflect.NativeMethodAccessorImpl.invoke0(Native Method)
	at sun.reflect.NativeMethodAccessorImpl.invoke(Unknown Source)
	at sun.reflect.DelegatingMethodAccessorImpl.invoke(Unknown Source)
	at java.lang.reflect.Method.invoke(Unknown Source)
	at org.testng.internal.MethodInvocationHelper.invokeMethod(MethodInvocationHelper.java:85)
	at org.testng.internal.Invoker.invokeMethod(Invoker.java:639)
	at org.testng.internal.Invoker.invokeTestMethod(Invoker.java:816)
	at org.testng.internal.Invoker.invokeTestMethods(Invoker.java:1124)
	at org.testng.internal.TestMethodWorker.invokeTestMethods(TestMethodWorker.java:125)
	at org.testng.internal.TestMethodWorker.run(TestMethodWorker.java:108)
	at org.testng.TestRunner.privateRun(TestRunner.java:774)
	at org.testng.TestRunner.run(TestRunner.java:624)
	at org.testng.SuiteRunner.runTest(SuiteRunner.java:359)
	at org.testng.SuiteRunner.runSequentially(SuiteRunner.java:354)
	at org.testng.SuiteRunner.privateRun(SuiteRunner.java:312)
	at org.testng.SuiteRunner.run(SuiteRunner.java:261)
	at org.testng.SuiteRunnerWorker.runSuite(SuiteRunnerWorker.java:52)
	at org.testng.SuiteRunnerWorker.run(SuiteRunnerWorker.java:86)
	at org.testng.TestNG.runSuitesSequentially(TestNG.java:1215)
	at org.testng.TestNG.runSuitesLocally(TestNG.java:1140)
	at org.testng.TestNG.run(TestNG.java:1048)
	at org.apache.maven.surefire.testng.TestNGExecutor.run(TestNGExecutor.java:217)
	at org.apache.maven.surefire.testng.TestNGXmlTestSuite.execute(TestNGXmlTestSuite.java:84)
	at org.apache.maven.surefire.testng.TestNGProvider.invoke(TestNGProvider.java:92)
	at org.apache.maven.surefire.booter.ForkedBooter.invokeProviderInSameClassLoader(ForkedBooter.java:200)
	at org.apache.maven.surefire.booter.ForkedBooter.runSuitesInProcess(ForkedBooter.java:153)
	at org.apache.maven.surefire.booter.ForkedBooter.main(ForkedBooter.java:103)

dbloc=https://test.
exceldbloc Location=/var/lib/jenkins/jobs/Genesis_API_Automation/workspace/src/test/resources/files/ConfigSheet.xlsx
exceldbloc=/var/lib/jenkins/jobs/Genesis_API_Automation/workspace/src/test/resources/files/ConfigSheet.xlsx
Page Name=login
]]></system-out>
    <system-err><![CDATA[com.codoid.products.exception.FilloException: Workbook is not found - /var/lib/jenkins/jobs/Genesis_API_Automation/workspace/src/test/resources/files/ConfigSheet.xlsx
	at com.codoid.products.fillo.Fillo.getConnection(Fillo.java:45)
	at com.dw.api.automation.libs.FilloExcelUtility.readExcelWithTestName(FilloExcelUtility.java:98)
	at com.dw.api.automation.pagefactory.ApiLoginPF.loginAsPM(ApiLoginPF.java:50)
	at com.dw.api.automation.pagefactory.OrderProvisonPF.orderProvisionForBaseProduct(OrderProvisonPF.java:30)
	at com.dw.api.automation.TestScripts.OrderProvisonTest.orderProvisionForBaseProduct(OrderProvisonTest.java:65)
	at sun.reflect.NativeMethodAccessorImpl.invoke0(Native Method)
	at sun.reflect.NativeMethodAccessorImpl.invoke(Unknown Source)
	at sun.reflect.DelegatingMethodAccessorImpl.invoke(Unknown Source)
	at java.lang.reflect.Method.invoke(Unknown Source)
	at org.testng.internal.MethodInvocationHelper.invokeMethod(MethodInvocationHelper.java:85)
	at org.testng.internal.Invoker.invokeMethod(Invoker.java:639)
	at org.testng.internal.Invoker.invokeTestMethod(Invoker.java:816)
	at org.testng.internal.Invoker.invokeTestMethods(Invoker.java:1124)
	at org.testng.internal.TestMethodWorker.invokeTestMethods(TestMethodWorker.java:125)
	at org.testng.internal.TestMethodWorker.run(TestMethodWorker.java:108)
	at org.testng.TestRunner.privateRun(TestRunner.java:774)
	at org.testng.TestRunner.run(TestRunner.java:624)
	at org.testng.SuiteRunner.runTest(SuiteRunner.java:359)
	at org.testng.SuiteRunner.runSequentially(SuiteRunner.java:354)
	at org.testng.SuiteRunner.privateRun(SuiteRunner.java:312)
	at org.testng.SuiteRunner.run(SuiteRunner.java:261)
	at org.testng.SuiteRunnerWorker.runSuite(SuiteRunnerWorker.java:52)
	at org.testng.SuiteRunnerWorker.run(SuiteRunnerWorker.java:86)
	at org.testng.TestNG.runSuitesSequentially(TestNG.java:1215)
	at org.testng.TestNG.runSuitesLocally(TestNG.java:1140)
	at org.testng.TestNG.run(TestNG.java:1048)
	at org.apache.maven.surefire.testng.TestNGExecutor.run(TestNGExecutor.java:217)
	at org.apache.maven.surefire.testng.TestNGXmlTestSuite.execute(TestNGXmlTestSuite.java:84)
	at org.apache.maven.surefire.testng.TestNGProvider.invoke(TestNGProvider.java:92)
	at org.apache.maven.surefire.booter.ForkedBooter.invokeProviderInSameClassLoader(ForkedBooter.java:200)
	at org.apache.maven.surefire.booter.ForkedBooter.runSuitesInProcess(ForkedBooter.java:153)
	at org.apache.maven.surefire.booter.ForkedBooter.main(ForkedBooter.java:103)
]]></system-err>
  </testcase>
  <testcase name="orderProvisionForAddOnProduct" classname="com.dw.api.automation.TestScripts.OrderProvisonTest" time="0.006">
    <failure type="java.lang.NullPointerException:">java.lang.NullPointerException: null
	at com.dw.api.automation.libs.FilloExcelUtility.readExcelWithTestName(FilloExcelUtility.java:109)
	at com.dw.api.automation.pagefactory.ApiLoginPF.loginAsPM(ApiLoginPF.java:50)
	at com.dw.api.automation.pagefactory.OrderProvisonPF.orderProvsionForAddOnProduct(OrderProvisonPF.java:79)
	at com.dw.api.automation.TestScripts.OrderProvisonTest.orderProvisionForAddOnProduct(OrderProvisonTest.java:71)
</failure>
    <system-out><![CDATA[java.lang.NullPointerException
	at com.dw.api.automation.libs.FilloExcelUtility.readExcelWithTestName(FilloExcelUtility.java:109)
	at com.dw.api.automation.pagefactory.ApiLoginPF.loginAsPM(ApiLoginPF.java:50)
	at com.dw.api.automation.pagefactory.OrderProvisonPF.orderProvisionForBaseProduct(OrderProvisonPF.java:30)
	at com.dw.api.automation.TestScripts.OrderProvisonTest.orderProvisionForBaseProduct(OrderProvisonTest.java:65)
	at sun.reflect.NativeMethodAccessorImpl.invoke0(Native Method)
	at sun.reflect.NativeMethodAccessorImpl.invoke(Unknown Source)
	at sun.reflect.DelegatingMethodAccessorImpl.invoke(Unknown Source)
	at java.lang.reflect.Method.invoke(Unknown Source)
	at org.testng.internal.MethodInvocationHelper.invokeMethod(MethodInvocationHelper.java:85)
	at org.testng.internal.Invoker.invokeMethod(Invoker.java:639)
	at org.testng.internal.Invoker.invokeTestMethod(Invoker.java:816)
	at org.testng.internal.Invoker.invokeTestMethods(Invoker.java:1124)
	at org.testng.internal.TestMethodWorker.invokeTestMethods(TestMethodWorker.java:125)
	at org.testng.internal.TestMethodWorker.run(TestMethodWorker.java:108)
	at org.testng.TestRunner.privateRun(TestRunner.java:774)
	at org.testng.TestRunner.run(TestRunner.java:624)
	at org.testng.SuiteRunner.runTest(SuiteRunner.java:359)
	at org.testng.SuiteRunner.runSequentially(SuiteRunner.java:354)
	at org.testng.SuiteRunner.privateRun(SuiteRunner.java:312)
	at org.testng.SuiteRunner.run(SuiteRunner.java:261)
	at org.testng.SuiteRunnerWorker.runSuite(SuiteRunnerWorker.java:52)
	at org.testng.SuiteRunnerWorker.run(SuiteRunnerWorker.java:86)
	at org.testng.TestNG.runSuitesSequentially(TestNG.java:1215)
	at org.testng.TestNG.runSuitesLocally(TestNG.java:1140)
	at org.testng.TestNG.run(TestNG.java:1048)
	at org.apache.maven.surefire.testng.TestNGExecutor.run(TestNGExecutor.java:217)
	at org.apache.maven.surefire.testng.TestNGXmlTestSuite.execute(TestNGXmlTestSuite.java:84)
	at org.apache.maven.surefire.testng.TestNGProvider.invoke(TestNGProvider.java:92)
	at org.apache.maven.surefire.booter.ForkedBooter.invokeProviderInSameClassLoader(ForkedBooter.java:200)
	at org.apache.maven.surefire.booter.ForkedBooter.runSuitesInProcess(ForkedBooter.java:153)
	at org.apache.maven.surefire.booter.ForkedBooter.main(ForkedBooter.java:103)

dbloc=https://test.
exceldbloc Location=/var/lib/jenkins/jobs/Genesis_API_Automation/workspace/src/test/resources/files/ConfigSheet.xlsx
exceldbloc=/var/lib/jenkins/jobs/Genesis_API_Automation/workspace/src/test/resources/files/ConfigSheet.xlsx
Page Name=login
]]></system-out>
    <system-err><![CDATA[com.codoid.products.exception.FilloException: Workbook is not found - /var/lib/jenkins/jobs/Genesis_API_Automation/workspace/src/test/resources/files/ConfigSheet.xlsx
	at com.codoid.products.fillo.Fillo.getConnection(Fillo.java:45)
	at com.dw.api.automation.libs.FilloExcelUtility.readExcelWithTestName(FilloExcelUtility.java:98)
	at com.dw.api.automation.pagefactory.ApiLoginPF.loginAsPM(ApiLoginPF.java:50)
	at com.dw.api.automation.pagefactory.OrderProvisonPF.orderProvsionForAddOnProduct(OrderProvisonPF.java:79)
	at com.dw.api.automation.TestScripts.OrderProvisonTest.orderProvisionForAddOnProduct(OrderProvisonTest.java:71)
	at sun.reflect.NativeMethodAccessorImpl.invoke0(Native Method)
	at sun.reflect.NativeMethodAccessorImpl.invoke(Unknown Source)
	at sun.reflect.DelegatingMethodAccessorImpl.invoke(Unknown Source)
	at java.lang.reflect.Method.invoke(Unknown Source)
	at org.testng.internal.MethodInvocationHelper.invokeMethod(MethodInvocationHelper.java:85)
	at org.testng.internal.Invoker.invokeMethod(Invoker.java:639)
	at org.testng.internal.Invoker.invokeTestMethod(Invoker.java:816)
	at org.testng.internal.Invoker.invokeTestMethods(Invoker.java:1124)
	at org.testng.internal.TestMethodWorker.invokeTestMethods(TestMethodWorker.java:125)
	at org.testng.internal.TestMethodWorker.run(TestMethodWorker.java:108)
	at org.testng.TestRunner.privateRun(TestRunner.java:774)
	at org.testng.TestRunner.run(TestRunner.java:624)
	at org.testng.SuiteRunner.runTest(SuiteRunner.java:359)
	at org.testng.SuiteRunner.runSequentially(SuiteRunner.java:354)
	at org.testng.SuiteRunner.privateRun(SuiteRunner.java:312)
	at org.testng.SuiteRunner.run(SuiteRunner.java:261)
	at org.testng.SuiteRunnerWorker.runSuite(SuiteRunnerWorker.java:52)
	at org.testng.SuiteRunnerWorker.run(SuiteRunnerWorker.java:86)
	at org.testng.TestNG.runSuitesSequentially(TestNG.java:1215)
	at org.testng.TestNG.runSuitesLocally(TestNG.java:1140)
	at org.testng.TestNG.run(TestNG.java:1048)
	at org.apache.maven.surefire.testng.TestNGExecutor.run(TestNGExecutor.java:217)
	at org.apache.maven.surefire.testng.TestNGXmlTestSuite.execute(TestNGXmlTestSuite.java:84)
	at org.apache.maven.surefire.testng.TestNGProvider.invoke(TestNGProvider.java:92)
	at org.apache.maven.surefire.booter.ForkedBooter.invokeProviderInSameClassLoader(ForkedBooter.java:200)
	at org.apache.maven.surefire.booter.ForkedBooter.runSuitesInProcess(ForkedBooter.java:153)
	at org.apache.maven.surefire.booter.ForkedBooter.main(ForkedBooter.java:103)
]]></system-err>
  </testcase>
  <testcase name="loginAsPm" classname="com.dw.api.automation.TestScripts.PlaceOrderWithCoupanCodeTest" time="0.002">
    <failure type="java.lang.NullPointerException:">java.lang.NullPointerException: null
	at com.dw.api.automation.libs.FilloExcelUtility.readExcelWithTestName(FilloExcelUtility.java:109)
	at com.dw.api.automation.TestScripts.PlaceOrderWithCoupanCodeTest.loginAsPm(PlaceOrderWithCoupanCodeTest.java:56)
</failure>
    <system-out><![CDATA[java.lang.NullPointerException
	at com.dw.api.automation.libs.FilloExcelUtility.readExcelWithTestName(FilloExcelUtility.java:109)
	at com.dw.api.automation.pagefactory.ApiLoginPF.loginAsPM(ApiLoginPF.java:50)
	at com.dw.api.automation.pagefactory.OrderProvisonPF.orderProvsionForAddOnProduct(OrderProvisonPF.java:79)
	at com.dw.api.automation.TestScripts.OrderProvisonTest.orderProvisionForAddOnProduct(OrderProvisonTest.java:71)
	at sun.reflect.NativeMethodAccessorImpl.invoke0(Native Method)
	at sun.reflect.NativeMethodAccessorImpl.invoke(Unknown Source)
	at sun.reflect.DelegatingMethodAccessorImpl.invoke(Unknown Source)
	at java.lang.reflect.Method.invoke(Unknown Source)
	at org.testng.internal.MethodInvocationHelper.invokeMethod(MethodInvocationHelper.java:85)
	at org.testng.internal.Invoker.invokeMethod(Invoker.java:639)
	at org.testng.internal.Invoker.invokeTestMethod(Invoker.java:816)
	at org.testng.internal.Invoker.invokeTestMethods(Invoker.java:1124)
	at org.testng.internal.TestMethodWorker.invokeTestMethods(TestMethodWorker.java:125)
	at org.testng.internal.TestMethodWorker.run(TestMethodWorker.java:108)
	at org.testng.TestRunner.privateRun(TestRunner.java:774)
	at org.testng.TestRunner.run(TestRunner.java:624)
	at org.testng.SuiteRunner.runTest(SuiteRunner.java:359)
	at org.testng.SuiteRunner.runSequentially(SuiteRunner.java:354)
	at org.testng.SuiteRunner.privateRun(SuiteRunner.java:312)
	at org.testng.SuiteRunner.run(SuiteRunner.java:261)
	at org.testng.SuiteRunnerWorker.runSuite(SuiteRunnerWorker.java:52)
	at org.testng.SuiteRunnerWorker.run(SuiteRunnerWorker.java:86)
	at org.testng.TestNG.runSuitesSequentially(TestNG.java:1215)
	at org.testng.TestNG.runSuitesLocally(TestNG.java:1140)
	at org.testng.TestNG.run(TestNG.java:1048)
	at org.apache.maven.surefire.testng.TestNGExecutor.run(TestNGExecutor.java:217)
	at org.apache.maven.surefire.testng.TestNGXmlTestSuite.execute(TestNGXmlTestSuite.java:84)
	at org.apache.maven.surefire.testng.TestNGProvider.invoke(TestNGProvider.java:92)
	at org.apache.maven.surefire.booter.ForkedBooter.invokeProviderInSameClassLoader(ForkedBooter.java:200)
	at org.apache.maven.surefire.booter.ForkedBooter.runSuitesInProcess(ForkedBooter.java:153)
	at org.apache.maven.surefire.booter.ForkedBooter.main(ForkedBooter.java:103)

extent object value=com.relevantcodes.extentreports.ExtentReports@780cb77
exceldbloc Location=/var/lib/jenkins/jobs/Genesis_API_Automation/workspace/src/test/resources/files/ConfigSheet.xlsx
exceldbloc=/var/lib/jenkins/jobs/Genesis_API_Automation/workspace/src/test/resources/files/ConfigSheet.xlsx
Page Name=login
]]></system-out>
    <system-err><![CDATA[com.codoid.products.exception.FilloException: Workbook is not found - /var/lib/jenkins/jobs/Genesis_API_Automation/workspace/src/test/resources/files/ConfigSheet.xlsx
	at com.codoid.products.fillo.Fillo.getConnection(Fillo.java:45)
	at com.dw.api.automation.libs.FilloExcelUtility.readExcelWithTestName(FilloExcelUtility.java:98)
	at com.dw.api.automation.TestScripts.PlaceOrderWithCoupanCodeTest.loginAsPm(PlaceOrderWithCoupanCodeTest.java:56)
	at sun.reflect.NativeMethodAccessorImpl.invoke0(Native Method)
	at sun.reflect.NativeMethodAccessorImpl.invoke(Unknown Source)
	at sun.reflect.DelegatingMethodAccessorImpl.invoke(Unknown Source)
	at java.lang.reflect.Method.invoke(Unknown Source)
	at org.testng.internal.MethodInvocationHelper.invokeMethod(MethodInvocationHelper.java:85)
	at org.testng.internal.Invoker.invokeMethod(Invoker.java:639)
	at org.testng.internal.Invoker.invokeTestMethod(Invoker.java:816)
	at org.testng.internal.Invoker.invokeTestMethods(Invoker.java:1124)
	at org.testng.internal.TestMethodWorker.invokeTestMethods(TestMethodWorker.java:125)
	at org.testng.internal.TestMethodWorker.run(TestMethodWorker.java:108)
	at org.testng.TestRunner.privateRun(TestRunner.java:774)
	at org.testng.TestRunner.run(TestRunner.java:624)
	at org.testng.SuiteRunner.runTest(SuiteRunner.java:359)
	at org.testng.SuiteRunner.runSequentially(SuiteRunner.java:354)
	at org.testng.SuiteRunner.privateRun(SuiteRunner.java:312)
	at org.testng.SuiteRunner.run(SuiteRunner.java:261)
	at org.testng.SuiteRunnerWorker.runSuite(SuiteRunnerWorker.java:52)
	at org.testng.SuiteRunnerWorker.run(SuiteRunnerWorker.java:86)
	at org.testng.TestNG.runSuitesSequentially(TestNG.java:1215)
	at org.testng.TestNG.runSuitesLocally(TestNG.java:1140)
	at org.testng.TestNG.run(TestNG.java:1048)
	at org.apache.maven.surefire.testng.TestNGExecutor.run(TestNGExecutor.java:217)
	at org.apache.maven.surefire.testng.TestNGXmlTestSuite.execute(TestNGXmlTestSuite.java:84)
	at org.apache.maven.surefire.testng.TestNGProvider.invoke(TestNGProvider.java:92)
	at org.apache.maven.surefire.booter.ForkedBooter.invokeProviderInSameClassLoader(ForkedBooter.java:200)
	at org.apache.maven.surefire.booter.ForkedBooter.runSuitesInProcess(ForkedBooter.java:153)
	at org.apache.maven.surefire.booter.ForkedBooter.main(ForkedBooter.java:103)
]]></system-err>
  </testcase>
  <testcase name="verifyMpnId" classname="com.dw.api.automation.TestScripts.PlaceOrderWithCoupanCodeTest" time="0.003">
    <failure type="java.lang.NullPointerException:">java.lang.NullPointerException: null
	at com.dw.api.automation.libs.FilloExcelUtility.readExcelWithTestName(FilloExcelUtility.java:109)
	at com.dw.api.automation.pagefactory.ApiLoginPF.loginAsPM(ApiLoginPF.java:50)
	at com.dw.api.automation.pagefactory.OrganisationPF.verifyMPN(OrganisationPF.java:44)
	at com.dw.api.automation.TestScripts.PlaceOrderWithCoupanCodeTest.verifyMpnId(PlaceOrderWithCoupanCodeTest.java:74)
</failure>
    <system-out><![CDATA[java.lang.NullPointerException
	at com.dw.api.automation.libs.FilloExcelUtility.readExcelWithTestName(FilloExcelUtility.java:109)
	at com.dw.api.automation.TestScripts.PlaceOrderWithCoupanCodeTest.loginAsPm(PlaceOrderWithCoupanCodeTest.java:56)
	at sun.reflect.NativeMethodAccessorImpl.invoke0(Native Method)
	at sun.reflect.NativeMethodAccessorImpl.invoke(Unknown Source)
	at sun.reflect.DelegatingMethodAccessorImpl.invoke(Unknown Source)
	at java.lang.reflect.Method.invoke(Unknown Source)
	at org.testng.internal.MethodInvocationHelper.invokeMethod(MethodInvocationHelper.java:85)
	at org.testng.internal.Invoker.invokeMethod(Invoker.java:639)
	at org.testng.internal.Invoker.invokeTestMethod(Invoker.java:816)
	at org.testng.internal.Invoker.invokeTestMethods(Invoker.java:1124)
	at org.testng.internal.TestMethodWorker.invokeTestMethods(TestMethodWorker.java:125)
	at org.testng.internal.TestMethodWorker.run(TestMethodWorker.java:108)
	at org.testng.TestRunner.privateRun(TestRunner.java:774)
	at org.testng.TestRunner.run(TestRunner.java:624)
	at org.testng.SuiteRunner.runTest(SuiteRunner.java:359)
	at org.testng.SuiteRunner.runSequentially(SuiteRunner.java:354)
	at org.testng.SuiteRunner.privateRun(SuiteRunner.java:312)
	at org.testng.SuiteRunner.run(SuiteRunner.java:261)
	at org.testng.SuiteRunnerWorker.runSuite(SuiteRunnerWorker.java:52)
	at org.testng.SuiteRunnerWorker.run(SuiteRunnerWorker.java:86)
	at org.testng.TestNG.runSuitesSequentially(TestNG.java:1215)
	at org.testng.TestNG.runSuitesLocally(TestNG.java:1140)
	at org.testng.TestNG.run(TestNG.java:1048)
	at org.apache.maven.surefire.testng.TestNGExecutor.run(TestNGExecutor.java:217)
	at org.apache.maven.surefire.testng.TestNGXmlTestSuite.execute(TestNGXmlTestSuite.java:84)
	at org.apache.maven.surefire.testng.TestNGProvider.invoke(TestNGProvider.java:92)
	at org.apache.maven.surefire.booter.ForkedBooter.invokeProviderInSameClassLoader(ForkedBooter.java:200)
	at org.apache.maven.surefire.booter.ForkedBooter.runSuitesInProcess(ForkedBooter.java:153)
	at org.apache.maven.surefire.booter.ForkedBooter.main(ForkedBooter.java:103)

dbloc=https://test.
 testColomName=PlaceOrderWithCoupanCodeTest
dbloc=https://test.
exceldbloc Location=/var/lib/jenkins/jobs/Genesis_API_Automation/workspace/src/test/resources/files/ConfigSheet.xlsx
exceldbloc=/var/lib/jenkins/jobs/Genesis_API_Automation/workspace/src/test/resources/files/ConfigSheet.xlsx
Page Name=login
]]></system-out>
    <system-err><![CDATA[com.codoid.products.exception.FilloException: Workbook is not found - /var/lib/jenkins/jobs/Genesis_API_Automation/workspace/src/test/resources/files/ConfigSheet.xlsx
	at com.codoid.products.fillo.Fillo.getConnection(Fillo.java:45)
	at com.dw.api.automation.libs.FilloExcelUtility.readExcelWithTestName(FilloExcelUtility.java:98)
	at com.dw.api.automation.pagefactory.ApiLoginPF.loginAsPM(ApiLoginPF.java:50)
	at com.dw.api.automation.pagefactory.OrganisationPF.verifyMPN(OrganisationPF.java:44)
	at com.dw.api.automation.TestScripts.PlaceOrderWithCoupanCodeTest.verifyMpnId(PlaceOrderWithCoupanCodeTest.java:74)
	at sun.reflect.NativeMethodAccessorImpl.invoke0(Native Method)
	at sun.reflect.NativeMethodAccessorImpl.invoke(Unknown Source)
	at sun.reflect.DelegatingMethodAccessorImpl.invoke(Unknown Source)
	at java.lang.reflect.Method.invoke(Unknown Source)
	at org.testng.internal.MethodInvocationHelper.invokeMethod(MethodInvocationHelper.java:85)
	at org.testng.internal.Invoker.invokeMethod(Invoker.java:639)
	at org.testng.internal.Invoker.invokeTestMethod(Invoker.java:816)
	at org.testng.internal.Invoker.invokeTestMethods(Invoker.java:1124)
	at org.testng.internal.TestMethodWorker.invokeTestMethods(TestMethodWorker.java:125)
	at org.testng.internal.TestMethodWorker.run(TestMethodWorker.java:108)
	at org.testng.TestRunner.privateRun(TestRunner.java:774)
	at org.testng.TestRunner.run(TestRunner.java:624)
	at org.testng.SuiteRunner.runTest(SuiteRunner.java:359)
	at org.testng.SuiteRunner.runSequentially(SuiteRunner.java:354)
	at org.testng.SuiteRunner.privateRun(SuiteRunner.java:312)
	at org.testng.SuiteRunner.run(SuiteRunner.java:261)
	at org.testng.SuiteRunnerWorker.runSuite(SuiteRunnerWorker.java:52)
	at org.testng.SuiteRunnerWorker.run(SuiteRunnerWorker.java:86)
	at org.testng.TestNG.runSuitesSequentially(TestNG.java:1215)
	at org.testng.TestNG.runSuitesLocally(TestNG.java:1140)
	at org.testng.TestNG.run(TestNG.java:1048)
	at org.apache.maven.surefire.testng.TestNGExecutor.run(TestNGExecutor.java:217)
	at org.apache.maven.surefire.testng.TestNGXmlTestSuite.execute(TestNGXmlTestSuite.java:84)
	at org.apache.maven.surefire.testng.TestNGProvider.invoke(TestNGProvider.java:92)
	at org.apache.maven.surefire.booter.ForkedBooter.invokeProviderInSameClassLoader(ForkedBooter.java:200)
	at org.apache.maven.surefire.booter.ForkedBooter.runSuitesInProcess(ForkedBooter.java:153)
	at org.apache.maven.surefire.booter.ForkedBooter.main(ForkedBooter.java:103)
]]></system-err>
  </testcase>
  <testcase name="addNewPartnerOrganisation" classname="com.dw.api.automation.TestScripts.PlaceOrderWithCoupanCodeTest" time="0.01">
    <failure type="java.lang.NullPointerException:">java.lang.NullPointerException: null
	at com.dw.api.automation.libs.FilloExcelUtility.readExcelWithTestName(FilloExcelUtility.java:109)
	at com.dw.api.automation.pagefactory.ApiLoginPF.loginAsPM(ApiLoginPF.java:50)
	at com.dw.api.automation.pagefactory.OrganisationPF.addNewPartnerOrganisation(OrganisationPF.java:59)
	at com.dw.api.automation.TestScripts.PlaceOrderWithCoupanCodeTest.addNewPartnerOrganisation(PlaceOrderWithCoupanCodeTest.java:86)
</failure>
    <system-out><![CDATA[java.lang.NullPointerException
	at com.dw.api.automation.libs.FilloExcelUtility.readExcelWithTestName(FilloExcelUtility.java:109)
	at com.dw.api.automation.pagefactory.ApiLoginPF.loginAsPM(ApiLoginPF.java:50)
	at com.dw.api.automation.pagefactory.OrganisationPF.verifyMPN(OrganisationPF.java:44)
	at com.dw.api.automation.TestScripts.PlaceOrderWithCoupanCodeTest.verifyMpnId(PlaceOrderWithCoupanCodeTest.java:74)
	at sun.reflect.NativeMethodAccessorImpl.invoke0(Native Method)
	at sun.reflect.NativeMethodAccessorImpl.invoke(Unknown Source)
	at sun.reflect.DelegatingMethodAccessorImpl.invoke(Unknown Source)
	at java.lang.reflect.Method.invoke(Unknown Source)
	at org.testng.internal.MethodInvocationHelper.invokeMethod(MethodInvocationHelper.java:85)
	at org.testng.internal.Invoker.invokeMethod(Invoker.java:639)
	at org.testng.internal.Invoker.invokeTestMethod(Invoker.java:816)
	at org.testng.internal.Invoker.invokeTestMethods(Invoker.java:1124)
	at org.testng.internal.TestMethodWorker.invokeTestMethods(TestMethodWorker.java:125)
	at org.testng.internal.TestMethodWorker.run(TestMethodWorker.java:108)
	at org.testng.TestRunner.privateRun(TestRunner.java:774)
	at org.testng.TestRunner.run(TestRunner.java:624)
	at org.testng.SuiteRunner.runTest(SuiteRunner.java:359)
	at org.testng.SuiteRunner.runSequentially(SuiteRunner.java:354)
	at org.testng.SuiteRunner.privateRun(SuiteRunner.java:312)
	at org.testng.SuiteRunner.run(SuiteRunner.java:261)
	at org.testng.SuiteRunnerWorker.runSuite(SuiteRunnerWorker.java:52)
	at org.testng.SuiteRunnerWorker.run(SuiteRunnerWorker.java:86)
	at org.testng.TestNG.runSuitesSequentially(TestNG.java:1215)
	at org.testng.TestNG.runSuitesLocally(TestNG.java:1140)
	at org.testng.TestNG.run(TestNG.java:1048)
	at org.apache.maven.surefire.testng.TestNGExecutor.run(TestNGExecutor.java:217)
	at org.apache.maven.surefire.testng.TestNGXmlTestSuite.execute(TestNGXmlTestSuite.java:84)
	at org.apache.maven.surefire.testng.TestNGProvider.invoke(TestNGProvider.java:92)
	at org.apache.maven.surefire.booter.ForkedBooter.invokeProviderInSameClassLoader(ForkedBooter.java:200)
	at org.apache.maven.surefire.booter.ForkedBooter.runSuitesInProcess(ForkedBooter.java:153)
	at org.apache.maven.surefire.booter.ForkedBooter.main(ForkedBooter.java:103)

dbloc=https://test.
exceldbloc Location=/var/lib/jenkins/jobs/Genesis_API_Automation/workspace/src/test/resources/files/ConfigSheet.xlsx
exceldbloc=/var/lib/jenkins/jobs/Genesis_API_Automation/workspace/src/test/resources/files/ConfigSheet.xlsx
Page Name=login
]]></system-out>
    <system-err><![CDATA[com.codoid.products.exception.FilloException: Workbook is not found - /var/lib/jenkins/jobs/Genesis_API_Automation/workspace/src/test/resources/files/ConfigSheet.xlsx
	at com.codoid.products.fillo.Fillo.getConnection(Fillo.java:45)
	at com.dw.api.automation.libs.FilloExcelUtility.readExcelWithTestName(FilloExcelUtility.java:98)
	at com.dw.api.automation.pagefactory.ApiLoginPF.loginAsPM(ApiLoginPF.java:50)
	at com.dw.api.automation.pagefactory.OrganisationPF.addNewPartnerOrganisation(OrganisationPF.java:59)
	at com.dw.api.automation.TestScripts.PlaceOrderWithCoupanCodeTest.addNewPartnerOrganisation(PlaceOrderWithCoupanCodeTest.java:86)
	at sun.reflect.NativeMethodAccessorImpl.invoke0(Native Method)
	at sun.reflect.NativeMethodAccessorImpl.invoke(Unknown Source)
	at sun.reflect.DelegatingMethodAccessorImpl.invoke(Unknown Source)
	at java.lang.reflect.Method.invoke(Unknown Source)
	at org.testng.internal.MethodInvocationHelper.invokeMethod(MethodInvocationHelper.java:85)
	at org.testng.internal.Invoker.invokeMethod(Invoker.java:639)
	at org.testng.internal.Invoker.invokeTestMethod(Invoker.java:816)
	at org.testng.internal.Invoker.invokeTestMethods(Invoker.java:1124)
	at org.testng.internal.TestMethodWorker.invokeTestMethods(TestMethodWorker.java:125)
	at org.testng.internal.TestMethodWorker.run(TestMethodWorker.java:108)
	at org.testng.TestRunner.privateRun(TestRunner.java:774)
	at org.testng.TestRunner.run(TestRunner.java:624)
	at org.testng.SuiteRunner.runTest(SuiteRunner.java:359)
	at org.testng.SuiteRunner.runSequentially(SuiteRunner.java:354)
	at org.testng.SuiteRunner.privateRun(SuiteRunner.java:312)
	at org.testng.SuiteRunner.run(SuiteRunner.java:261)
	at org.testng.SuiteRunnerWorker.runSuite(SuiteRunnerWorker.java:52)
	at org.testng.SuiteRunnerWorker.run(SuiteRunnerWorker.java:86)
	at org.testng.TestNG.runSuitesSequentially(TestNG.java:1215)
	at org.testng.TestNG.runSuitesLocally(TestNG.java:1140)
	at org.testng.TestNG.run(TestNG.java:1048)
	at org.apache.maven.surefire.testng.TestNGExecutor.run(TestNGExecutor.java:217)
	at org.apache.maven.surefire.testng.TestNGXmlTestSuite.execute(TestNGXmlTestSuite.java:84)
	at org.apache.maven.surefire.testng.TestNGProvider.invoke(TestNGProvider.java:92)
	at org.apache.maven.surefire.booter.ForkedBooter.invokeProviderInSameClassLoader(ForkedBooter.java:200)
	at org.apache.maven.surefire.booter.ForkedBooter.runSuitesInProcess(ForkedBooter.java:153)
	at org.apache.maven.surefire.booter.ForkedBooter.main(ForkedBooter.java:103)
]]></system-err>
  </testcase>
  <testcase name="approveNewOrgByBAM" classname="com.dw.api.automation.TestScripts.PlaceOrderWithCoupanCodeTest" time="0.006">
    <failure type="java.lang.NullPointerException:">java.lang.NullPointerException: null
	at com.dw.api.automation.libs.FilloExcelUtility.readExcelWithTestName(FilloExcelUtility.java:109)
	at com.dw.api.automation.pagefactory.OrganisationPF.approveNewOrganisationByBam(OrganisationPF.java:155)
	at com.dw.api.automation.TestScripts.PlaceOrderWithCoupanCodeTest.approveNewOrgByBAM(PlaceOrderWithCoupanCodeTest.java:101)
</failure>
    <system-out><![CDATA[java.lang.NullPointerException
	at com.dw.api.automation.libs.FilloExcelUtility.readExcelWithTestName(FilloExcelUtility.java:109)
	at com.dw.api.automation.pagefactory.ApiLoginPF.loginAsPM(ApiLoginPF.java:50)
	at com.dw.api.automation.pagefactory.OrganisationPF.addNewPartnerOrganisation(OrganisationPF.java:59)
	at com.dw.api.automation.TestScripts.PlaceOrderWithCoupanCodeTest.addNewPartnerOrganisation(PlaceOrderWithCoupanCodeTest.java:86)
	at sun.reflect.NativeMethodAccessorImpl.invoke0(Native Method)
	at sun.reflect.NativeMethodAccessorImpl.invoke(Unknown Source)
	at sun.reflect.DelegatingMethodAccessorImpl.invoke(Unknown Source)
	at java.lang.reflect.Method.invoke(Unknown Source)
	at org.testng.internal.MethodInvocationHelper.invokeMethod(MethodInvocationHelper.java:85)
	at org.testng.internal.Invoker.invokeMethod(Invoker.java:639)
	at org.testng.internal.Invoker.invokeTestMethod(Invoker.java:816)
	at org.testng.internal.Invoker.invokeTestMethods(Invoker.java:1124)
	at org.testng.internal.TestMethodWorker.invokeTestMethods(TestMethodWorker.java:125)
	at org.testng.internal.TestMethodWorker.run(TestMethodWorker.java:108)
	at org.testng.TestRunner.privateRun(TestRunner.java:774)
	at org.testng.TestRunner.run(TestRunner.java:624)
	at org.testng.SuiteRunner.runTest(SuiteRunner.java:359)
	at org.testng.SuiteRunner.runSequentially(SuiteRunner.java:354)
	at org.testng.SuiteRunner.privateRun(SuiteRunner.java:312)
	at org.testng.SuiteRunner.run(SuiteRunner.java:261)
	at org.testng.SuiteRunnerWorker.runSuite(SuiteRunnerWorker.java:52)
	at org.testng.SuiteRunnerWorker.run(SuiteRunnerWorker.java:86)
	at org.testng.TestNG.runSuitesSequentially(TestNG.java:1215)
	at org.testng.TestNG.runSuitesLocally(TestNG.java:1140)
	at org.testng.TestNG.run(TestNG.java:1048)
	at org.apache.maven.surefire.testng.TestNGExecutor.run(TestNGExecutor.java:217)
	at org.apache.maven.surefire.testng.TestNGXmlTestSuite.execute(TestNGXmlTestSuite.java:84)
	at org.apache.maven.surefire.testng.TestNGProvider.invoke(TestNGProvider.java:92)
	at org.apache.maven.surefire.booter.ForkedBooter.invokeProviderInSameClassLoader(ForkedBooter.java:200)
	at org.apache.maven.surefire.booter.ForkedBooter.runSuitesInProcess(ForkedBooter.java:153)
	at org.apache.maven.surefire.booter.ForkedBooter.main(ForkedBooter.java:103)

testNameColom=PlaceOrderWithCoupanCodeTest
exceldbloc Location=/var/lib/jenkins/jobs/Genesis_API_Automation/workspace/src/test/resources/files/ConfigSheet.xlsx
exceldbloc=/var/lib/jenkins/jobs/Genesis_API_Automation/workspace/src/test/resources/files/ConfigSheet.xlsx
Page Name=login
]]></system-out>
    <system-err><![CDATA[com.codoid.products.exception.FilloException: Workbook is not found - /var/lib/jenkins/jobs/Genesis_API_Automation/workspace/src/test/resources/files/ConfigSheet.xlsx
	at com.codoid.products.fillo.Fillo.getConnection(Fillo.java:45)
	at com.dw.api.automation.libs.FilloExcelUtility.readExcelWithTestName(FilloExcelUtility.java:98)
	at com.dw.api.automation.pagefactory.OrganisationPF.approveNewOrganisationByBam(OrganisationPF.java:155)
	at com.dw.api.automation.TestScripts.PlaceOrderWithCoupanCodeTest.approveNewOrgByBAM(PlaceOrderWithCoupanCodeTest.java:101)
	at sun.reflect.NativeMethodAccessorImpl.invoke0(Native Method)
	at sun.reflect.NativeMethodAccessorImpl.invoke(Unknown Source)
	at sun.reflect.DelegatingMethodAccessorImpl.invoke(Unknown Source)
	at java.lang.reflect.Method.invoke(Unknown Source)
	at org.testng.internal.MethodInvocationHelper.invokeMethod(MethodInvocationHelper.java:85)
	at org.testng.internal.Invoker.invokeMethod(Invoker.java:639)
	at org.testng.internal.Invoker.invokeTestMethod(Invoker.java:816)
	at org.testng.internal.Invoker.invokeTestMethods(Invoker.java:1124)
	at org.testng.internal.TestMethodWorker.invokeTestMethods(TestMethodWorker.java:125)
	at org.testng.internal.TestMethodWorker.run(TestMethodWorker.java:108)
	at org.testng.TestRunner.privateRun(TestRunner.java:774)
	at org.testng.TestRunner.run(TestRunner.java:624)
	at org.testng.SuiteRunner.runTest(SuiteRunner.java:359)
	at org.testng.SuiteRunner.runSequentially(SuiteRunner.java:354)
	at org.testng.SuiteRunner.privateRun(SuiteRunner.java:312)
	at org.testng.SuiteRunner.run(SuiteRunner.java:261)
	at org.testng.SuiteRunnerWorker.runSuite(SuiteRunnerWorker.java:52)
	at org.testng.SuiteRunnerWorker.run(SuiteRunnerWorker.java:86)
	at org.testng.TestNG.runSuitesSequentially(TestNG.java:1215)
	at org.testng.TestNG.runSuitesLocally(TestNG.java:1140)
	at org.testng.TestNG.run(TestNG.java:1048)
	at org.apache.maven.surefire.testng.TestNGExecutor.run(TestNGExecutor.java:217)
	at org.apache.maven.surefire.testng.TestNGXmlTestSuite.execute(TestNGXmlTestSuite.java:84)
	at org.apache.maven.surefire.testng.TestNGProvider.invoke(TestNGProvider.java:92)
	at org.apache.maven.surefire.booter.ForkedBooter.invokeProviderInSameClassLoader(ForkedBooter.java:200)
	at org.apache.maven.surefire.booter.ForkedBooter.runSuitesInProcess(ForkedBooter.java:153)
	at org.apache.maven.surefire.booter.ForkedBooter.main(ForkedBooter.java:103)
]]></system-err>
  </testcase>
  <testcase name="approveNewOrgByCA" classname="com.dw.api.automation.TestScripts.PlaceOrderWithCoupanCodeTest" time="0.004">
    <failure type="java.lang.NullPointerException:">java.lang.NullPointerException: null
	at com.dw.api.automation.libs.FilloExcelUtility.readExcelWithTestName(FilloExcelUtility.java:109)
	at com.dw.api.automation.pagefactory.ApiLoginPF.loginAsCA(ApiLoginPF.java:150)
	at com.dw.api.automation.pagefactory.OrganisationPF.approveNewOrganisationByCA(OrganisationPF.java:207)
	at com.dw.api.automation.TestScripts.PlaceOrderWithCoupanCodeTest.approveNewOrgByCA(PlaceOrderWithCoupanCodeTest.java:113)
</failure>
    <system-out><![CDATA[java.lang.NullPointerException
	at com.dw.api.automation.libs.FilloExcelUtility.readExcelWithTestName(FilloExcelUtility.java:109)
	at com.dw.api.automation.pagefactory.OrganisationPF.approveNewOrganisationByBam(OrganisationPF.java:155)
	at com.dw.api.automation.TestScripts.PlaceOrderWithCoupanCodeTest.approveNewOrgByBAM(PlaceOrderWithCoupanCodeTest.java:101)
	at sun.reflect.NativeMethodAccessorImpl.invoke0(Native Method)
	at sun.reflect.NativeMethodAccessorImpl.invoke(Unknown Source)
	at sun.reflect.DelegatingMethodAccessorImpl.invoke(Unknown Source)
	at java.lang.reflect.Method.invoke(Unknown Source)
	at org.testng.internal.MethodInvocationHelper.invokeMethod(MethodInvocationHelper.java:85)
	at org.testng.internal.Invoker.invokeMethod(Invoker.java:639)
	at org.testng.internal.Invoker.invokeTestMethod(Invoker.java:816)
	at org.testng.internal.Invoker.invokeTestMethods(Invoker.java:1124)
	at org.testng.internal.TestMethodWorker.invokeTestMethods(TestMethodWorker.java:125)
	at org.testng.internal.TestMethodWorker.run(TestMethodWorker.java:108)
	at org.testng.TestRunner.privateRun(TestRunner.java:774)
	at org.testng.TestRunner.run(TestRunner.java:624)
	at org.testng.SuiteRunner.runTest(SuiteRunner.java:359)
	at org.testng.SuiteRunner.runSequentially(SuiteRunner.java:354)
	at org.testng.SuiteRunner.privateRun(SuiteRunner.java:312)
	at org.testng.SuiteRunner.run(SuiteRunner.java:261)
	at org.testng.SuiteRunnerWorker.runSuite(SuiteRunnerWorker.java:52)
	at org.testng.SuiteRunnerWorker.run(SuiteRunnerWorker.java:86)
	at org.testng.TestNG.runSuitesSequentially(TestNG.java:1215)
	at org.testng.TestNG.runSuitesLocally(TestNG.java:1140)
	at org.testng.TestNG.run(TestNG.java:1048)
	at org.apache.maven.surefire.testng.TestNGExecutor.run(TestNGExecutor.java:217)
	at org.apache.maven.surefire.testng.TestNGXmlTestSuite.execute(TestNGXmlTestSuite.java:84)
	at org.apache.maven.surefire.testng.TestNGProvider.invoke(TestNGProvider.java:92)
	at org.apache.maven.surefire.booter.ForkedBooter.invokeProviderInSameClassLoader(ForkedBooter.java:200)
	at org.apache.maven.surefire.booter.ForkedBooter.runSuitesInProcess(ForkedBooter.java:153)
	at org.apache.maven.surefire.booter.ForkedBooter.main(ForkedBooter.java:103)

dbloc=https://test.
exceldbloc Location=/var/lib/jenkins/jobs/Genesis_API_Automation/workspace/src/test/resources/files/ConfigSheet.xlsx
exceldbloc=/var/lib/jenkins/jobs/Genesis_API_Automation/workspace/src/test/resources/files/ConfigSheet.xlsx
Page Name=login
]]></system-out>
    <system-err><![CDATA[com.codoid.products.exception.FilloException: Workbook is not found - /var/lib/jenkins/jobs/Genesis_API_Automation/workspace/src/test/resources/files/ConfigSheet.xlsx
	at com.codoid.products.fillo.Fillo.getConnection(Fillo.java:45)
	at com.dw.api.automation.libs.FilloExcelUtility.readExcelWithTestName(FilloExcelUtility.java:98)
	at com.dw.api.automation.pagefactory.ApiLoginPF.loginAsCA(ApiLoginPF.java:150)
	at com.dw.api.automation.pagefactory.OrganisationPF.approveNewOrganisationByCA(OrganisationPF.java:207)
	at com.dw.api.automation.TestScripts.PlaceOrderWithCoupanCodeTest.approveNewOrgByCA(PlaceOrderWithCoupanCodeTest.java:113)
	at sun.reflect.NativeMethodAccessorImpl.invoke0(Native Method)
	at sun.reflect.NativeMethodAccessorImpl.invoke(Unknown Source)
	at sun.reflect.DelegatingMethodAccessorImpl.invoke(Unknown Source)
	at java.lang.reflect.Method.invoke(Unknown Source)
	at org.testng.internal.MethodInvocationHelper.invokeMethod(MethodInvocationHelper.java:85)
	at org.testng.internal.Invoker.invokeMethod(Invoker.java:639)
	at org.testng.internal.Invoker.invokeTestMethod(Invoker.java:816)
	at org.testng.internal.Invoker.invokeTestMethods(Invoker.java:1124)
	at org.testng.internal.TestMethodWorker.invokeTestMethods(TestMethodWorker.java:125)
	at org.testng.internal.TestMethodWorker.run(TestMethodWorker.java:108)
	at org.testng.TestRunner.privateRun(TestRunner.java:774)
	at org.testng.TestRunner.run(TestRunner.java:624)
	at org.testng.SuiteRunner.runTest(SuiteRunner.java:359)
	at org.testng.SuiteRunner.runSequentially(SuiteRunner.java:354)
	at org.testng.SuiteRunner.privateRun(SuiteRunner.java:312)
	at org.testng.SuiteRunner.run(SuiteRunner.java:261)
	at org.testng.SuiteRunnerWorker.runSuite(SuiteRunnerWorker.java:52)
	at org.testng.SuiteRunnerWorker.run(SuiteRunnerWorker.java:86)
	at org.testng.TestNG.runSuitesSequentially(TestNG.java:1215)
	at org.testng.TestNG.runSuitesLocally(TestNG.java:1140)
	at org.testng.TestNG.run(TestNG.java:1048)
	at org.apache.maven.surefire.testng.TestNGExecutor.run(TestNGExecutor.java:217)
	at org.apache.maven.surefire.testng.TestNGXmlTestSuite.execute(TestNGXmlTestSuite.java:84)
	at org.apache.maven.surefire.testng.TestNGProvider.invoke(TestNGProvider.java:92)
	at org.apache.maven.surefire.booter.ForkedBooter.invokeProviderInSameClassLoader(ForkedBooter.java:200)
	at org.apache.maven.surefire.booter.ForkedBooter.runSuitesInProcess(ForkedBooter.java:153)
	at org.apache.maven.surefire.booter.ForkedBooter.main(ForkedBooter.java:103)
]]></system-err>
  </testcase>
  <testcase name="createNewCustomer" classname="com.dw.api.automation.TestScripts.PlaceOrderWithCoupanCodeTest" time="0.004">
    <failure type="java.lang.NullPointerException:">java.lang.NullPointerException: null
	at com.dw.api.automation.libs.FilloExcelUtility.readExcelWithTestName(FilloExcelUtility.java:109)
	at com.dw.api.automation.pagefactory.ApiLoginPF.loginAsPM(ApiLoginPF.java:50)
	at com.dw.api.automation.pagefactory.CustomerPF.createNewCustomer(CustomerPF.java:36)
	at com.dw.api.automation.TestScripts.PlaceOrderWithCoupanCodeTest.createNewCustomer(PlaceOrderWithCoupanCodeTest.java:126)
</failure>
    <system-out><![CDATA[java.lang.NullPointerException
	at com.dw.api.automation.libs.FilloExcelUtility.readExcelWithTestName(FilloExcelUtility.java:109)
	at com.dw.api.automation.pagefactory.ApiLoginPF.loginAsCA(ApiLoginPF.java:150)
	at com.dw.api.automation.pagefactory.OrganisationPF.approveNewOrganisationByCA(OrganisationPF.java:207)
	at com.dw.api.automation.TestScripts.PlaceOrderWithCoupanCodeTest.approveNewOrgByCA(PlaceOrderWithCoupanCodeTest.java:113)
	at sun.reflect.NativeMethodAccessorImpl.invoke0(Native Method)
	at sun.reflect.NativeMethodAccessorImpl.invoke(Unknown Source)
	at sun.reflect.DelegatingMethodAccessorImpl.invoke(Unknown Source)
	at java.lang.reflect.Method.invoke(Unknown Source)
	at org.testng.internal.MethodInvocationHelper.invokeMethod(MethodInvocationHelper.java:85)
	at org.testng.internal.Invoker.invokeMethod(Invoker.java:639)
	at org.testng.internal.Invoker.invokeTestMethod(Invoker.java:816)
	at org.testng.internal.Invoker.invokeTestMethods(Invoker.java:1124)
	at org.testng.internal.TestMethodWorker.invokeTestMethods(TestMethodWorker.java:125)
	at org.testng.internal.TestMethodWorker.run(TestMethodWorker.java:108)
	at org.testng.TestRunner.privateRun(TestRunner.java:774)
	at org.testng.TestRunner.run(TestRunner.java:624)
	at org.testng.SuiteRunner.runTest(SuiteRunner.java:359)
	at org.testng.SuiteRunner.runSequentially(SuiteRunner.java:354)
	at org.testng.SuiteRunner.privateRun(SuiteRunner.java:312)
	at org.testng.SuiteRunner.run(SuiteRunner.java:261)
	at org.testng.SuiteRunnerWorker.runSuite(SuiteRunnerWorker.java:52)
	at org.testng.SuiteRunnerWorker.run(SuiteRunnerWorker.java:86)
	at org.testng.TestNG.runSuitesSequentially(TestNG.java:1215)
	at org.testng.TestNG.runSuitesLocally(TestNG.java:1140)
	at org.testng.TestNG.run(TestNG.java:1048)
	at org.apache.maven.surefire.testng.TestNGExecutor.run(TestNGExecutor.java:217)
	at org.apache.maven.surefire.testng.TestNGXmlTestSuite.execute(TestNGXmlTestSuite.java:84)
	at org.apache.maven.surefire.testng.TestNGProvider.invoke(TestNGProvider.java:92)
	at org.apache.maven.surefire.booter.ForkedBooter.invokeProviderInSameClassLoader(ForkedBooter.java:200)
	at org.apache.maven.surefire.booter.ForkedBooter.runSuitesInProcess(ForkedBooter.java:153)
	at org.apache.maven.surefire.booter.ForkedBooter.main(ForkedBooter.java:103)

dbloc=https://test.
exceldbloc Location=/var/lib/jenkins/jobs/Genesis_API_Automation/workspace/src/test/resources/files/ConfigSheet.xlsx
exceldbloc=/var/lib/jenkins/jobs/Genesis_API_Automation/workspace/src/test/resources/files/ConfigSheet.xlsx
Page Name=login
]]></system-out>
    <system-err><![CDATA[com.codoid.products.exception.FilloException: Workbook is not found - /var/lib/jenkins/jobs/Genesis_API_Automation/workspace/src/test/resources/files/ConfigSheet.xlsx
	at com.codoid.products.fillo.Fillo.getConnection(Fillo.java:45)
	at com.dw.api.automation.libs.FilloExcelUtility.readExcelWithTestName(FilloExcelUtility.java:98)
	at com.dw.api.automation.pagefactory.ApiLoginPF.loginAsPM(ApiLoginPF.java:50)
	at com.dw.api.automation.pagefactory.CustomerPF.createNewCustomer(CustomerPF.java:36)
	at com.dw.api.automation.TestScripts.PlaceOrderWithCoupanCodeTest.createNewCustomer(PlaceOrderWithCoupanCodeTest.java:126)
	at sun.reflect.NativeMethodAccessorImpl.invoke0(Native Method)
	at sun.reflect.NativeMethodAccessorImpl.invoke(Unknown Source)
	at sun.reflect.DelegatingMethodAccessorImpl.invoke(Unknown Source)
	at java.lang.reflect.Method.invoke(Unknown Source)
	at org.testng.internal.MethodInvocationHelper.invokeMethod(MethodInvocationHelper.java:85)
	at org.testng.internal.Invoker.invokeMethod(Invoker.java:639)
	at org.testng.internal.Invoker.invokeTestMethod(Invoker.java:816)
	at org.testng.internal.Invoker.invokeTestMethods(Invoker.java:1124)
	at org.testng.internal.TestMethodWorker.invokeTestMethods(TestMethodWorker.java:125)
	at org.testng.internal.TestMethodWorker.run(TestMethodWorker.java:108)
	at org.testng.TestRunner.privateRun(TestRunner.java:774)
	at org.testng.TestRunner.run(TestRunner.java:624)
	at org.testng.SuiteRunner.runTest(SuiteRunner.java:359)
	at org.testng.SuiteRunner.runSequentially(SuiteRunner.java:354)
	at org.testng.SuiteRunner.privateRun(SuiteRunner.java:312)
	at org.testng.SuiteRunner.run(SuiteRunner.java:261)
	at org.testng.SuiteRunnerWorker.runSuite(SuiteRunnerWorker.java:52)
	at org.testng.SuiteRunnerWorker.run(SuiteRunnerWorker.java:86)
	at org.testng.TestNG.runSuitesSequentially(TestNG.java:1215)
	at org.testng.TestNG.runSuitesLocally(TestNG.java:1140)
	at org.testng.TestNG.run(TestNG.java:1048)
	at org.apache.maven.surefire.testng.TestNGExecutor.run(TestNGExecutor.java:217)
	at org.apache.maven.surefire.testng.TestNGXmlTestSuite.execute(TestNGXmlTestSuite.java:84)
	at org.apache.maven.surefire.testng.TestNGProvider.invoke(TestNGProvider.java:92)
	at org.apache.maven.surefire.booter.ForkedBooter.invokeProviderInSameClassLoader(ForkedBooter.java:200)
	at org.apache.maven.surefire.booter.ForkedBooter.runSuitesInProcess(ForkedBooter.java:153)
	at org.apache.maven.surefire.booter.ForkedBooter.main(ForkedBooter.java:103)
]]></system-err>
  </testcase>
  <testcase name="getCustomerId" classname="com.dw.api.automation.TestScripts.PlaceOrderWithCoupanCodeTest" time="0.003">
    <failure type="java.lang.NullPointerException:">java.lang.NullPointerException: null
	at com.dw.api.automation.libs.FilloExcelUtility.readExcelWithTestName(FilloExcelUtility.java:109)
	at com.dw.api.automation.pagefactory.ApiLoginPF.loginAsBAM(ApiLoginPF.java:99)
	at com.dw.api.automation.pagefactory.CustomerPF.getCustomerId(CustomerPF.java:98)
	at com.dw.api.automation.TestScripts.PlaceOrderWithCoupanCodeTest.getCustomerId(PlaceOrderWithCoupanCodeTest.java:138)
</failure>
    <system-out><![CDATA[java.lang.NullPointerException
	at com.dw.api.automation.libs.FilloExcelUtility.readExcelWithTestName(FilloExcelUtility.java:109)
	at com.dw.api.automation.pagefactory.ApiLoginPF.loginAsPM(ApiLoginPF.java:50)
	at com.dw.api.automation.pagefactory.CustomerPF.createNewCustomer(CustomerPF.java:36)
	at com.dw.api.automation.TestScripts.PlaceOrderWithCoupanCodeTest.createNewCustomer(PlaceOrderWithCoupanCodeTest.java:126)
	at sun.reflect.NativeMethodAccessorImpl.invoke0(Native Method)
	at sun.reflect.NativeMethodAccessorImpl.invoke(Unknown Source)
	at sun.reflect.DelegatingMethodAccessorImpl.invoke(Unknown Source)
	at java.lang.reflect.Method.invoke(Unknown Source)
	at org.testng.internal.MethodInvocationHelper.invokeMethod(MethodInvocationHelper.java:85)
	at org.testng.internal.Invoker.invokeMethod(Invoker.java:639)
	at org.testng.internal.Invoker.invokeTestMethod(Invoker.java:816)
	at org.testng.internal.Invoker.invokeTestMethods(Invoker.java:1124)
	at org.testng.internal.TestMethodWorker.invokeTestMethods(TestMethodWorker.java:125)
	at org.testng.internal.TestMethodWorker.run(TestMethodWorker.java:108)
	at org.testng.TestRunner.privateRun(TestRunner.java:774)
	at org.testng.TestRunner.run(TestRunner.java:624)
	at org.testng.SuiteRunner.runTest(SuiteRunner.java:359)
	at org.testng.SuiteRunner.runSequentially(SuiteRunner.java:354)
	at org.testng.SuiteRunner.privateRun(SuiteRunner.java:312)
	at org.testng.SuiteRunner.run(SuiteRunner.java:261)
	at org.testng.SuiteRunnerWorker.runSuite(SuiteRunnerWorker.java:52)
	at org.testng.SuiteRunnerWorker.run(SuiteRunnerWorker.java:86)
	at org.testng.TestNG.runSuitesSequentially(TestNG.java:1215)
	at org.testng.TestNG.runSuitesLocally(TestNG.java:1140)
	at org.testng.TestNG.run(TestNG.java:1048)
	at org.apache.maven.surefire.testng.TestNGExecutor.run(TestNGExecutor.java:217)
	at org.apache.maven.surefire.testng.TestNGXmlTestSuite.execute(TestNGXmlTestSuite.java:84)
	at org.apache.maven.surefire.testng.TestNGProvider.invoke(TestNGProvider.java:92)
	at org.apache.maven.surefire.booter.ForkedBooter.invokeProviderInSameClassLoader(ForkedBooter.java:200)
	at org.apache.maven.surefire.booter.ForkedBooter.runSuitesInProcess(ForkedBooter.java:153)
	at org.apache.maven.surefire.booter.ForkedBooter.main(ForkedBooter.java:103)

dbloc=https://test.
exceldbloc Location=/var/lib/jenkins/jobs/Genesis_API_Automation/workspace/src/test/resources/files/ConfigSheet.xlsx
exceldbloc=/var/lib/jenkins/jobs/Genesis_API_Automation/workspace/src/test/resources/files/ConfigSheet.xlsx
Page Name=login
]]></system-out>
    <system-err><![CDATA[com.codoid.products.exception.FilloException: Workbook is not found - /var/lib/jenkins/jobs/Genesis_API_Automation/workspace/src/test/resources/files/ConfigSheet.xlsx
	at com.codoid.products.fillo.Fillo.getConnection(Fillo.java:45)
	at com.dw.api.automation.libs.FilloExcelUtility.readExcelWithTestName(FilloExcelUtility.java:98)
	at com.dw.api.automation.pagefactory.ApiLoginPF.loginAsBAM(ApiLoginPF.java:99)
	at com.dw.api.automation.pagefactory.CustomerPF.getCustomerId(CustomerPF.java:98)
	at com.dw.api.automation.TestScripts.PlaceOrderWithCoupanCodeTest.getCustomerId(PlaceOrderWithCoupanCodeTest.java:138)
	at sun.reflect.NativeMethodAccessorImpl.invoke0(Native Method)
	at sun.reflect.NativeMethodAccessorImpl.invoke(Unknown Source)
	at sun.reflect.DelegatingMethodAccessorImpl.invoke(Unknown Source)
	at java.lang.reflect.Method.invoke(Unknown Source)
	at org.testng.internal.MethodInvocationHelper.invokeMethod(MethodInvocationHelper.java:85)
	at org.testng.internal.Invoker.invokeMethod(Invoker.java:639)
	at org.testng.internal.Invoker.invokeTestMethod(Invoker.java:816)
	at org.testng.internal.Invoker.invokeTestMethods(Invoker.java:1124)
	at org.testng.internal.TestMethodWorker.invokeTestMethods(TestMethodWorker.java:125)
	at org.testng.internal.TestMethodWorker.run(TestMethodWorker.java:108)
	at org.testng.TestRunner.privateRun(TestRunner.java:774)
	at org.testng.TestRunner.run(TestRunner.java:624)
	at org.testng.SuiteRunner.runTest(SuiteRunner.java:359)
	at org.testng.SuiteRunner.runSequentially(SuiteRunner.java:354)
	at org.testng.SuiteRunner.privateRun(SuiteRunner.java:312)
	at org.testng.SuiteRunner.run(SuiteRunner.java:261)
	at org.testng.SuiteRunnerWorker.runSuite(SuiteRunnerWorker.java:52)
	at org.testng.SuiteRunnerWorker.run(SuiteRunnerWorker.java:86)
	at org.testng.TestNG.runSuitesSequentially(TestNG.java:1215)
	at org.testng.TestNG.runSuitesLocally(TestNG.java:1140)
	at org.testng.TestNG.run(TestNG.java:1048)
	at org.apache.maven.surefire.testng.TestNGExecutor.run(TestNGExecutor.java:217)
	at org.apache.maven.surefire.testng.TestNGXmlTestSuite.execute(TestNGXmlTestSuite.java:84)
	at org.apache.maven.surefire.testng.TestNGProvider.invoke(TestNGProvider.java:92)
	at org.apache.maven.surefire.booter.ForkedBooter.invokeProviderInSameClassLoader(ForkedBooter.java:200)
	at org.apache.maven.surefire.booter.ForkedBooter.runSuitesInProcess(ForkedBooter.java:153)
	at org.apache.maven.surefire.booter.ForkedBooter.main(ForkedBooter.java:103)
]]></system-err>
  </testcase>
  <testcase name="approveNewCustomerFromBam" classname="com.dw.api.automation.TestScripts.PlaceOrderWithCoupanCodeTest" time="0.025">
    <failure type="java.lang.NullPointerException:">java.lang.NullPointerException: null
	at com.dw.api.automation.libs.FilloExcelUtility.readExcelWithTestName(FilloExcelUtility.java:109)
	at com.dw.api.automation.pagefactory.ApiLoginPF.loginAsBAM(ApiLoginPF.java:99)
	at com.dw.api.automation.pagefactory.CustomerPF.approveNewCustomerFromBam(CustomerPF.java:133)
	at com.dw.api.automation.TestScripts.PlaceOrderWithCoupanCodeTest.approveNewCustomerFromBam(PlaceOrderWithCoupanCodeTest.java:148)
</failure>
    <system-out><![CDATA[java.lang.NullPointerException
	at com.dw.api.automation.libs.FilloExcelUtility.readExcelWithTestName(FilloExcelUtility.java:109)
	at com.dw.api.automation.pagefactory.ApiLoginPF.loginAsBAM(ApiLoginPF.java:99)
	at com.dw.api.automation.pagefactory.CustomerPF.getCustomerId(CustomerPF.java:98)
	at com.dw.api.automation.TestScripts.PlaceOrderWithCoupanCodeTest.getCustomerId(PlaceOrderWithCoupanCodeTest.java:138)
	at sun.reflect.NativeMethodAccessorImpl.invoke0(Native Method)
	at sun.reflect.NativeMethodAccessorImpl.invoke(Unknown Source)
	at sun.reflect.DelegatingMethodAccessorImpl.invoke(Unknown Source)
	at java.lang.reflect.Method.invoke(Unknown Source)
	at org.testng.internal.MethodInvocationHelper.invokeMethod(MethodInvocationHelper.java:85)
	at org.testng.internal.Invoker.invokeMethod(Invoker.java:639)
	at org.testng.internal.Invoker.invokeTestMethod(Invoker.java:816)
	at org.testng.internal.Invoker.invokeTestMethods(Invoker.java:1124)
	at org.testng.internal.TestMethodWorker.invokeTestMethods(TestMethodWorker.java:125)
	at org.testng.internal.TestMethodWorker.run(TestMethodWorker.java:108)
	at org.testng.TestRunner.privateRun(TestRunner.java:774)
	at org.testng.TestRunner.run(TestRunner.java:624)
	at org.testng.SuiteRunner.runTest(SuiteRunner.java:359)
	at org.testng.SuiteRunner.runSequentially(SuiteRunner.java:354)
	at org.testng.SuiteRunner.privateRun(SuiteRunner.java:312)
	at org.testng.SuiteRunner.run(SuiteRunner.java:261)
	at org.testng.SuiteRunnerWorker.runSuite(SuiteRunnerWorker.java:52)
	at org.testng.SuiteRunnerWorker.run(SuiteRunnerWorker.java:86)
	at org.testng.TestNG.runSuitesSequentially(TestNG.java:1215)
	at org.testng.TestNG.runSuitesLocally(TestNG.java:1140)
	at org.testng.TestNG.run(TestNG.java:1048)
	at org.apache.maven.surefire.testng.TestNGExecutor.run(TestNGExecutor.java:217)
	at org.apache.maven.surefire.testng.TestNGXmlTestSuite.execute(TestNGXmlTestSuite.java:84)
	at org.apache.maven.surefire.testng.TestNGProvider.invoke(TestNGProvider.java:92)
	at org.apache.maven.surefire.booter.ForkedBooter.invokeProviderInSameClassLoader(ForkedBooter.java:200)
	at org.apache.maven.surefire.booter.ForkedBooter.runSuitesInProcess(ForkedBooter.java:153)
	at org.apache.maven.surefire.booter.ForkedBooter.main(ForkedBooter.java:103)

dbloc=https://test.
exceldbloc Location=/var/lib/jenkins/jobs/Genesis_API_Automation/workspace/src/test/resources/files/ConfigSheet.xlsx
exceldbloc=/var/lib/jenkins/jobs/Genesis_API_Automation/workspace/src/test/resources/files/ConfigSheet.xlsx
Page Name=login
]]></system-out>
    <system-err><![CDATA[com.codoid.products.exception.FilloException: Workbook is not found - /var/lib/jenkins/jobs/Genesis_API_Automation/workspace/src/test/resources/files/ConfigSheet.xlsx
	at com.codoid.products.fillo.Fillo.getConnection(Fillo.java:45)
	at com.dw.api.automation.libs.FilloExcelUtility.readExcelWithTestName(FilloExcelUtility.java:98)
	at com.dw.api.automation.pagefactory.ApiLoginPF.loginAsBAM(ApiLoginPF.java:99)
	at com.dw.api.automation.pagefactory.CustomerPF.approveNewCustomerFromBam(CustomerPF.java:133)
	at com.dw.api.automation.TestScripts.PlaceOrderWithCoupanCodeTest.approveNewCustomerFromBam(PlaceOrderWithCoupanCodeTest.java:148)
	at sun.reflect.NativeMethodAccessorImpl.invoke0(Native Method)
	at sun.reflect.NativeMethodAccessorImpl.invoke(Unknown Source)
	at sun.reflect.DelegatingMethodAccessorImpl.invoke(Unknown Source)
	at java.lang.reflect.Method.invoke(Unknown Source)
	at org.testng.internal.MethodInvocationHelper.invokeMethod(MethodInvocationHelper.java:85)
	at org.testng.internal.Invoker.invokeMethod(Invoker.java:639)
	at org.testng.internal.Invoker.invokeTestMethod(Invoker.java:816)
	at org.testng.internal.Invoker.invokeTestMethods(Invoker.java:1124)
	at org.testng.internal.TestMethodWorker.invokeTestMethods(TestMethodWorker.java:125)
	at org.testng.internal.TestMethodWorker.run(TestMethodWorker.java:108)
	at org.testng.TestRunner.privateRun(TestRunner.java:774)
	at org.testng.TestRunner.run(TestRunner.java:624)
	at org.testng.SuiteRunner.runTest(SuiteRunner.java:359)
	at org.testng.SuiteRunner.runSequentially(SuiteRunner.java:354)
	at org.testng.SuiteRunner.privateRun(SuiteRunner.java:312)
	at org.testng.SuiteRunner.run(SuiteRunner.java:261)
	at org.testng.SuiteRunnerWorker.runSuite(SuiteRunnerWorker.java:52)
	at org.testng.SuiteRunnerWorker.run(SuiteRunnerWorker.java:86)
	at org.testng.TestNG.runSuitesSequentially(TestNG.java:1215)
	at org.testng.TestNG.runSuitesLocally(TestNG.java:1140)
	at org.testng.TestNG.run(TestNG.java:1048)
	at org.apache.maven.surefire.testng.TestNGExecutor.run(TestNGExecutor.java:217)
	at org.apache.maven.surefire.testng.TestNGXmlTestSuite.execute(TestNGXmlTestSuite.java:84)
	at org.apache.maven.surefire.testng.TestNGProvider.invoke(TestNGProvider.java:92)
	at org.apache.maven.surefire.booter.ForkedBooter.invokeProviderInSameClassLoader(ForkedBooter.java:200)
	at org.apache.maven.surefire.booter.ForkedBooter.runSuitesInProcess(ForkedBooter.java:153)
	at org.apache.maven.surefire.booter.ForkedBooter.main(ForkedBooter.java:103)
]]></system-err>
  </testcase>
  <testcase name="createCoupan" classname="com.dw.api.automation.TestScripts.PlaceOrderWithCoupanCodeTest" time="0.004">
    <failure type="java.lang.NullPointerException:">java.lang.NullPointerException: null
	at com.dw.api.automation.libs.FilloExcelUtility.readExcelWithTestName(FilloExcelUtility.java:109)
	at com.dw.api.automation.pagefactory.ApiLoginPF.loginAsBAM(ApiLoginPF.java:99)
	at com.dw.api.automation.pagefactory.CoupanPF.createCoupanForBaseProduct(CoupanPF.java:36)
	at com.dw.api.automation.TestScripts.PlaceOrderWithCoupanCodeTest.createCoupan(PlaceOrderWithCoupanCodeTest.java:156)
</failure>
    <system-out><![CDATA[java.lang.NullPointerException
	at com.dw.api.automation.libs.FilloExcelUtility.readExcelWithTestName(FilloExcelUtility.java:109)
	at com.dw.api.automation.pagefactory.ApiLoginPF.loginAsBAM(ApiLoginPF.java:99)
	at com.dw.api.automation.pagefactory.CustomerPF.approveNewCustomerFromBam(CustomerPF.java:133)
	at com.dw.api.automation.TestScripts.PlaceOrderWithCoupanCodeTest.approveNewCustomerFromBam(PlaceOrderWithCoupanCodeTest.java:148)
	at sun.reflect.NativeMethodAccessorImpl.invoke0(Native Method)
	at sun.reflect.NativeMethodAccessorImpl.invoke(Unknown Source)
	at sun.reflect.DelegatingMethodAccessorImpl.invoke(Unknown Source)
	at java.lang.reflect.Method.invoke(Unknown Source)
	at org.testng.internal.MethodInvocationHelper.invokeMethod(MethodInvocationHelper.java:85)
	at org.testng.internal.Invoker.invokeMethod(Invoker.java:639)
	at org.testng.internal.Invoker.invokeTestMethod(Invoker.java:816)
	at org.testng.internal.Invoker.invokeTestMethods(Invoker.java:1124)
	at org.testng.internal.TestMethodWorker.invokeTestMethods(TestMethodWorker.java:125)
	at org.testng.internal.TestMethodWorker.run(TestMethodWorker.java:108)
	at org.testng.TestRunner.privateRun(TestRunner.java:774)
	at org.testng.TestRunner.run(TestRunner.java:624)
	at org.testng.SuiteRunner.runTest(SuiteRunner.java:359)
	at org.testng.SuiteRunner.runSequentially(SuiteRunner.java:354)
	at org.testng.SuiteRunner.privateRun(SuiteRunner.java:312)
	at org.testng.SuiteRunner.run(SuiteRunner.java:261)
	at org.testng.SuiteRunnerWorker.runSuite(SuiteRunnerWorker.java:52)
	at org.testng.SuiteRunnerWorker.run(SuiteRunnerWorker.java:86)
	at org.testng.TestNG.runSuitesSequentially(TestNG.java:1215)
	at org.testng.TestNG.runSuitesLocally(TestNG.java:1140)
	at org.testng.TestNG.run(TestNG.java:1048)
	at org.apache.maven.surefire.testng.TestNGExecutor.run(TestNGExecutor.java:217)
	at org.apache.maven.surefire.testng.TestNGXmlTestSuite.execute(TestNGXmlTestSuite.java:84)
	at org.apache.maven.surefire.testng.TestNGProvider.invoke(TestNGProvider.java:92)
	at org.apache.maven.surefire.booter.ForkedBooter.invokeProviderInSameClassLoader(ForkedBooter.java:200)
	at org.apache.maven.surefire.booter.ForkedBooter.runSuitesInProcess(ForkedBooter.java:153)
	at org.apache.maven.surefire.booter.ForkedBooter.main(ForkedBooter.java:103)

testNameColom=PlaceOrderWithCoupanCodeTest
dbloc=https://test.
exceldbloc Location=/var/lib/jenkins/jobs/Genesis_API_Automation/workspace/src/test/resources/files/ConfigSheet.xlsx
exceldbloc=/var/lib/jenkins/jobs/Genesis_API_Automation/workspace/src/test/resources/files/ConfigSheet.xlsx
Page Name=login
]]></system-out>
    <system-err><![CDATA[com.codoid.products.exception.FilloException: Workbook is not found - /var/lib/jenkins/jobs/Genesis_API_Automation/workspace/src/test/resources/files/ConfigSheet.xlsx
	at com.codoid.products.fillo.Fillo.getConnection(Fillo.java:45)
	at com.dw.api.automation.libs.FilloExcelUtility.readExcelWithTestName(FilloExcelUtility.java:98)
	at com.dw.api.automation.pagefactory.ApiLoginPF.loginAsBAM(ApiLoginPF.java:99)
	at com.dw.api.automation.pagefactory.CoupanPF.createCoupanForBaseProduct(CoupanPF.java:36)
	at com.dw.api.automation.TestScripts.PlaceOrderWithCoupanCodeTest.createCoupan(PlaceOrderWithCoupanCodeTest.java:156)
	at sun.reflect.NativeMethodAccessorImpl.invoke0(Native Method)
	at sun.reflect.NativeMethodAccessorImpl.invoke(Unknown Source)
	at sun.reflect.DelegatingMethodAccessorImpl.invoke(Unknown Source)
	at java.lang.reflect.Method.invoke(Unknown Source)
	at org.testng.internal.MethodInvocationHelper.invokeMethod(MethodInvocationHelper.java:85)
	at org.testng.internal.Invoker.invokeMethod(Invoker.java:639)
	at org.testng.internal.Invoker.invokeTestMethod(Invoker.java:816)
	at org.testng.internal.Invoker.invokeTestMethods(Invoker.java:1124)
	at org.testng.internal.TestMethodWorker.invokeTestMethods(TestMethodWorker.java:125)
	at org.testng.internal.TestMethodWorker.run(TestMethodWorker.java:108)
	at org.testng.TestRunner.privateRun(TestRunner.java:774)
	at org.testng.TestRunner.run(TestRunner.java:624)
	at org.testng.SuiteRunner.runTest(SuiteRunner.java:359)
	at org.testng.SuiteRunner.runSequentially(SuiteRunner.java:354)
	at org.testng.SuiteRunner.privateRun(SuiteRunner.java:312)
	at org.testng.SuiteRunner.run(SuiteRunner.java:261)
	at org.testng.SuiteRunnerWorker.runSuite(SuiteRunnerWorker.java:52)
	at org.testng.SuiteRunnerWorker.run(SuiteRunnerWorker.java:86)
	at org.testng.TestNG.runSuitesSequentially(TestNG.java:1215)
	at org.testng.TestNG.runSuitesLocally(TestNG.java:1140)
	at org.testng.TestNG.run(TestNG.java:1048)
	at org.apache.maven.surefire.testng.TestNGExecutor.run(TestNGExecutor.java:217)
	at org.apache.maven.surefire.testng.TestNGXmlTestSuite.execute(TestNGXmlTestSuite.java:84)
	at org.apache.maven.surefire.testng.TestNGProvider.invoke(TestNGProvider.java:92)
	at org.apache.maven.surefire.booter.ForkedBooter.invokeProviderInSameClassLoader(ForkedBooter.java:200)
	at org.apache.maven.surefire.booter.ForkedBooter.runSuitesInProcess(ForkedBooter.java:153)
	at org.apache.maven.surefire.booter.ForkedBooter.main(ForkedBooter.java:103)
]]></system-err>
  </testcase>
  <testcase name="getCouponCode" classname="com.dw.api.automation.TestScripts.PlaceOrderWithCoupanCodeTest" time="0.002">
    <failure type="java.lang.NullPointerException:">java.lang.NullPointerException: null
	at com.dw.api.automation.libs.FilloExcelUtility.readExcelWithTestName(FilloExcelUtility.java:109)
	at com.dw.api.automation.pagefactory.CoupanPF.getCouponCode(CoupanPF.java:144)
	at com.dw.api.automation.TestScripts.PlaceOrderWithCoupanCodeTest.getCouponCode(PlaceOrderWithCoupanCodeTest.java:165)
</failure>
    <system-out><![CDATA[java.lang.NullPointerException
	at com.dw.api.automation.libs.FilloExcelUtility.readExcelWithTestName(FilloExcelUtility.java:109)
	at com.dw.api.automation.pagefactory.ApiLoginPF.loginAsBAM(ApiLoginPF.java:99)
	at com.dw.api.automation.pagefactory.CoupanPF.createCoupanForBaseProduct(CoupanPF.java:36)
	at com.dw.api.automation.TestScripts.PlaceOrderWithCoupanCodeTest.createCoupan(PlaceOrderWithCoupanCodeTest.java:156)
	at sun.reflect.NativeMethodAccessorImpl.invoke0(Native Method)
	at sun.reflect.NativeMethodAccessorImpl.invoke(Unknown Source)
	at sun.reflect.DelegatingMethodAccessorImpl.invoke(Unknown Source)
	at java.lang.reflect.Method.invoke(Unknown Source)
	at org.testng.internal.MethodInvocationHelper.invokeMethod(MethodInvocationHelper.java:85)
	at org.testng.internal.Invoker.invokeMethod(Invoker.java:639)
	at org.testng.internal.Invoker.invokeTestMethod(Invoker.java:816)
	at org.testng.internal.Invoker.invokeTestMethods(Invoker.java:1124)
	at org.testng.internal.TestMethodWorker.invokeTestMethods(TestMethodWorker.java:125)
	at org.testng.internal.TestMethodWorker.run(TestMethodWorker.java:108)
	at org.testng.TestRunner.privateRun(TestRunner.java:774)
	at org.testng.TestRunner.run(TestRunner.java:624)
	at org.testng.SuiteRunner.runTest(SuiteRunner.java:359)
	at org.testng.SuiteRunner.runSequentially(SuiteRunner.java:354)
	at org.testng.SuiteRunner.privateRun(SuiteRunner.java:312)
	at org.testng.SuiteRunner.run(SuiteRunner.java:261)
	at org.testng.SuiteRunnerWorker.runSuite(SuiteRunnerWorker.java:52)
	at org.testng.SuiteRunnerWorker.run(SuiteRunnerWorker.java:86)
	at org.testng.TestNG.runSuitesSequentially(TestNG.java:1215)
	at org.testng.TestNG.runSuitesLocally(TestNG.java:1140)
	at org.testng.TestNG.run(TestNG.java:1048)
	at org.apache.maven.surefire.testng.TestNGExecutor.run(TestNGExecutor.java:217)
	at org.apache.maven.surefire.testng.TestNGXmlTestSuite.execute(TestNGXmlTestSuite.java:84)
	at org.apache.maven.surefire.testng.TestNGProvider.invoke(TestNGProvider.java:92)
	at org.apache.maven.surefire.booter.ForkedBooter.invokeProviderInSameClassLoader(ForkedBooter.java:200)
	at org.apache.maven.surefire.booter.ForkedBooter.runSuitesInProcess(ForkedBooter.java:153)
	at org.apache.maven.surefire.booter.ForkedBooter.main(ForkedBooter.java:103)

exceldbloc Location=/var/lib/jenkins/jobs/Genesis_API_Automation/workspace/src/test/resources/files/ConfigSheet.xlsx
exceldbloc=/var/lib/jenkins/jobs/Genesis_API_Automation/workspace/src/test/resources/files/ConfigSheet.xlsx
Page Name=PlaceOrderWithCoupanCodeTest
]]></system-out>
    <system-err><![CDATA[com.codoid.products.exception.FilloException: Workbook is not found - /var/lib/jenkins/jobs/Genesis_API_Automation/workspace/src/test/resources/files/ConfigSheet.xlsx
	at com.codoid.products.fillo.Fillo.getConnection(Fillo.java:45)
	at com.dw.api.automation.libs.FilloExcelUtility.readExcelWithTestName(FilloExcelUtility.java:98)
	at com.dw.api.automation.pagefactory.CoupanPF.getCouponCode(CoupanPF.java:144)
	at com.dw.api.automation.TestScripts.PlaceOrderWithCoupanCodeTest.getCouponCode(PlaceOrderWithCoupanCodeTest.java:165)
	at sun.reflect.NativeMethodAccessorImpl.invoke0(Native Method)
	at sun.reflect.NativeMethodAccessorImpl.invoke(Unknown Source)
	at sun.reflect.DelegatingMethodAccessorImpl.invoke(Unknown Source)
	at java.lang.reflect.Method.invoke(Unknown Source)
	at org.testng.internal.MethodInvocationHelper.invokeMethod(MethodInvocationHelper.java:85)
	at org.testng.internal.Invoker.invokeMethod(Invoker.java:639)
	at org.testng.internal.Invoker.invokeTestMethod(Invoker.java:816)
	at org.testng.internal.Invoker.invokeTestMethods(Invoker.java:1124)
	at org.testng.internal.TestMethodWorker.invokeTestMethods(TestMethodWorker.java:125)
	at org.testng.internal.TestMethodWorker.run(TestMethodWorker.java:108)
	at org.testng.TestRunner.privateRun(TestRunner.java:774)
	at org.testng.TestRunner.run(TestRunner.java:624)
	at org.testng.SuiteRunner.runTest(SuiteRunner.java:359)
	at org.testng.SuiteRunner.runSequentially(SuiteRunner.java:354)
	at org.testng.SuiteRunner.privateRun(SuiteRunner.java:312)
	at org.testng.SuiteRunner.run(SuiteRunner.java:261)
	at org.testng.SuiteRunnerWorker.runSuite(SuiteRunnerWorker.java:52)
	at org.testng.SuiteRunnerWorker.run(SuiteRunnerWorker.java:86)
	at org.testng.TestNG.runSuitesSequentially(TestNG.java:1215)
	at org.testng.TestNG.runSuitesLocally(TestNG.java:1140)
	at org.testng.TestNG.run(TestNG.java:1048)
	at org.apache.maven.surefire.testng.TestNGExecutor.run(TestNGExecutor.java:217)
	at org.apache.maven.surefire.testng.TestNGXmlTestSuite.execute(TestNGXmlTestSuite.java:84)
	at org.apache.maven.surefire.testng.TestNGProvider.invoke(TestNGProvider.java:92)
	at org.apache.maven.surefire.booter.ForkedBooter.invokeProviderInSameClassLoader(ForkedBooter.java:200)
	at org.apache.maven.surefire.booter.ForkedBooter.runSuitesInProcess(ForkedBooter.java:153)
	at org.apache.maven.surefire.booter.ForkedBooter.main(ForkedBooter.java:103)
]]></system-err>
  </testcase>
  <testcase name="addBaseProductWithTwoLicenses" classname="com.dw.api.automation.TestScripts.PlaceOrderWithCoupanCodeTest" time="0.008">
    <failure type="java.lang.NullPointerException:">java.lang.NullPointerException: null
	at com.dw.api.automation.libs.FilloExcelUtility.readExcelWithTestName(FilloExcelUtility.java:109)
	at com.dw.api.automation.pagefactory.ApiLoginPF.loginAsPM(ApiLoginPF.java:50)
	at com.dw.api.automation.pagefactory.MarketPlaceAndContractManagementPF.addBaseProductWithTwoLicenses(MarketPlaceAndContractManagementPF.java:26)
	at com.dw.api.automation.TestScripts.PlaceOrderWithCoupanCodeTest.addBaseProductWithTwoLicenses(PlaceOrderWithCoupanCodeTest.java:172)
</failure>
    <system-out><![CDATA[java.lang.NullPointerException
	at com.dw.api.automation.libs.FilloExcelUtility.readExcelWithTestName(FilloExcelUtility.java:109)
	at com.dw.api.automation.pagefactory.CoupanPF.getCouponCode(CoupanPF.java:144)
	at com.dw.api.automation.TestScripts.PlaceOrderWithCoupanCodeTest.getCouponCode(PlaceOrderWithCoupanCodeTest.java:165)
	at sun.reflect.NativeMethodAccessorImpl.invoke0(Native Method)
	at sun.reflect.NativeMethodAccessorImpl.invoke(Unknown Source)
	at sun.reflect.DelegatingMethodAccessorImpl.invoke(Unknown Source)
	at java.lang.reflect.Method.invoke(Unknown Source)
	at org.testng.internal.MethodInvocationHelper.invokeMethod(MethodInvocationHelper.java:85)
	at org.testng.internal.Invoker.invokeMethod(Invoker.java:639)
	at org.testng.internal.Invoker.invokeTestMethod(Invoker.java:816)
	at org.testng.internal.Invoker.invokeTestMethods(Invoker.java:1124)
	at org.testng.internal.TestMethodWorker.invokeTestMethods(TestMethodWorker.java:125)
	at org.testng.internal.TestMethodWorker.run(TestMethodWorker.java:108)
	at org.testng.TestRunner.privateRun(TestRunner.java:774)
	at org.testng.TestRunner.run(TestRunner.java:624)
	at org.testng.SuiteRunner.runTest(SuiteRunner.java:359)
	at org.testng.SuiteRunner.runSequentially(SuiteRunner.java:354)
	at org.testng.SuiteRunner.privateRun(SuiteRunner.java:312)
	at org.testng.SuiteRunner.run(SuiteRunner.java:261)
	at org.testng.SuiteRunnerWorker.runSuite(SuiteRunnerWorker.java:52)
	at org.testng.SuiteRunnerWorker.run(SuiteRunnerWorker.java:86)
	at org.testng.TestNG.runSuitesSequentially(TestNG.java:1215)
	at org.testng.TestNG.runSuitesLocally(TestNG.java:1140)
	at org.testng.TestNG.run(TestNG.java:1048)
	at org.apache.maven.surefire.testng.TestNGExecutor.run(TestNGExecutor.java:217)
	at org.apache.maven.surefire.testng.TestNGXmlTestSuite.execute(TestNGXmlTestSuite.java:84)
	at org.apache.maven.surefire.testng.TestNGProvider.invoke(TestNGProvider.java:92)
	at org.apache.maven.surefire.booter.ForkedBooter.invokeProviderInSameClassLoader(ForkedBooter.java:200)
	at org.apache.maven.surefire.booter.ForkedBooter.runSuitesInProcess(ForkedBooter.java:153)
	at org.apache.maven.surefire.booter.ForkedBooter.main(ForkedBooter.java:103)

dbloc=https://test.
exceldbloc Location=/var/lib/jenkins/jobs/Genesis_API_Automation/workspace/src/test/resources/files/ConfigSheet.xlsx
exceldbloc=/var/lib/jenkins/jobs/Genesis_API_Automation/workspace/src/test/resources/files/ConfigSheet.xlsx
Page Name=login
]]></system-out>
    <system-err><![CDATA[com.codoid.products.exception.FilloException: Workbook is not found - /var/lib/jenkins/jobs/Genesis_API_Automation/workspace/src/test/resources/files/ConfigSheet.xlsx
	at com.codoid.products.fillo.Fillo.getConnection(Fillo.java:45)
	at com.dw.api.automation.libs.FilloExcelUtility.readExcelWithTestName(FilloExcelUtility.java:98)
	at com.dw.api.automation.pagefactory.ApiLoginPF.loginAsPM(ApiLoginPF.java:50)
	at com.dw.api.automation.pagefactory.MarketPlaceAndContractManagementPF.addBaseProductWithTwoLicenses(MarketPlaceAndContractManagementPF.java:26)
	at com.dw.api.automation.TestScripts.PlaceOrderWithCoupanCodeTest.addBaseProductWithTwoLicenses(PlaceOrderWithCoupanCodeTest.java:172)
	at sun.reflect.NativeMethodAccessorImpl.invoke0(Native Method)
	at sun.reflect.NativeMethodAccessorImpl.invoke(Unknown Source)
	at sun.reflect.DelegatingMethodAccessorImpl.invoke(Unknown Source)
	at java.lang.reflect.Method.invoke(Unknown Source)
	at org.testng.internal.MethodInvocationHelper.invokeMethod(MethodInvocationHelper.java:85)
	at org.testng.internal.Invoker.invokeMethod(Invoker.java:639)
	at org.testng.internal.Invoker.invokeTestMethod(Invoker.java:816)
	at org.testng.internal.Invoker.invokeTestMethods(Invoker.java:1124)
	at org.testng.internal.TestMethodWorker.invokeTestMethods(TestMethodWorker.java:125)
	at org.testng.internal.TestMethodWorker.run(TestMethodWorker.java:108)
	at org.testng.TestRunner.privateRun(TestRunner.java:774)
	at org.testng.TestRunner.run(TestRunner.java:624)
	at org.testng.SuiteRunner.runTest(SuiteRunner.java:359)
	at org.testng.SuiteRunner.runSequentially(SuiteRunner.java:354)
	at org.testng.SuiteRunner.privateRun(SuiteRunner.java:312)
	at org.testng.SuiteRunner.run(SuiteRunner.java:261)
	at org.testng.SuiteRunnerWorker.runSuite(SuiteRunnerWorker.java:52)
	at org.testng.SuiteRunnerWorker.run(SuiteRunnerWorker.java:86)
	at org.testng.TestNG.runSuitesSequentially(TestNG.java:1215)
	at org.testng.TestNG.runSuitesLocally(TestNG.java:1140)
	at org.testng.TestNG.run(TestNG.java:1048)
	at org.apache.maven.surefire.testng.TestNGExecutor.run(TestNGExecutor.java:217)
	at org.apache.maven.surefire.testng.TestNGXmlTestSuite.execute(TestNGXmlTestSuite.java:84)
	at org.apache.maven.surefire.testng.TestNGProvider.invoke(TestNGProvider.java:92)
	at org.apache.maven.surefire.booter.ForkedBooter.invokeProviderInSameClassLoader(ForkedBooter.java:200)
	at org.apache.maven.surefire.booter.ForkedBooter.runSuitesInProcess(ForkedBooter.java:153)
	at org.apache.maven.surefire.booter.ForkedBooter.main(ForkedBooter.java:103)
]]></system-err>
  </testcase>
  <testcase name="addAddOnProductWithOneLicenses" classname="com.dw.api.automation.TestScripts.PlaceOrderWithCoupanCodeTest" time="0.03">
    <failure type="java.lang.NullPointerException:">java.lang.NullPointerException: null
	at com.dw.api.automation.libs.FilloExcelUtility.readExcelWithTestName(FilloExcelUtility.java:109)
	at com.dw.api.automation.pagefactory.ApiLoginPF.loginAsPM(ApiLoginPF.java:50)
	at com.dw.api.automation.pagefactory.MarketPlaceAndContractManagementPF.addAddOnwithOneLicenses(MarketPlaceAndContractManagementPF.java:57)
	at com.dw.api.automation.TestScripts.PlaceOrderWithCoupanCodeTest.addAddOnProductWithOneLicenses(PlaceOrderWithCoupanCodeTest.java:186)
</failure>
    <system-out><![CDATA[java.lang.NullPointerException
	at com.dw.api.automation.libs.FilloExcelUtility.readExcelWithTestName(FilloExcelUtility.java:109)
	at com.dw.api.automation.pagefactory.ApiLoginPF.loginAsPM(ApiLoginPF.java:50)
	at com.dw.api.automation.pagefactory.MarketPlaceAndContractManagementPF.addBaseProductWithTwoLicenses(MarketPlaceAndContractManagementPF.java:26)
	at com.dw.api.automation.TestScripts.PlaceOrderWithCoupanCodeTest.addBaseProductWithTwoLicenses(PlaceOrderWithCoupanCodeTest.java:172)
	at sun.reflect.NativeMethodAccessorImpl.invoke0(Native Method)
	at sun.reflect.NativeMethodAccessorImpl.invoke(Unknown Source)
	at sun.reflect.DelegatingMethodAccessorImpl.invoke(Unknown Source)
	at java.lang.reflect.Method.invoke(Unknown Source)
	at org.testng.internal.MethodInvocationHelper.invokeMethod(MethodInvocationHelper.java:85)
	at org.testng.internal.Invoker.invokeMethod(Invoker.java:639)
	at org.testng.internal.Invoker.invokeTestMethod(Invoker.java:816)
	at org.testng.internal.Invoker.invokeTestMethods(Invoker.java:1124)
	at org.testng.internal.TestMethodWorker.invokeTestMethods(TestMethodWorker.java:125)
	at org.testng.internal.TestMethodWorker.run(TestMethodWorker.java:108)
	at org.testng.TestRunner.privateRun(TestRunner.java:774)
	at org.testng.TestRunner.run(TestRunner.java:624)
	at org.testng.SuiteRunner.runTest(SuiteRunner.java:359)
	at org.testng.SuiteRunner.runSequentially(SuiteRunner.java:354)
	at org.testng.SuiteRunner.privateRun(SuiteRunner.java:312)
	at org.testng.SuiteRunner.run(SuiteRunner.java:261)
	at org.testng.SuiteRunnerWorker.runSuite(SuiteRunnerWorker.java:52)
	at org.testng.SuiteRunnerWorker.run(SuiteRunnerWorker.java:86)
	at org.testng.TestNG.runSuitesSequentially(TestNG.java:1215)
	at org.testng.TestNG.runSuitesLocally(TestNG.java:1140)
	at org.testng.TestNG.run(TestNG.java:1048)
	at org.apache.maven.surefire.testng.TestNGExecutor.run(TestNGExecutor.java:217)
	at org.apache.maven.surefire.testng.TestNGXmlTestSuite.execute(TestNGXmlTestSuite.java:84)
	at org.apache.maven.surefire.testng.TestNGProvider.invoke(TestNGProvider.java:92)
	at org.apache.maven.surefire.booter.ForkedBooter.invokeProviderInSameClassLoader(ForkedBooter.java:200)
	at org.apache.maven.surefire.booter.ForkedBooter.runSuitesInProcess(ForkedBooter.java:153)
	at org.apache.maven.surefire.booter.ForkedBooter.main(ForkedBooter.java:103)

dbloc=https://test.
exceldbloc Location=/var/lib/jenkins/jobs/Genesis_API_Automation/workspace/src/test/resources/files/ConfigSheet.xlsx
exceldbloc=/var/lib/jenkins/jobs/Genesis_API_Automation/workspace/src/test/resources/files/ConfigSheet.xlsx
Page Name=login
]]></system-out>
    <system-err><![CDATA[com.codoid.products.exception.FilloException: Workbook is not found - /var/lib/jenkins/jobs/Genesis_API_Automation/workspace/src/test/resources/files/ConfigSheet.xlsx
	at com.codoid.products.fillo.Fillo.getConnection(Fillo.java:45)
	at com.dw.api.automation.libs.FilloExcelUtility.readExcelWithTestName(FilloExcelUtility.java:98)
	at com.dw.api.automation.pagefactory.ApiLoginPF.loginAsPM(ApiLoginPF.java:50)
	at com.dw.api.automation.pagefactory.MarketPlaceAndContractManagementPF.addAddOnwithOneLicenses(MarketPlaceAndContractManagementPF.java:57)
	at com.dw.api.automation.TestScripts.PlaceOrderWithCoupanCodeTest.addAddOnProductWithOneLicenses(PlaceOrderWithCoupanCodeTest.java:186)
	at sun.reflect.NativeMethodAccessorImpl.invoke0(Native Method)
	at sun.reflect.NativeMethodAccessorImpl.invoke(Unknown Source)
	at sun.reflect.DelegatingMethodAccessorImpl.invoke(Unknown Source)
	at java.lang.reflect.Method.invoke(Unknown Source)
	at org.testng.internal.MethodInvocationHelper.invokeMethod(MethodInvocationHelper.java:85)
	at org.testng.internal.Invoker.invokeMethod(Invoker.java:639)
	at org.testng.internal.Invoker.invokeTestMethod(Invoker.java:816)
	at org.testng.internal.Invoker.invokeTestMethods(Invoker.java:1124)
	at org.testng.internal.TestMethodWorker.invokeTestMethods(TestMethodWorker.java:125)
	at org.testng.internal.TestMethodWorker.run(TestMethodWorker.java:108)
	at org.testng.TestRunner.privateRun(TestRunner.java:774)
	at org.testng.TestRunner.run(TestRunner.java:624)
	at org.testng.SuiteRunner.runTest(SuiteRunner.java:359)
	at org.testng.SuiteRunner.runSequentially(SuiteRunner.java:354)
	at org.testng.SuiteRunner.privateRun(SuiteRunner.java:312)
	at org.testng.SuiteRunner.run(SuiteRunner.java:261)
	at org.testng.SuiteRunnerWorker.runSuite(SuiteRunnerWorker.java:52)
	at org.testng.SuiteRunnerWorker.run(SuiteRunnerWorker.java:86)
	at org.testng.TestNG.runSuitesSequentially(TestNG.java:1215)
	at org.testng.TestNG.runSuitesLocally(TestNG.java:1140)
	at org.testng.TestNG.run(TestNG.java:1048)
	at org.apache.maven.surefire.testng.TestNGExecutor.run(TestNGExecutor.java:217)
	at org.apache.maven.surefire.testng.TestNGXmlTestSuite.execute(TestNGXmlTestSuite.java:84)
	at org.apache.maven.surefire.testng.TestNGProvider.invoke(TestNGProvider.java:92)
	at org.apache.maven.surefire.booter.ForkedBooter.invokeProviderInSameClassLoader(ForkedBooter.java:200)
	at org.apache.maven.surefire.booter.ForkedBooter.runSuitesInProcess(ForkedBooter.java:153)
	at org.apache.maven.surefire.booter.ForkedBooter.main(ForkedBooter.java:103)
]]></system-err>
  </testcase>
  <testcase name="loginAsPm" classname="com.dw.api.automation.TestScripts.PlaceOrderWithVatTest" time="0.015">
    <failure type="java.lang.NullPointerException:">java.lang.NullPointerException: null
	at com.dw.api.automation.libs.FilloExcelUtility.readExcelWithTestName(FilloExcelUtility.java:109)
	at com.dw.api.automation.TestScripts.PlaceOrderWithVatTest.loginAsPm(PlaceOrderWithVatTest.java:52)
</failure>
    <system-out><![CDATA[java.lang.NullPointerException
	at com.dw.api.automation.libs.FilloExcelUtility.readExcelWithTestName(FilloExcelUtility.java:109)
	at com.dw.api.automation.pagefactory.ApiLoginPF.loginAsPM(ApiLoginPF.java:50)
	at com.dw.api.automation.pagefactory.MarketPlaceAndContractManagementPF.addAddOnwithOneLicenses(MarketPlaceAndContractManagementPF.java:57)
	at com.dw.api.automation.TestScripts.PlaceOrderWithCoupanCodeTest.addAddOnProductWithOneLicenses(PlaceOrderWithCoupanCodeTest.java:186)
	at sun.reflect.NativeMethodAccessorImpl.invoke0(Native Method)
	at sun.reflect.NativeMethodAccessorImpl.invoke(Unknown Source)
	at sun.reflect.DelegatingMethodAccessorImpl.invoke(Unknown Source)
	at java.lang.reflect.Method.invoke(Unknown Source)
	at org.testng.internal.MethodInvocationHelper.invokeMethod(MethodInvocationHelper.java:85)
	at org.testng.internal.Invoker.invokeMethod(Invoker.java:639)
	at org.testng.internal.Invoker.invokeTestMethod(Invoker.java:816)
	at org.testng.internal.Invoker.invokeTestMethods(Invoker.java:1124)
	at org.testng.internal.TestMethodWorker.invokeTestMethods(TestMethodWorker.java:125)
	at org.testng.internal.TestMethodWorker.run(TestMethodWorker.java:108)
	at org.testng.TestRunner.privateRun(TestRunner.java:774)
	at org.testng.TestRunner.run(TestRunner.java:624)
	at org.testng.SuiteRunner.runTest(SuiteRunner.java:359)
	at org.testng.SuiteRunner.runSequentially(SuiteRunner.java:354)
	at org.testng.SuiteRunner.privateRun(SuiteRunner.java:312)
	at org.testng.SuiteRunner.run(SuiteRunner.java:261)
	at org.testng.SuiteRunnerWorker.runSuite(SuiteRunnerWorker.java:52)
	at org.testng.SuiteRunnerWorker.run(SuiteRunnerWorker.java:86)
	at org.testng.TestNG.runSuitesSequentially(TestNG.java:1215)
	at org.testng.TestNG.runSuitesLocally(TestNG.java:1140)
	at org.testng.TestNG.run(TestNG.java:1048)
	at org.apache.maven.surefire.testng.TestNGExecutor.run(TestNGExecutor.java:217)
	at org.apache.maven.surefire.testng.TestNGXmlTestSuite.execute(TestNGXmlTestSuite.java:84)
	at org.apache.maven.surefire.testng.TestNGProvider.invoke(TestNGProvider.java:92)
	at org.apache.maven.surefire.booter.ForkedBooter.invokeProviderInSameClassLoader(ForkedBooter.java:200)
	at org.apache.maven.surefire.booter.ForkedBooter.runSuitesInProcess(ForkedBooter.java:153)
	at org.apache.maven.surefire.booter.ForkedBooter.main(ForkedBooter.java:103)

extent object value=com.relevantcodes.extentreports.ExtentReports@780cb77
exceldbloc Location=/var/lib/jenkins/jobs/Genesis_API_Automation/workspace/src/test/resources/files/ConfigSheet.xlsx
exceldbloc=/var/lib/jenkins/jobs/Genesis_API_Automation/workspace/src/test/resources/files/ConfigSheet.xlsx
Page Name=login
]]></system-out>
    <system-err><![CDATA[com.codoid.products.exception.FilloException: Workbook is not found - /var/lib/jenkins/jobs/Genesis_API_Automation/workspace/src/test/resources/files/ConfigSheet.xlsx
	at com.codoid.products.fillo.Fillo.getConnection(Fillo.java:45)
	at com.dw.api.automation.libs.FilloExcelUtility.readExcelWithTestName(FilloExcelUtility.java:98)
	at com.dw.api.automation.TestScripts.PlaceOrderWithVatTest.loginAsPm(PlaceOrderWithVatTest.java:52)
	at sun.reflect.NativeMethodAccessorImpl.invoke0(Native Method)
	at sun.reflect.NativeMethodAccessorImpl.invoke(Unknown Source)
	at sun.reflect.DelegatingMethodAccessorImpl.invoke(Unknown Source)
	at java.lang.reflect.Method.invoke(Unknown Source)
	at org.testng.internal.MethodInvocationHelper.invokeMethod(MethodInvocationHelper.java:85)
	at org.testng.internal.Invoker.invokeMethod(Invoker.java:639)
	at org.testng.internal.Invoker.invokeTestMethod(Invoker.java:816)
	at org.testng.internal.Invoker.invokeTestMethods(Invoker.java:1124)
	at org.testng.internal.TestMethodWorker.invokeTestMethods(TestMethodWorker.java:125)
	at org.testng.internal.TestMethodWorker.run(TestMethodWorker.java:108)
	at org.testng.TestRunner.privateRun(TestRunner.java:774)
	at org.testng.TestRunner.run(TestRunner.java:624)
	at org.testng.SuiteRunner.runTest(SuiteRunner.java:359)
	at org.testng.SuiteRunner.runSequentially(SuiteRunner.java:354)
	at org.testng.SuiteRunner.privateRun(SuiteRunner.java:312)
	at org.testng.SuiteRunner.run(SuiteRunner.java:261)
	at org.testng.SuiteRunnerWorker.runSuite(SuiteRunnerWorker.java:52)
	at org.testng.SuiteRunnerWorker.run(SuiteRunnerWorker.java:86)
	at org.testng.TestNG.runSuitesSequentially(TestNG.java:1215)
	at org.testng.TestNG.runSuitesLocally(TestNG.java:1140)
	at org.testng.TestNG.run(TestNG.java:1048)
	at org.apache.maven.surefire.testng.TestNGExecutor.run(TestNGExecutor.java:217)
	at org.apache.maven.surefire.testng.TestNGXmlTestSuite.execute(TestNGXmlTestSuite.java:84)
	at org.apache.maven.surefire.testng.TestNGProvider.invoke(TestNGProvider.java:92)
	at org.apache.maven.surefire.booter.ForkedBooter.invokeProviderInSameClassLoader(ForkedBooter.java:200)
	at org.apache.maven.surefire.booter.ForkedBooter.runSuitesInProcess(ForkedBooter.java:153)
	at org.apache.maven.surefire.booter.ForkedBooter.main(ForkedBooter.java:103)
]]></system-err>
  </testcase>
  <testcase name="verifyMpnId" classname="com.dw.api.automation.TestScripts.PlaceOrderWithVatTest" time="0.03">
    <failure type="java.lang.NullPointerException:">java.lang.NullPointerException: null
	at com.dw.api.automation.libs.FilloExcelUtility.readExcelWithTestName(FilloExcelUtility.java:109)
	at com.dw.api.automation.pagefactory.ApiLoginPF.loginAsPM(ApiLoginPF.java:50)
	at com.dw.api.automation.pagefactory.OrganisationPF.verifyMPN(OrganisationPF.java:44)
	at com.dw.api.automation.TestScripts.PlaceOrderWithVatTest.verifyMpnId(PlaceOrderWithVatTest.java:73)
</failure>
    <system-out><![CDATA[java.lang.NullPointerException
	at com.dw.api.automation.libs.FilloExcelUtility.readExcelWithTestName(FilloExcelUtility.java:109)
	at com.dw.api.automation.TestScripts.PlaceOrderWithVatTest.loginAsPm(PlaceOrderWithVatTest.java:52)
	at sun.reflect.NativeMethodAccessorImpl.invoke0(Native Method)
	at sun.reflect.NativeMethodAccessorImpl.invoke(Unknown Source)
	at sun.reflect.DelegatingMethodAccessorImpl.invoke(Unknown Source)
	at java.lang.reflect.Method.invoke(Unknown Source)
	at org.testng.internal.MethodInvocationHelper.invokeMethod(MethodInvocationHelper.java:85)
	at org.testng.internal.Invoker.invokeMethod(Invoker.java:639)
	at org.testng.internal.Invoker.invokeTestMethod(Invoker.java:816)
	at org.testng.internal.Invoker.invokeTestMethods(Invoker.java:1124)
	at org.testng.internal.TestMethodWorker.invokeTestMethods(TestMethodWorker.java:125)
	at org.testng.internal.TestMethodWorker.run(TestMethodWorker.java:108)
	at org.testng.TestRunner.privateRun(TestRunner.java:774)
	at org.testng.TestRunner.run(TestRunner.java:624)
	at org.testng.SuiteRunner.runTest(SuiteRunner.java:359)
	at org.testng.SuiteRunner.runSequentially(SuiteRunner.java:354)
	at org.testng.SuiteRunner.privateRun(SuiteRunner.java:312)
	at org.testng.SuiteRunner.run(SuiteRunner.java:261)
	at org.testng.SuiteRunnerWorker.runSuite(SuiteRunnerWorker.java:52)
	at org.testng.SuiteRunnerWorker.run(SuiteRunnerWorker.java:86)
	at org.testng.TestNG.runSuitesSequentially(TestNG.java:1215)
	at org.testng.TestNG.runSuitesLocally(TestNG.java:1140)
	at org.testng.TestNG.run(TestNG.java:1048)
	at org.apache.maven.surefire.testng.TestNGExecutor.run(TestNGExecutor.java:217)
	at org.apache.maven.surefire.testng.TestNGXmlTestSuite.execute(TestNGXmlTestSuite.java:84)
	at org.apache.maven.surefire.testng.TestNGProvider.invoke(TestNGProvider.java:92)
	at org.apache.maven.surefire.booter.ForkedBooter.invokeProviderInSameClassLoader(ForkedBooter.java:200)
	at org.apache.maven.surefire.booter.ForkedBooter.runSuitesInProcess(ForkedBooter.java:153)
	at org.apache.maven.surefire.booter.ForkedBooter.main(ForkedBooter.java:103)

dbloc=https://test.
 testColomName=PlaceOrderWithVatTest
dbloc=https://test.
exceldbloc Location=/var/lib/jenkins/jobs/Genesis_API_Automation/workspace/src/test/resources/files/ConfigSheet.xlsx
exceldbloc=/var/lib/jenkins/jobs/Genesis_API_Automation/workspace/src/test/resources/files/ConfigSheet.xlsx
Page Name=login
]]></system-out>
    <system-err><![CDATA[com.codoid.products.exception.FilloException: Workbook is not found - /var/lib/jenkins/jobs/Genesis_API_Automation/workspace/src/test/resources/files/ConfigSheet.xlsx
	at com.codoid.products.fillo.Fillo.getConnection(Fillo.java:45)
	at com.dw.api.automation.libs.FilloExcelUtility.readExcelWithTestName(FilloExcelUtility.java:98)
	at com.dw.api.automation.pagefactory.ApiLoginPF.loginAsPM(ApiLoginPF.java:50)
	at com.dw.api.automation.pagefactory.OrganisationPF.verifyMPN(OrganisationPF.java:44)
	at com.dw.api.automation.TestScripts.PlaceOrderWithVatTest.verifyMpnId(PlaceOrderWithVatTest.java:73)
	at sun.reflect.NativeMethodAccessorImpl.invoke0(Native Method)
	at sun.reflect.NativeMethodAccessorImpl.invoke(Unknown Source)
	at sun.reflect.DelegatingMethodAccessorImpl.invoke(Unknown Source)
	at java.lang.reflect.Method.invoke(Unknown Source)
	at org.testng.internal.MethodInvocationHelper.invokeMethod(MethodInvocationHelper.java:85)
	at org.testng.internal.Invoker.invokeMethod(Invoker.java:639)
	at org.testng.internal.Invoker.invokeTestMethod(Invoker.java:816)
	at org.testng.internal.Invoker.invokeTestMethods(Invoker.java:1124)
	at org.testng.internal.TestMethodWorker.invokeTestMethods(TestMethodWorker.java:125)
	at org.testng.internal.TestMethodWorker.run(TestMethodWorker.java:108)
	at org.testng.TestRunner.privateRun(TestRunner.java:774)
	at org.testng.TestRunner.run(TestRunner.java:624)
	at org.testng.SuiteRunner.runTest(SuiteRunner.java:359)
	at org.testng.SuiteRunner.runSequentially(SuiteRunner.java:354)
	at org.testng.SuiteRunner.privateRun(SuiteRunner.java:312)
	at org.testng.SuiteRunner.run(SuiteRunner.java:261)
	at org.testng.SuiteRunnerWorker.runSuite(SuiteRunnerWorker.java:52)
	at org.testng.SuiteRunnerWorker.run(SuiteRunnerWorker.java:86)
	at org.testng.TestNG.runSuitesSequentially(TestNG.java:1215)
	at org.testng.TestNG.runSuitesLocally(TestNG.java:1140)
	at org.testng.TestNG.run(TestNG.java:1048)
	at org.apache.maven.surefire.testng.TestNGExecutor.run(TestNGExecutor.java:217)
	at org.apache.maven.surefire.testng.TestNGXmlTestSuite.execute(TestNGXmlTestSuite.java:84)
	at org.apache.maven.surefire.testng.TestNGProvider.invoke(TestNGProvider.java:92)
	at org.apache.maven.surefire.booter.ForkedBooter.invokeProviderInSameClassLoader(ForkedBooter.java:200)
	at org.apache.maven.surefire.booter.ForkedBooter.runSuitesInProcess(ForkedBooter.java:153)
	at org.apache.maven.surefire.booter.ForkedBooter.main(ForkedBooter.java:103)
]]></system-err>
  </testcase>
  <testcase name="addNewPartnerOrganisationWithVat" classname="com.dw.api.automation.TestScripts.PlaceOrderWithVatTest" time="0.008">
    <failure type="java.lang.NullPointerException:">java.lang.NullPointerException: null
	at com.dw.api.automation.libs.FilloExcelUtility.readExcelWithTestName(FilloExcelUtility.java:109)
	at com.dw.api.automation.pagefactory.ApiLoginPF.loginAsPM(ApiLoginPF.java:50)
	at com.dw.api.automation.pagefactory.OrganisationPF.addNewPartnerOrganisationWithVat(OrganisationPF.java:249)
	at com.dw.api.automation.TestScripts.PlaceOrderWithVatTest.addNewPartnerOrganisationWithVat(PlaceOrderWithVatTest.java:85)
</failure>
    <system-out><![CDATA[java.lang.NullPointerException
	at com.dw.api.automation.libs.FilloExcelUtility.readExcelWithTestName(FilloExcelUtility.java:109)
	at com.dw.api.automation.pagefactory.ApiLoginPF.loginAsPM(ApiLoginPF.java:50)
	at com.dw.api.automation.pagefactory.OrganisationPF.verifyMPN(OrganisationPF.java:44)
	at com.dw.api.automation.TestScripts.PlaceOrderWithVatTest.verifyMpnId(PlaceOrderWithVatTest.java:73)
	at sun.reflect.NativeMethodAccessorImpl.invoke0(Native Method)
	at sun.reflect.NativeMethodAccessorImpl.invoke(Unknown Source)
	at sun.reflect.DelegatingMethodAccessorImpl.invoke(Unknown Source)
	at java.lang.reflect.Method.invoke(Unknown Source)
	at org.testng.internal.MethodInvocationHelper.invokeMethod(MethodInvocationHelper.java:85)
	at org.testng.internal.Invoker.invokeMethod(Invoker.java:639)
	at org.testng.internal.Invoker.invokeTestMethod(Invoker.java:816)
	at org.testng.internal.Invoker.invokeTestMethods(Invoker.java:1124)
	at org.testng.internal.TestMethodWorker.invokeTestMethods(TestMethodWorker.java:125)
	at org.testng.internal.TestMethodWorker.run(TestMethodWorker.java:108)
	at org.testng.TestRunner.privateRun(TestRunner.java:774)
	at org.testng.TestRunner.run(TestRunner.java:624)
	at org.testng.SuiteRunner.runTest(SuiteRunner.java:359)
	at org.testng.SuiteRunner.runSequentially(SuiteRunner.java:354)
	at org.testng.SuiteRunner.privateRun(SuiteRunner.java:312)
	at org.testng.SuiteRunner.run(SuiteRunner.java:261)
	at org.testng.SuiteRunnerWorker.runSuite(SuiteRunnerWorker.java:52)
	at org.testng.SuiteRunnerWorker.run(SuiteRunnerWorker.java:86)
	at org.testng.TestNG.runSuitesSequentially(TestNG.java:1215)
	at org.testng.TestNG.runSuitesLocally(TestNG.java:1140)
	at org.testng.TestNG.run(TestNG.java:1048)
	at org.apache.maven.surefire.testng.TestNGExecutor.run(TestNGExecutor.java:217)
	at org.apache.maven.surefire.testng.TestNGXmlTestSuite.execute(TestNGXmlTestSuite.java:84)
	at org.apache.maven.surefire.testng.TestNGProvider.invoke(TestNGProvider.java:92)
	at org.apache.maven.surefire.booter.ForkedBooter.invokeProviderInSameClassLoader(ForkedBooter.java:200)
	at org.apache.maven.surefire.booter.ForkedBooter.runSuitesInProcess(ForkedBooter.java:153)
	at org.apache.maven.surefire.booter.ForkedBooter.main(ForkedBooter.java:103)

dbloc=https://test.
exceldbloc Location=/var/lib/jenkins/jobs/Genesis_API_Automation/workspace/src/test/resources/files/ConfigSheet.xlsx
exceldbloc=/var/lib/jenkins/jobs/Genesis_API_Automation/workspace/src/test/resources/files/ConfigSheet.xlsx
Page Name=login
]]></system-out>
    <system-err><![CDATA[com.codoid.products.exception.FilloException: Workbook is not found - /var/lib/jenkins/jobs/Genesis_API_Automation/workspace/src/test/resources/files/ConfigSheet.xlsx
	at com.codoid.products.fillo.Fillo.getConnection(Fillo.java:45)
	at com.dw.api.automation.libs.FilloExcelUtility.readExcelWithTestName(FilloExcelUtility.java:98)
	at com.dw.api.automation.pagefactory.ApiLoginPF.loginAsPM(ApiLoginPF.java:50)
	at com.dw.api.automation.pagefactory.OrganisationPF.addNewPartnerOrganisationWithVat(OrganisationPF.java:249)
	at com.dw.api.automation.TestScripts.PlaceOrderWithVatTest.addNewPartnerOrganisationWithVat(PlaceOrderWithVatTest.java:85)
	at sun.reflect.NativeMethodAccessorImpl.invoke0(Native Method)
	at sun.reflect.NativeMethodAccessorImpl.invoke(Unknown Source)
	at sun.reflect.DelegatingMethodAccessorImpl.invoke(Unknown Source)
	at java.lang.reflect.Method.invoke(Unknown Source)
	at org.testng.internal.MethodInvocationHelper.invokeMethod(MethodInvocationHelper.java:85)
	at org.testng.internal.Invoker.invokeMethod(Invoker.java:639)
	at org.testng.internal.Invoker.invokeTestMethod(Invoker.java:816)
	at org.testng.internal.Invoker.invokeTestMethods(Invoker.java:1124)
	at org.testng.internal.TestMethodWorker.invokeTestMethods(TestMethodWorker.java:125)
	at org.testng.internal.TestMethodWorker.run(TestMethodWorker.java:108)
	at org.testng.TestRunner.privateRun(TestRunner.java:774)
	at org.testng.TestRunner.run(TestRunner.java:624)
	at org.testng.SuiteRunner.runTest(SuiteRunner.java:359)
	at org.testng.SuiteRunner.runSequentially(SuiteRunner.java:354)
	at org.testng.SuiteRunner.privateRun(SuiteRunner.java:312)
	at org.testng.SuiteRunner.run(SuiteRunner.java:261)
	at org.testng.SuiteRunnerWorker.runSuite(SuiteRunnerWorker.java:52)
	at org.testng.SuiteRunnerWorker.run(SuiteRunnerWorker.java:86)
	at org.testng.TestNG.runSuitesSequentially(TestNG.java:1215)
	at org.testng.TestNG.runSuitesLocally(TestNG.java:1140)
	at org.testng.TestNG.run(TestNG.java:1048)
	at org.apache.maven.surefire.testng.TestNGExecutor.run(TestNGExecutor.java:217)
	at org.apache.maven.surefire.testng.TestNGXmlTestSuite.execute(TestNGXmlTestSuite.java:84)
	at org.apache.maven.surefire.testng.TestNGProvider.invoke(TestNGProvider.java:92)
	at org.apache.maven.surefire.booter.ForkedBooter.invokeProviderInSameClassLoader(ForkedBooter.java:200)
	at org.apache.maven.surefire.booter.ForkedBooter.runSuitesInProcess(ForkedBooter.java:153)
	at org.apache.maven.surefire.booter.ForkedBooter.main(ForkedBooter.java:103)
]]></system-err>
  </testcase>
  <testcase name="approveNewOrgByBAM" classname="com.dw.api.automation.TestScripts.PlaceOrderWithVatTest" time="0.003">
    <failure type="java.lang.NullPointerException:">java.lang.NullPointerException: null
	at com.dw.api.automation.libs.FilloExcelUtility.readExcelWithTestName(FilloExcelUtility.java:109)
	at com.dw.api.automation.pagefactory.OrganisationPF.approveNewOrganisationByBam(OrganisationPF.java:155)
	at com.dw.api.automation.TestScripts.PlaceOrderWithVatTest.approveNewOrgByBAM(PlaceOrderWithVatTest.java:100)
</failure>
    <system-out><![CDATA[java.lang.NullPointerException
	at com.dw.api.automation.libs.FilloExcelUtility.readExcelWithTestName(FilloExcelUtility.java:109)
	at com.dw.api.automation.pagefactory.ApiLoginPF.loginAsPM(ApiLoginPF.java:50)
	at com.dw.api.automation.pagefactory.OrganisationPF.addNewPartnerOrganisationWithVat(OrganisationPF.java:249)
	at com.dw.api.automation.TestScripts.PlaceOrderWithVatTest.addNewPartnerOrganisationWithVat(PlaceOrderWithVatTest.java:85)
	at sun.reflect.NativeMethodAccessorImpl.invoke0(Native Method)
	at sun.reflect.NativeMethodAccessorImpl.invoke(Unknown Source)
	at sun.reflect.DelegatingMethodAccessorImpl.invoke(Unknown Source)
	at java.lang.reflect.Method.invoke(Unknown Source)
	at org.testng.internal.MethodInvocationHelper.invokeMethod(MethodInvocationHelper.java:85)
	at org.testng.internal.Invoker.invokeMethod(Invoker.java:639)
	at org.testng.internal.Invoker.invokeTestMethod(Invoker.java:816)
	at org.testng.internal.Invoker.invokeTestMethods(Invoker.java:1124)
	at org.testng.internal.TestMethodWorker.invokeTestMethods(TestMethodWorker.java:125)
	at org.testng.internal.TestMethodWorker.run(TestMethodWorker.java:108)
	at org.testng.TestRunner.privateRun(TestRunner.java:774)
	at org.testng.TestRunner.run(TestRunner.java:624)
	at org.testng.SuiteRunner.runTest(SuiteRunner.java:359)
	at org.testng.SuiteRunner.runSequentially(SuiteRunner.java:354)
	at org.testng.SuiteRunner.privateRun(SuiteRunner.java:312)
	at org.testng.SuiteRunner.run(SuiteRunner.java:261)
	at org.testng.SuiteRunnerWorker.runSuite(SuiteRunnerWorker.java:52)
	at org.testng.SuiteRunnerWorker.run(SuiteRunnerWorker.java:86)
	at org.testng.TestNG.runSuitesSequentially(TestNG.java:1215)
	at org.testng.TestNG.runSuitesLocally(TestNG.java:1140)
	at org.testng.TestNG.run(TestNG.java:1048)
	at org.apache.maven.surefire.testng.TestNGExecutor.run(TestNGExecutor.java:217)
	at org.apache.maven.surefire.testng.TestNGXmlTestSuite.execute(TestNGXmlTestSuite.java:84)
	at org.apache.maven.surefire.testng.TestNGProvider.invoke(TestNGProvider.java:92)
	at org.apache.maven.surefire.booter.ForkedBooter.invokeProviderInSameClassLoader(ForkedBooter.java:200)
	at org.apache.maven.surefire.booter.ForkedBooter.runSuitesInProcess(ForkedBooter.java:153)
	at org.apache.maven.surefire.booter.ForkedBooter.main(ForkedBooter.java:103)

testNameColom=PlaceOrderWithVatTest
exceldbloc Location=/var/lib/jenkins/jobs/Genesis_API_Automation/workspace/src/test/resources/files/ConfigSheet.xlsx
exceldbloc=/var/lib/jenkins/jobs/Genesis_API_Automation/workspace/src/test/resources/files/ConfigSheet.xlsx
Page Name=login
]]></system-out>
    <system-err><![CDATA[com.codoid.products.exception.FilloException: Workbook is not found - /var/lib/jenkins/jobs/Genesis_API_Automation/workspace/src/test/resources/files/ConfigSheet.xlsx
	at com.codoid.products.fillo.Fillo.getConnection(Fillo.java:45)
	at com.dw.api.automation.libs.FilloExcelUtility.readExcelWithTestName(FilloExcelUtility.java:98)
	at com.dw.api.automation.pagefactory.OrganisationPF.approveNewOrganisationByBam(OrganisationPF.java:155)
	at com.dw.api.automation.TestScripts.PlaceOrderWithVatTest.approveNewOrgByBAM(PlaceOrderWithVatTest.java:100)
	at sun.reflect.NativeMethodAccessorImpl.invoke0(Native Method)
	at sun.reflect.NativeMethodAccessorImpl.invoke(Unknown Source)
	at sun.reflect.DelegatingMethodAccessorImpl.invoke(Unknown Source)
	at java.lang.reflect.Method.invoke(Unknown Source)
	at org.testng.internal.MethodInvocationHelper.invokeMethod(MethodInvocationHelper.java:85)
	at org.testng.internal.Invoker.invokeMethod(Invoker.java:639)
	at org.testng.internal.Invoker.invokeTestMethod(Invoker.java:816)
	at org.testng.internal.Invoker.invokeTestMethods(Invoker.java:1124)
	at org.testng.internal.TestMethodWorker.invokeTestMethods(TestMethodWorker.java:125)
	at org.testng.internal.TestMethodWorker.run(TestMethodWorker.java:108)
	at org.testng.TestRunner.privateRun(TestRunner.java:774)
	at org.testng.TestRunner.run(TestRunner.java:624)
	at org.testng.SuiteRunner.runTest(SuiteRunner.java:359)
	at org.testng.SuiteRunner.runSequentially(SuiteRunner.java:354)
	at org.testng.SuiteRunner.privateRun(SuiteRunner.java:312)
	at org.testng.SuiteRunner.run(SuiteRunner.java:261)
	at org.testng.SuiteRunnerWorker.runSuite(SuiteRunnerWorker.java:52)
	at org.testng.SuiteRunnerWorker.run(SuiteRunnerWorker.java:86)
	at org.testng.TestNG.runSuitesSequentially(TestNG.java:1215)
	at org.testng.TestNG.runSuitesLocally(TestNG.java:1140)
	at org.testng.TestNG.run(TestNG.java:1048)
	at org.apache.maven.surefire.testng.TestNGExecutor.run(TestNGExecutor.java:217)
	at org.apache.maven.surefire.testng.TestNGXmlTestSuite.execute(TestNGXmlTestSuite.java:84)
	at org.apache.maven.surefire.testng.TestNGProvider.invoke(TestNGProvider.java:92)
	at org.apache.maven.surefire.booter.ForkedBooter.invokeProviderInSameClassLoader(ForkedBooter.java:200)
	at org.apache.maven.surefire.booter.ForkedBooter.runSuitesInProcess(ForkedBooter.java:153)
	at org.apache.maven.surefire.booter.ForkedBooter.main(ForkedBooter.java:103)
]]></system-err>
  </testcase>
  <testcase name="approveNewOrganisationByCAwithVAT" classname="com.dw.api.automation.TestScripts.PlaceOrderWithVatTest" time="0.004">
    <failure type="java.lang.NullPointerException:">java.lang.NullPointerException: null
	at com.dw.api.automation.libs.FilloExcelUtility.readExcelWithTestName(FilloExcelUtility.java:109)
	at com.dw.api.automation.pagefactory.ApiLoginPF.loginAsCA(ApiLoginPF.java:150)
	at com.dw.api.automation.pagefactory.OrganisationPF.approveNewOrganisationByCAwithVAT(OrganisationPF.java:343)
	at com.dw.api.automation.TestScripts.PlaceOrderWithVatTest.approveNewOrganisationByCAwithVAT(PlaceOrderWithVatTest.java:112)
</failure>
    <system-out><![CDATA[java.lang.NullPointerException
	at com.dw.api.automation.libs.FilloExcelUtility.readExcelWithTestName(FilloExcelUtility.java:109)
	at com.dw.api.automation.pagefactory.OrganisationPF.approveNewOrganisationByBam(OrganisationPF.java:155)
	at com.dw.api.automation.TestScripts.PlaceOrderWithVatTest.approveNewOrgByBAM(PlaceOrderWithVatTest.java:100)
	at sun.reflect.NativeMethodAccessorImpl.invoke0(Native Method)
	at sun.reflect.NativeMethodAccessorImpl.invoke(Unknown Source)
	at sun.reflect.DelegatingMethodAccessorImpl.invoke(Unknown Source)
	at java.lang.reflect.Method.invoke(Unknown Source)
	at org.testng.internal.MethodInvocationHelper.invokeMethod(MethodInvocationHelper.java:85)
	at org.testng.internal.Invoker.invokeMethod(Invoker.java:639)
	at org.testng.internal.Invoker.invokeTestMethod(Invoker.java:816)
	at org.testng.internal.Invoker.invokeTestMethods(Invoker.java:1124)
	at org.testng.internal.TestMethodWorker.invokeTestMethods(TestMethodWorker.java:125)
	at org.testng.internal.TestMethodWorker.run(TestMethodWorker.java:108)
	at org.testng.TestRunner.privateRun(TestRunner.java:774)
	at org.testng.TestRunner.run(TestRunner.java:624)
	at org.testng.SuiteRunner.runTest(SuiteRunner.java:359)
	at org.testng.SuiteRunner.runSequentially(SuiteRunner.java:354)
	at org.testng.SuiteRunner.privateRun(SuiteRunner.java:312)
	at org.testng.SuiteRunner.run(SuiteRunner.java:261)
	at org.testng.SuiteRunnerWorker.runSuite(SuiteRunnerWorker.java:52)
	at org.testng.SuiteRunnerWorker.run(SuiteRunnerWorker.java:86)
	at org.testng.TestNG.runSuitesSequentially(TestNG.java:1215)
	at org.testng.TestNG.runSuitesLocally(TestNG.java:1140)
	at org.testng.TestNG.run(TestNG.java:1048)
	at org.apache.maven.surefire.testng.TestNGExecutor.run(TestNGExecutor.java:217)
	at org.apache.maven.surefire.testng.TestNGXmlTestSuite.execute(TestNGXmlTestSuite.java:84)
	at org.apache.maven.surefire.testng.TestNGProvider.invoke(TestNGProvider.java:92)
	at org.apache.maven.surefire.booter.ForkedBooter.invokeProviderInSameClassLoader(ForkedBooter.java:200)
	at org.apache.maven.surefire.booter.ForkedBooter.runSuitesInProcess(ForkedBooter.java:153)
	at org.apache.maven.surefire.booter.ForkedBooter.main(ForkedBooter.java:103)

dbloc=https://test.
exceldbloc Location=/var/lib/jenkins/jobs/Genesis_API_Automation/workspace/src/test/resources/files/ConfigSheet.xlsx
exceldbloc=/var/lib/jenkins/jobs/Genesis_API_Automation/workspace/src/test/resources/files/ConfigSheet.xlsx
Page Name=login
]]></system-out>
    <system-err><![CDATA[com.codoid.products.exception.FilloException: Workbook is not found - /var/lib/jenkins/jobs/Genesis_API_Automation/workspace/src/test/resources/files/ConfigSheet.xlsx
	at com.codoid.products.fillo.Fillo.getConnection(Fillo.java:45)
	at com.dw.api.automation.libs.FilloExcelUtility.readExcelWithTestName(FilloExcelUtility.java:98)
	at com.dw.api.automation.pagefactory.ApiLoginPF.loginAsCA(ApiLoginPF.java:150)
	at com.dw.api.automation.pagefactory.OrganisationPF.approveNewOrganisationByCAwithVAT(OrganisationPF.java:343)
	at com.dw.api.automation.TestScripts.PlaceOrderWithVatTest.approveNewOrganisationByCAwithVAT(PlaceOrderWithVatTest.java:112)
	at sun.reflect.NativeMethodAccessorImpl.invoke0(Native Method)
	at sun.reflect.NativeMethodAccessorImpl.invoke(Unknown Source)
	at sun.reflect.DelegatingMethodAccessorImpl.invoke(Unknown Source)
	at java.lang.reflect.Method.invoke(Unknown Source)
	at org.testng.internal.MethodInvocationHelper.invokeMethod(MethodInvocationHelper.java:85)
	at org.testng.internal.Invoker.invokeMethod(Invoker.java:639)
	at org.testng.internal.Invoker.invokeTestMethod(Invoker.java:816)
	at org.testng.internal.Invoker.invokeTestMethods(Invoker.java:1124)
	at org.testng.internal.TestMethodWorker.invokeTestMethods(TestMethodWorker.java:125)
	at org.testng.internal.TestMethodWorker.run(TestMethodWorker.java:108)
	at org.testng.TestRunner.privateRun(TestRunner.java:774)
	at org.testng.TestRunner.run(TestRunner.java:624)
	at org.testng.SuiteRunner.runTest(SuiteRunner.java:359)
	at org.testng.SuiteRunner.runSequentially(SuiteRunner.java:354)
	at org.testng.SuiteRunner.privateRun(SuiteRunner.java:312)
	at org.testng.SuiteRunner.run(SuiteRunner.java:261)
	at org.testng.SuiteRunnerWorker.runSuite(SuiteRunnerWorker.java:52)
	at org.testng.SuiteRunnerWorker.run(SuiteRunnerWorker.java:86)
	at org.testng.TestNG.runSuitesSequentially(TestNG.java:1215)
	at org.testng.TestNG.runSuitesLocally(TestNG.java:1140)
	at org.testng.TestNG.run(TestNG.java:1048)
	at org.apache.maven.surefire.testng.TestNGExecutor.run(TestNGExecutor.java:217)
	at org.apache.maven.surefire.testng.TestNGXmlTestSuite.execute(TestNGXmlTestSuite.java:84)
	at org.apache.maven.surefire.testng.TestNGProvider.invoke(TestNGProvider.java:92)
	at org.apache.maven.surefire.booter.ForkedBooter.invokeProviderInSameClassLoader(ForkedBooter.java:200)
	at org.apache.maven.surefire.booter.ForkedBooter.runSuitesInProcess(ForkedBooter.java:153)
	at org.apache.maven.surefire.booter.ForkedBooter.main(ForkedBooter.java:103)
]]></system-err>
  </testcase>
  <testcase name="createNewCustomer" classname="com.dw.api.automation.TestScripts.PlaceOrderWithVatTest" time="0.004">
    <failure type="java.lang.NullPointerException:">java.lang.NullPointerException: null
	at com.dw.api.automation.libs.FilloExcelUtility.readExcelWithTestName(FilloExcelUtility.java:109)
	at com.dw.api.automation.pagefactory.ApiLoginPF.loginAsPM(ApiLoginPF.java:50)
	at com.dw.api.automation.pagefactory.CustomerPF.createNewCustomer(CustomerPF.java:36)
	at com.dw.api.automation.TestScripts.PlaceOrderWithVatTest.createNewCustomer(PlaceOrderWithVatTest.java:126)
</failure>
    <system-out><![CDATA[java.lang.NullPointerException
	at com.dw.api.automation.libs.FilloExcelUtility.readExcelWithTestName(FilloExcelUtility.java:109)
	at com.dw.api.automation.pagefactory.ApiLoginPF.loginAsCA(ApiLoginPF.java:150)
	at com.dw.api.automation.pagefactory.OrganisationPF.approveNewOrganisationByCAwithVAT(OrganisationPF.java:343)
	at com.dw.api.automation.TestScripts.PlaceOrderWithVatTest.approveNewOrganisationByCAwithVAT(PlaceOrderWithVatTest.java:112)
	at sun.reflect.NativeMethodAccessorImpl.invoke0(Native Method)
	at sun.reflect.NativeMethodAccessorImpl.invoke(Unknown Source)
	at sun.reflect.DelegatingMethodAccessorImpl.invoke(Unknown Source)
	at java.lang.reflect.Method.invoke(Unknown Source)
	at org.testng.internal.MethodInvocationHelper.invokeMethod(MethodInvocationHelper.java:85)
	at org.testng.internal.Invoker.invokeMethod(Invoker.java:639)
	at org.testng.internal.Invoker.invokeTestMethod(Invoker.java:816)
	at org.testng.internal.Invoker.invokeTestMethods(Invoker.java:1124)
	at org.testng.internal.TestMethodWorker.invokeTestMethods(TestMethodWorker.java:125)
	at org.testng.internal.TestMethodWorker.run(TestMethodWorker.java:108)
	at org.testng.TestRunner.privateRun(TestRunner.java:774)
	at org.testng.TestRunner.run(TestRunner.java:624)
	at org.testng.SuiteRunner.runTest(SuiteRunner.java:359)
	at org.testng.SuiteRunner.runSequentially(SuiteRunner.java:354)
	at org.testng.SuiteRunner.privateRun(SuiteRunner.java:312)
	at org.testng.SuiteRunner.run(SuiteRunner.java:261)
	at org.testng.SuiteRunnerWorker.runSuite(SuiteRunnerWorker.java:52)
	at org.testng.SuiteRunnerWorker.run(SuiteRunnerWorker.java:86)
	at org.testng.TestNG.runSuitesSequentially(TestNG.java:1215)
	at org.testng.TestNG.runSuitesLocally(TestNG.java:1140)
	at org.testng.TestNG.run(TestNG.java:1048)
	at org.apache.maven.surefire.testng.TestNGExecutor.run(TestNGExecutor.java:217)
	at org.apache.maven.surefire.testng.TestNGXmlTestSuite.execute(TestNGXmlTestSuite.java:84)
	at org.apache.maven.surefire.testng.TestNGProvider.invoke(TestNGProvider.java:92)
	at org.apache.maven.surefire.booter.ForkedBooter.invokeProviderInSameClassLoader(ForkedBooter.java:200)
	at org.apache.maven.surefire.booter.ForkedBooter.runSuitesInProcess(ForkedBooter.java:153)
	at org.apache.maven.surefire.booter.ForkedBooter.main(ForkedBooter.java:103)

dbloc=https://test.
exceldbloc Location=/var/lib/jenkins/jobs/Genesis_API_Automation/workspace/src/test/resources/files/ConfigSheet.xlsx
exceldbloc=/var/lib/jenkins/jobs/Genesis_API_Automation/workspace/src/test/resources/files/ConfigSheet.xlsx
Page Name=login
]]></system-out>
    <system-err><![CDATA[com.codoid.products.exception.FilloException: Workbook is not found - /var/lib/jenkins/jobs/Genesis_API_Automation/workspace/src/test/resources/files/ConfigSheet.xlsx
	at com.codoid.products.fillo.Fillo.getConnection(Fillo.java:45)
	at com.dw.api.automation.libs.FilloExcelUtility.readExcelWithTestName(FilloExcelUtility.java:98)
	at com.dw.api.automation.pagefactory.ApiLoginPF.loginAsPM(ApiLoginPF.java:50)
	at com.dw.api.automation.pagefactory.CustomerPF.createNewCustomer(CustomerPF.java:36)
	at com.dw.api.automation.TestScripts.PlaceOrderWithVatTest.createNewCustomer(PlaceOrderWithVatTest.java:126)
	at sun.reflect.NativeMethodAccessorImpl.invoke0(Native Method)
	at sun.reflect.NativeMethodAccessorImpl.invoke(Unknown Source)
	at sun.reflect.DelegatingMethodAccessorImpl.invoke(Unknown Source)
	at java.lang.reflect.Method.invoke(Unknown Source)
	at org.testng.internal.MethodInvocationHelper.invokeMethod(MethodInvocationHelper.java:85)
	at org.testng.internal.Invoker.invokeMethod(Invoker.java:639)
	at org.testng.internal.Invoker.invokeTestMethod(Invoker.java:816)
	at org.testng.internal.Invoker.invokeTestMethods(Invoker.java:1124)
	at org.testng.internal.TestMethodWorker.invokeTestMethods(TestMethodWorker.java:125)
	at org.testng.internal.TestMethodWorker.run(TestMethodWorker.java:108)
	at org.testng.TestRunner.privateRun(TestRunner.java:774)
	at org.testng.TestRunner.run(TestRunner.java:624)
	at org.testng.SuiteRunner.runTest(SuiteRunner.java:359)
	at org.testng.SuiteRunner.runSequentially(SuiteRunner.java:354)
	at org.testng.SuiteRunner.privateRun(SuiteRunner.java:312)
	at org.testng.SuiteRunner.run(SuiteRunner.java:261)
	at org.testng.SuiteRunnerWorker.runSuite(SuiteRunnerWorker.java:52)
	at org.testng.SuiteRunnerWorker.run(SuiteRunnerWorker.java:86)
	at org.testng.TestNG.runSuitesSequentially(TestNG.java:1215)
	at org.testng.TestNG.runSuitesLocally(TestNG.java:1140)
	at org.testng.TestNG.run(TestNG.java:1048)
	at org.apache.maven.surefire.testng.TestNGExecutor.run(TestNGExecutor.java:217)
	at org.apache.maven.surefire.testng.TestNGXmlTestSuite.execute(TestNGXmlTestSuite.java:84)
	at org.apache.maven.surefire.testng.TestNGProvider.invoke(TestNGProvider.java:92)
	at org.apache.maven.surefire.booter.ForkedBooter.invokeProviderInSameClassLoader(ForkedBooter.java:200)
	at org.apache.maven.surefire.booter.ForkedBooter.runSuitesInProcess(ForkedBooter.java:153)
	at org.apache.maven.surefire.booter.ForkedBooter.main(ForkedBooter.java:103)
]]></system-err>
  </testcase>
  <testcase name="getCustomerId" classname="com.dw.api.automation.TestScripts.PlaceOrderWithVatTest" time="0.003">
    <failure type="java.lang.NullPointerException:">java.lang.NullPointerException: null
	at com.dw.api.automation.libs.FilloExcelUtility.readExcelWithTestName(FilloExcelUtility.java:109)
	at com.dw.api.automation.pagefactory.ApiLoginPF.loginAsBAM(ApiLoginPF.java:99)
	at com.dw.api.automation.pagefactory.CustomerPF.getCustomerId(CustomerPF.java:98)
	at com.dw.api.automation.TestScripts.PlaceOrderWithVatTest.getCustomerId(PlaceOrderWithVatTest.java:138)
</failure>
    <system-out><![CDATA[java.lang.NullPointerException
	at com.dw.api.automation.libs.FilloExcelUtility.readExcelWithTestName(FilloExcelUtility.java:109)
	at com.dw.api.automation.pagefactory.ApiLoginPF.loginAsPM(ApiLoginPF.java:50)
	at com.dw.api.automation.pagefactory.CustomerPF.createNewCustomer(CustomerPF.java:36)
	at com.dw.api.automation.TestScripts.PlaceOrderWithVatTest.createNewCustomer(PlaceOrderWithVatTest.java:126)
	at sun.reflect.NativeMethodAccessorImpl.invoke0(Native Method)
	at sun.reflect.NativeMethodAccessorImpl.invoke(Unknown Source)
	at sun.reflect.DelegatingMethodAccessorImpl.invoke(Unknown Source)
	at java.lang.reflect.Method.invoke(Unknown Source)
	at org.testng.internal.MethodInvocationHelper.invokeMethod(MethodInvocationHelper.java:85)
	at org.testng.internal.Invoker.invokeMethod(Invoker.java:639)
	at org.testng.internal.Invoker.invokeTestMethod(Invoker.java:816)
	at org.testng.internal.Invoker.invokeTestMethods(Invoker.java:1124)
	at org.testng.internal.TestMethodWorker.invokeTestMethods(TestMethodWorker.java:125)
	at org.testng.internal.TestMethodWorker.run(TestMethodWorker.java:108)
	at org.testng.TestRunner.privateRun(TestRunner.java:774)
	at org.testng.TestRunner.run(TestRunner.java:624)
	at org.testng.SuiteRunner.runTest(SuiteRunner.java:359)
	at org.testng.SuiteRunner.runSequentially(SuiteRunner.java:354)
	at org.testng.SuiteRunner.privateRun(SuiteRunner.java:312)
	at org.testng.SuiteRunner.run(SuiteRunner.java:261)
	at org.testng.SuiteRunnerWorker.runSuite(SuiteRunnerWorker.java:52)
	at org.testng.SuiteRunnerWorker.run(SuiteRunnerWorker.java:86)
	at org.testng.TestNG.runSuitesSequentially(TestNG.java:1215)
	at org.testng.TestNG.runSuitesLocally(TestNG.java:1140)
	at org.testng.TestNG.run(TestNG.java:1048)
	at org.apache.maven.surefire.testng.TestNGExecutor.run(TestNGExecutor.java:217)
	at org.apache.maven.surefire.testng.TestNGXmlTestSuite.execute(TestNGXmlTestSuite.java:84)
	at org.apache.maven.surefire.testng.TestNGProvider.invoke(TestNGProvider.java:92)
	at org.apache.maven.surefire.booter.ForkedBooter.invokeProviderInSameClassLoader(ForkedBooter.java:200)
	at org.apache.maven.surefire.booter.ForkedBooter.runSuitesInProcess(ForkedBooter.java:153)
	at org.apache.maven.surefire.booter.ForkedBooter.main(ForkedBooter.java:103)

dbloc=https://test.
exceldbloc Location=/var/lib/jenkins/jobs/Genesis_API_Automation/workspace/src/test/resources/files/ConfigSheet.xlsx
exceldbloc=/var/lib/jenkins/jobs/Genesis_API_Automation/workspace/src/test/resources/files/ConfigSheet.xlsx
Page Name=login
]]></system-out>
    <system-err><![CDATA[com.codoid.products.exception.FilloException: Workbook is not found - /var/lib/jenkins/jobs/Genesis_API_Automation/workspace/src/test/resources/files/ConfigSheet.xlsx
	at com.codoid.products.fillo.Fillo.getConnection(Fillo.java:45)
	at com.dw.api.automation.libs.FilloExcelUtility.readExcelWithTestName(FilloExcelUtility.java:98)
	at com.dw.api.automation.pagefactory.ApiLoginPF.loginAsBAM(ApiLoginPF.java:99)
	at com.dw.api.automation.pagefactory.CustomerPF.getCustomerId(CustomerPF.java:98)
	at com.dw.api.automation.TestScripts.PlaceOrderWithVatTest.getCustomerId(PlaceOrderWithVatTest.java:138)
	at sun.reflect.NativeMethodAccessorImpl.invoke0(Native Method)
	at sun.reflect.NativeMethodAccessorImpl.invoke(Unknown Source)
	at sun.reflect.DelegatingMethodAccessorImpl.invoke(Unknown Source)
	at java.lang.reflect.Method.invoke(Unknown Source)
	at org.testng.internal.MethodInvocationHelper.invokeMethod(MethodInvocationHelper.java:85)
	at org.testng.internal.Invoker.invokeMethod(Invoker.java:639)
	at org.testng.internal.Invoker.invokeTestMethod(Invoker.java:816)
	at org.testng.internal.Invoker.invokeTestMethods(Invoker.java:1124)
	at org.testng.internal.TestMethodWorker.invokeTestMethods(TestMethodWorker.java:125)
	at org.testng.internal.TestMethodWorker.run(TestMethodWorker.java:108)
	at org.testng.TestRunner.privateRun(TestRunner.java:774)
	at org.testng.TestRunner.run(TestRunner.java:624)
	at org.testng.SuiteRunner.runTest(SuiteRunner.java:359)
	at org.testng.SuiteRunner.runSequentially(SuiteRunner.java:354)
	at org.testng.SuiteRunner.privateRun(SuiteRunner.java:312)
	at org.testng.SuiteRunner.run(SuiteRunner.java:261)
	at org.testng.SuiteRunnerWorker.runSuite(SuiteRunnerWorker.java:52)
	at org.testng.SuiteRunnerWorker.run(SuiteRunnerWorker.java:86)
	at org.testng.TestNG.runSuitesSequentially(TestNG.java:1215)
	at org.testng.TestNG.runSuitesLocally(TestNG.java:1140)
	at org.testng.TestNG.run(TestNG.java:1048)
	at org.apache.maven.surefire.testng.TestNGExecutor.run(TestNGExecutor.java:217)
	at org.apache.maven.surefire.testng.TestNGXmlTestSuite.execute(TestNGXmlTestSuite.java:84)
	at org.apache.maven.surefire.testng.TestNGProvider.invoke(TestNGProvider.java:92)
	at org.apache.maven.surefire.booter.ForkedBooter.invokeProviderInSameClassLoader(ForkedBooter.java:200)
	at org.apache.maven.surefire.booter.ForkedBooter.runSuitesInProcess(ForkedBooter.java:153)
	at org.apache.maven.surefire.booter.ForkedBooter.main(ForkedBooter.java:103)
]]></system-err>
  </testcase>
  <testcase name="approveNewCustomerFromBam" classname="com.dw.api.automation.TestScripts.PlaceOrderWithVatTest" time="0.004">
    <failure type="java.lang.NullPointerException:">java.lang.NullPointerException: null
	at com.dw.api.automation.libs.FilloExcelUtility.readExcelWithTestName(FilloExcelUtility.java:109)
	at com.dw.api.automation.pagefactory.ApiLoginPF.loginAsBAM(ApiLoginPF.java:99)
	at com.dw.api.automation.pagefactory.CustomerPF.approveNewCustomerFromBam(CustomerPF.java:133)
	at com.dw.api.automation.TestScripts.PlaceOrderWithVatTest.approveNewCustomerFromBam(PlaceOrderWithVatTest.java:148)
</failure>
    <system-out><![CDATA[java.lang.NullPointerException
	at com.dw.api.automation.libs.FilloExcelUtility.readExcelWithTestName(FilloExcelUtility.java:109)
	at com.dw.api.automation.pagefactory.ApiLoginPF.loginAsBAM(ApiLoginPF.java:99)
	at com.dw.api.automation.pagefactory.CustomerPF.getCustomerId(CustomerPF.java:98)
	at com.dw.api.automation.TestScripts.PlaceOrderWithVatTest.getCustomerId(PlaceOrderWithVatTest.java:138)
	at sun.reflect.NativeMethodAccessorImpl.invoke0(Native Method)
	at sun.reflect.NativeMethodAccessorImpl.invoke(Unknown Source)
	at sun.reflect.DelegatingMethodAccessorImpl.invoke(Unknown Source)
	at java.lang.reflect.Method.invoke(Unknown Source)
	at org.testng.internal.MethodInvocationHelper.invokeMethod(MethodInvocationHelper.java:85)
	at org.testng.internal.Invoker.invokeMethod(Invoker.java:639)
	at org.testng.internal.Invoker.invokeTestMethod(Invoker.java:816)
	at org.testng.internal.Invoker.invokeTestMethods(Invoker.java:1124)
	at org.testng.internal.TestMethodWorker.invokeTestMethods(TestMethodWorker.java:125)
	at org.testng.internal.TestMethodWorker.run(TestMethodWorker.java:108)
	at org.testng.TestRunner.privateRun(TestRunner.java:774)
	at org.testng.TestRunner.run(TestRunner.java:624)
	at org.testng.SuiteRunner.runTest(SuiteRunner.java:359)
	at org.testng.SuiteRunner.runSequentially(SuiteRunner.java:354)
	at org.testng.SuiteRunner.privateRun(SuiteRunner.java:312)
	at org.testng.SuiteRunner.run(SuiteRunner.java:261)
	at org.testng.SuiteRunnerWorker.runSuite(SuiteRunnerWorker.java:52)
	at org.testng.SuiteRunnerWorker.run(SuiteRunnerWorker.java:86)
	at org.testng.TestNG.runSuitesSequentially(TestNG.java:1215)
	at org.testng.TestNG.runSuitesLocally(TestNG.java:1140)
	at org.testng.TestNG.run(TestNG.java:1048)
	at org.apache.maven.surefire.testng.TestNGExecutor.run(TestNGExecutor.java:217)
	at org.apache.maven.surefire.testng.TestNGXmlTestSuite.execute(TestNGXmlTestSuite.java:84)
	at org.apache.maven.surefire.testng.TestNGProvider.invoke(TestNGProvider.java:92)
	at org.apache.maven.surefire.booter.ForkedBooter.invokeProviderInSameClassLoader(ForkedBooter.java:200)
	at org.apache.maven.surefire.booter.ForkedBooter.runSuitesInProcess(ForkedBooter.java:153)
	at org.apache.maven.surefire.booter.ForkedBooter.main(ForkedBooter.java:103)

dbloc=https://test.
exceldbloc Location=/var/lib/jenkins/jobs/Genesis_API_Automation/workspace/src/test/resources/files/ConfigSheet.xlsx
exceldbloc=/var/lib/jenkins/jobs/Genesis_API_Automation/workspace/src/test/resources/files/ConfigSheet.xlsx
Page Name=login
]]></system-out>
    <system-err><![CDATA[com.codoid.products.exception.FilloException: Workbook is not found - /var/lib/jenkins/jobs/Genesis_API_Automation/workspace/src/test/resources/files/ConfigSheet.xlsx
	at com.codoid.products.fillo.Fillo.getConnection(Fillo.java:45)
	at com.dw.api.automation.libs.FilloExcelUtility.readExcelWithTestName(FilloExcelUtility.java:98)
	at com.dw.api.automation.pagefactory.ApiLoginPF.loginAsBAM(ApiLoginPF.java:99)
	at com.dw.api.automation.pagefactory.CustomerPF.approveNewCustomerFromBam(CustomerPF.java:133)
	at com.dw.api.automation.TestScripts.PlaceOrderWithVatTest.approveNewCustomerFromBam(PlaceOrderWithVatTest.java:148)
	at sun.reflect.NativeMethodAccessorImpl.invoke0(Native Method)
	at sun.reflect.NativeMethodAccessorImpl.invoke(Unknown Source)
	at sun.reflect.DelegatingMethodAccessorImpl.invoke(Unknown Source)
	at java.lang.reflect.Method.invoke(Unknown Source)
	at org.testng.internal.MethodInvocationHelper.invokeMethod(MethodInvocationHelper.java:85)
	at org.testng.internal.Invoker.invokeMethod(Invoker.java:639)
	at org.testng.internal.Invoker.invokeTestMethod(Invoker.java:816)
	at org.testng.internal.Invoker.invokeTestMethods(Invoker.java:1124)
	at org.testng.internal.TestMethodWorker.invokeTestMethods(TestMethodWorker.java:125)
	at org.testng.internal.TestMethodWorker.run(TestMethodWorker.java:108)
	at org.testng.TestRunner.privateRun(TestRunner.java:774)
	at org.testng.TestRunner.run(TestRunner.java:624)
	at org.testng.SuiteRunner.runTest(SuiteRunner.java:359)
	at org.testng.SuiteRunner.runSequentially(SuiteRunner.java:354)
	at org.testng.SuiteRunner.privateRun(SuiteRunner.java:312)
	at org.testng.SuiteRunner.run(SuiteRunner.java:261)
	at org.testng.SuiteRunnerWorker.runSuite(SuiteRunnerWorker.java:52)
	at org.testng.SuiteRunnerWorker.run(SuiteRunnerWorker.java:86)
	at org.testng.TestNG.runSuitesSequentially(TestNG.java:1215)
	at org.testng.TestNG.runSuitesLocally(TestNG.java:1140)
	at org.testng.TestNG.run(TestNG.java:1048)
	at org.apache.maven.surefire.testng.TestNGExecutor.run(TestNGExecutor.java:217)
	at org.apache.maven.surefire.testng.TestNGXmlTestSuite.execute(TestNGXmlTestSuite.java:84)
	at org.apache.maven.surefire.testng.TestNGProvider.invoke(TestNGProvider.java:92)
	at org.apache.maven.surefire.booter.ForkedBooter.invokeProviderInSameClassLoader(ForkedBooter.java:200)
	at org.apache.maven.surefire.booter.ForkedBooter.runSuitesInProcess(ForkedBooter.java:153)
	at org.apache.maven.surefire.booter.ForkedBooter.main(ForkedBooter.java:103)
]]></system-err>
  </testcase>
  <testcase name="addBaseProductWithTwoLicenses" classname="com.dw.api.automation.TestScripts.PlaceOrderWithVatTest" time="0.005">
    <failure type="java.lang.NullPointerException:">java.lang.NullPointerException: null
	at com.dw.api.automation.libs.FilloExcelUtility.readExcelWithTestName(FilloExcelUtility.java:109)
	at com.dw.api.automation.pagefactory.ApiLoginPF.loginAsPM(ApiLoginPF.java:50)
	at com.dw.api.automation.pagefactory.MarketPlaceAndContractManagementPF.addBaseProductWithTwoLicenses(MarketPlaceAndContractManagementPF.java:26)
	at com.dw.api.automation.TestScripts.PlaceOrderWithVatTest.addBaseProductWithTwoLicenses(PlaceOrderWithVatTest.java:157)
</failure>
    <system-out><![CDATA[java.lang.NullPointerException
	at com.dw.api.automation.libs.FilloExcelUtility.readExcelWithTestName(FilloExcelUtility.java:109)
	at com.dw.api.automation.pagefactory.ApiLoginPF.loginAsBAM(ApiLoginPF.java:99)
	at com.dw.api.automation.pagefactory.CustomerPF.approveNewCustomerFromBam(CustomerPF.java:133)
	at com.dw.api.automation.TestScripts.PlaceOrderWithVatTest.approveNewCustomerFromBam(PlaceOrderWithVatTest.java:148)
	at sun.reflect.NativeMethodAccessorImpl.invoke0(Native Method)
	at sun.reflect.NativeMethodAccessorImpl.invoke(Unknown Source)
	at sun.reflect.DelegatingMethodAccessorImpl.invoke(Unknown Source)
	at java.lang.reflect.Method.invoke(Unknown Source)
	at org.testng.internal.MethodInvocationHelper.invokeMethod(MethodInvocationHelper.java:85)
	at org.testng.internal.Invoker.invokeMethod(Invoker.java:639)
	at org.testng.internal.Invoker.invokeTestMethod(Invoker.java:816)
	at org.testng.internal.Invoker.invokeTestMethods(Invoker.java:1124)
	at org.testng.internal.TestMethodWorker.invokeTestMethods(TestMethodWorker.java:125)
	at org.testng.internal.TestMethodWorker.run(TestMethodWorker.java:108)
	at org.testng.TestRunner.privateRun(TestRunner.java:774)
	at org.testng.TestRunner.run(TestRunner.java:624)
	at org.testng.SuiteRunner.runTest(SuiteRunner.java:359)
	at org.testng.SuiteRunner.runSequentially(SuiteRunner.java:354)
	at org.testng.SuiteRunner.privateRun(SuiteRunner.java:312)
	at org.testng.SuiteRunner.run(SuiteRunner.java:261)
	at org.testng.SuiteRunnerWorker.runSuite(SuiteRunnerWorker.java:52)
	at org.testng.SuiteRunnerWorker.run(SuiteRunnerWorker.java:86)
	at org.testng.TestNG.runSuitesSequentially(TestNG.java:1215)
	at org.testng.TestNG.runSuitesLocally(TestNG.java:1140)
	at org.testng.TestNG.run(TestNG.java:1048)
	at org.apache.maven.surefire.testng.TestNGExecutor.run(TestNGExecutor.java:217)
	at org.apache.maven.surefire.testng.TestNGXmlTestSuite.execute(TestNGXmlTestSuite.java:84)
	at org.apache.maven.surefire.testng.TestNGProvider.invoke(TestNGProvider.java:92)
	at org.apache.maven.surefire.booter.ForkedBooter.invokeProviderInSameClassLoader(ForkedBooter.java:200)
	at org.apache.maven.surefire.booter.ForkedBooter.runSuitesInProcess(ForkedBooter.java:153)
	at org.apache.maven.surefire.booter.ForkedBooter.main(ForkedBooter.java:103)

dbloc=https://test.
exceldbloc Location=/var/lib/jenkins/jobs/Genesis_API_Automation/workspace/src/test/resources/files/ConfigSheet.xlsx
exceldbloc=/var/lib/jenkins/jobs/Genesis_API_Automation/workspace/src/test/resources/files/ConfigSheet.xlsx
Page Name=login
]]></system-out>
    <system-err><![CDATA[com.codoid.products.exception.FilloException: Workbook is not found - /var/lib/jenkins/jobs/Genesis_API_Automation/workspace/src/test/resources/files/ConfigSheet.xlsx
	at com.codoid.products.fillo.Fillo.getConnection(Fillo.java:45)
	at com.dw.api.automation.libs.FilloExcelUtility.readExcelWithTestName(FilloExcelUtility.java:98)
	at com.dw.api.automation.pagefactory.ApiLoginPF.loginAsPM(ApiLoginPF.java:50)
	at com.dw.api.automation.pagefactory.MarketPlaceAndContractManagementPF.addBaseProductWithTwoLicenses(MarketPlaceAndContractManagementPF.java:26)
	at com.dw.api.automation.TestScripts.PlaceOrderWithVatTest.addBaseProductWithTwoLicenses(PlaceOrderWithVatTest.java:157)
	at sun.reflect.NativeMethodAccessorImpl.invoke0(Native Method)
	at sun.reflect.NativeMethodAccessorImpl.invoke(Unknown Source)
	at sun.reflect.DelegatingMethodAccessorImpl.invoke(Unknown Source)
	at java.lang.reflect.Method.invoke(Unknown Source)
	at org.testng.internal.MethodInvocationHelper.invokeMethod(MethodInvocationHelper.java:85)
	at org.testng.internal.Invoker.invokeMethod(Invoker.java:639)
	at org.testng.internal.Invoker.invokeTestMethod(Invoker.java:816)
	at org.testng.internal.Invoker.invokeTestMethods(Invoker.java:1124)
	at org.testng.internal.TestMethodWorker.invokeTestMethods(TestMethodWorker.java:125)
	at org.testng.internal.TestMethodWorker.run(TestMethodWorker.java:108)
	at org.testng.TestRunner.privateRun(TestRunner.java:774)
	at org.testng.TestRunner.run(TestRunner.java:624)
	at org.testng.SuiteRunner.runTest(SuiteRunner.java:359)
	at org.testng.SuiteRunner.runSequentially(SuiteRunner.java:354)
	at org.testng.SuiteRunner.privateRun(SuiteRunner.java:312)
	at org.testng.SuiteRunner.run(SuiteRunner.java:261)
	at org.testng.SuiteRunnerWorker.runSuite(SuiteRunnerWorker.java:52)
	at org.testng.SuiteRunnerWorker.run(SuiteRunnerWorker.java:86)
	at org.testng.TestNG.runSuitesSequentially(TestNG.java:1215)
	at org.testng.TestNG.runSuitesLocally(TestNG.java:1140)
	at org.testng.TestNG.run(TestNG.java:1048)
	at org.apache.maven.surefire.testng.TestNGExecutor.run(TestNGExecutor.java:217)
	at org.apache.maven.surefire.testng.TestNGXmlTestSuite.execute(TestNGXmlTestSuite.java:84)
	at org.apache.maven.surefire.testng.TestNGProvider.invoke(TestNGProvider.java:92)
	at org.apache.maven.surefire.booter.ForkedBooter.invokeProviderInSameClassLoader(ForkedBooter.java:200)
	at org.apache.maven.surefire.booter.ForkedBooter.runSuitesInProcess(ForkedBooter.java:153)
	at org.apache.maven.surefire.booter.ForkedBooter.main(ForkedBooter.java:103)
]]></system-err>
  </testcase>
  <testcase name="placeOrder" classname="com.dw.api.automation.TestScripts.PlaceOrderWithVatTest" time="0"/>
  <testcase name="createCoupan" classname="com.dw.api.automation.TestScripts.PlaceOrderWithVatTest" time="0.005">
    <failure type="java.lang.NullPointerException:">java.lang.NullPointerException: null
	at com.dw.api.automation.libs.FilloExcelUtility.readExcelWithTestName(FilloExcelUtility.java:109)
	at com.dw.api.automation.pagefactory.ApiLoginPF.loginAsBAM(ApiLoginPF.java:99)
	at com.dw.api.automation.pagefactory.CoupanPF.createCoupanForBaseProduct(CoupanPF.java:36)
	at com.dw.api.automation.TestScripts.PlaceOrderWithVatTest.createCoupan(PlaceOrderWithVatTest.java:182)
</failure>
    <system-out><![CDATA[testNameColom=PlaceOrderWithVatTest
dbloc=https://test.
exceldbloc Location=/var/lib/jenkins/jobs/Genesis_API_Automation/workspace/src/test/resources/files/ConfigSheet.xlsx
exceldbloc=/var/lib/jenkins/jobs/Genesis_API_Automation/workspace/src/test/resources/files/ConfigSheet.xlsx
Page Name=login
]]></system-out>
    <system-err><![CDATA[com.codoid.products.exception.FilloException: Workbook is not found - /var/lib/jenkins/jobs/Genesis_API_Automation/workspace/src/test/resources/files/ConfigSheet.xlsx
	at com.codoid.products.fillo.Fillo.getConnection(Fillo.java:45)
	at com.dw.api.automation.libs.FilloExcelUtility.readExcelWithTestName(FilloExcelUtility.java:98)
	at com.dw.api.automation.pagefactory.ApiLoginPF.loginAsBAM(ApiLoginPF.java:99)
	at com.dw.api.automation.pagefactory.CoupanPF.createCoupanForBaseProduct(CoupanPF.java:36)
	at com.dw.api.automation.TestScripts.PlaceOrderWithVatTest.createCoupan(PlaceOrderWithVatTest.java:182)
	at sun.reflect.NativeMethodAccessorImpl.invoke0(Native Method)
	at sun.reflect.NativeMethodAccessorImpl.invoke(Unknown Source)
	at sun.reflect.DelegatingMethodAccessorImpl.invoke(Unknown Source)
	at java.lang.reflect.Method.invoke(Unknown Source)
	at org.testng.internal.MethodInvocationHelper.invokeMethod(MethodInvocationHelper.java:85)
	at org.testng.internal.Invoker.invokeMethod(Invoker.java:639)
	at org.testng.internal.Invoker.invokeTestMethod(Invoker.java:816)
	at org.testng.internal.Invoker.invokeTestMethods(Invoker.java:1124)
	at org.testng.internal.TestMethodWorker.invokeTestMethods(TestMethodWorker.java:125)
	at org.testng.internal.TestMethodWorker.run(TestMethodWorker.java:108)
	at org.testng.TestRunner.privateRun(TestRunner.java:774)
	at org.testng.TestRunner.run(TestRunner.java:624)
	at org.testng.SuiteRunner.runTest(SuiteRunner.java:359)
	at org.testng.SuiteRunner.runSequentially(SuiteRunner.java:354)
	at org.testng.SuiteRunner.privateRun(SuiteRunner.java:312)
	at org.testng.SuiteRunner.run(SuiteRunner.java:261)
	at org.testng.SuiteRunnerWorker.runSuite(SuiteRunnerWorker.java:52)
	at org.testng.SuiteRunnerWorker.run(SuiteRunnerWorker.java:86)
	at org.testng.TestNG.runSuitesSequentially(TestNG.java:1215)
	at org.testng.TestNG.runSuitesLocally(TestNG.java:1140)
	at org.testng.TestNG.run(TestNG.java:1048)
	at org.apache.maven.surefire.testng.TestNGExecutor.run(TestNGExecutor.java:217)
	at org.apache.maven.surefire.testng.TestNGXmlTestSuite.execute(TestNGXmlTestSuite.java:84)
	at org.apache.maven.surefire.testng.TestNGProvider.invoke(TestNGProvider.java:92)
	at org.apache.maven.surefire.booter.ForkedBooter.invokeProviderInSameClassLoader(ForkedBooter.java:200)
	at org.apache.maven.surefire.booter.ForkedBooter.runSuitesInProcess(ForkedBooter.java:153)
	at org.apache.maven.surefire.booter.ForkedBooter.main(ForkedBooter.java:103)
]]></system-err>
  </testcase>
</testsuite>