<?xml version="1.0" encoding="UTF-8"?>
<!-- Generated by org.testng.reporters.JUnitReportReporter -->
<testsuite hostname="RLE0210" name="com.dw.api.automation.steps.addNewBusinessService" tests="1" failures="0" timestamp="15 Mar 2018 12:57:19 GMT" time="3.159" errors="0">
  <testcase name="login_to_application" time="3.159" classname="com.dw.api.automation.steps.addNewBusinessService"/>
</testsuite> <!-- com.dw.api.automation.steps.addNewBusinessService -->
