<?xml version="1.0" encoding="UTF-8"?>
<!-- Generated by org.testng.reporters.JUnitReportReporter -->
<testsuite hostname="RLE0210" name="com.cc.api.automation.steps.AddNewBusinessService" tests="2" failures="0" timestamp="3 Apr 2018 08:50:13 GMT" time="2.764" errors="0">
  <testcase name="login_to_application" time="2.336" classname="com.cc.api.automation.steps.AddNewBusinessService"/>
  <testcase name="addNewBusinessService" time="0.428" classname="com.cc.api.automation.steps.AddNewBusinessService"/>
</testsuite> <!-- com.cc.api.automation.steps.AddNewBusinessService -->
