<?xml version="1.0" encoding="UTF-8"?>
<!-- Generated by org.testng.reporters.JUnitReportReporter -->
<testsuite hostname="RLE0210" name="com.cc.api.automation.steps.TestClass" tests="1" failures="0" timestamp="21 Mar 2018 09:46:38 GMT" time="0.401" errors="0">
  <testcase name="login_to_application" time="0.401" classname="com.cc.api.automation.steps.TestClass"/>
</testsuite> <!-- com.cc.api.automation.steps.TestClass -->
