<?xml version="1.0" encoding="UTF-8"?>
<!-- Generated by org.testng.reporters.JUnitReportReporter -->
<testsuite hostname="RLE0210" name="com.cc.api.automation.steps.AddNewBusinessService" tests="2" failures="0" timestamp="3 Apr 2018 07:47:01 GMT" time="4.143" errors="0">
  <testcase name="login_to_application" time="2.819" classname="com.cc.api.automation.steps.AddNewBusinessService"/>
  <testcase name="addNewBusinessService" time="1.324" classname="com.cc.api.automation.steps.AddNewBusinessService"/>
</testsuite> <!-- com.cc.api.automation.steps.AddNewBusinessService -->
