<?xml version="1.0" encoding="UTF-8"?>
<!-- Generated by org.testng.reporters.JUnitReportReporter -->
<testsuite hostname="RLE0210" name="com.cc.api.automation.steps.LoginCommandCenter" tests="1" failures="0" timestamp="27 Mar 2018 05:14:31 GMT" time="0.616" errors="0">
  <testcase name="login_to_application" time="0.616" classname="com.cc.api.automation.steps.LoginCommandCenter"/>
</testsuite> <!-- com.cc.api.automation.steps.LoginCommandCenter -->
